{"E:\\Paulo ML\\projeto-sass\\backend\\logger.js": {"path":"E:\\Paulo ML\\projeto-sass\\backend\\logger.js","statementMap":{"0":{"start":{"line":6,"column":13},"end":{"line":6,"column":28}},"1":{"start":{"line":7,"column":13},"end":{"line":7,"column":28}},"2":{"start":{"line":9,"column":22},"end":{"line":9,"column":60}},"3":{"start":{"line":10,"column":21},"end":{"line":10,"column":58}},"4":{"start":{"line":13,"column":19},"end":{"line":28,"column":1}},"5":{"start":{"line":31,"column":22},"end":{"line":39,"column":13}},"6":{"start":{"line":42,"column":15},"end":{"line":42,"column":46}},"7":{"start":{"line":49,"column":4},"end":{"line":49,"column":27}},"8":{"start":{"line":50,"column":4},"end":{"line":50,"column":44}},"9":{"start":{"line":54,"column":4},"end":{"line":54,"column":37}},"10":{"start":{"line":58,"column":4},"end":{"line":58,"column":36}},"11":{"start":{"line":62,"column":4},"end":{"line":62,"column":36}},"12":{"start":{"line":66,"column":4},"end":{"line":66,"column":37}},"13":{"start":{"line":73,"column":17},"end":{"line":81,"column":5}},"14":{"start":{"line":83,"column":4},"end":{"line":89,"column":5}},"15":{"start":{"line":84,"column":6},"end":{"line":84,"column":72}},"16":{"start":{"line":85,"column":11},"end":{"line":89,"column":5}},"17":{"start":{"line":86,"column":6},"end":{"line":86,"column":71}},"18":{"start":{"line":88,"column":6},"end":{"line":88,"column":71}},"19":{"start":{"line":96,"column":17},"end":{"line":103,"column":5}},"20":{"start":{"line":105,"column":4},"end":{"line":105,"column":56}},"21":{"start":{"line":112,"column":17},"end":{"line":116,"column":5}},"22":{"start":{"line":118,"column":4},"end":{"line":124,"column":5}},"23":{"start":{"line":119,"column":6},"end":{"line":119,"column":63}},"24":{"start":{"line":120,"column":11},"end":{"line":124,"column":5}},"25":{"start":{"line":121,"column":6},"end":{"line":121,"column":63}},"26":{"start":{"line":122,"column":11},"end":{"line":124,"column":5}},"27":{"start":{"line":123,"column":6},"end":{"line":123,"column":65}},"28":{"start":{"line":131,"column":17},"end":{"line":136,"column":5}},"29":{"start":{"line":138,"column":4},"end":{"line":142,"column":5}},"30":{"start":{"line":139,"column":6},"end":{"line":139,"column":64}},"31":{"start":{"line":141,"column":6},"end":{"line":141,"column":67}},"32":{"start":{"line":147,"column":0},"end":{"line":147,"column":35}},"33":{"start":{"line":148,"column":0},"end":{"line":148,"column":31}}},"fnMap":{"0":{"name":"(anonymous_0)","decl":{"start":{"line":48,"column":2},"end":{"line":48,"column":3}},"loc":{"start":{"line":48,"column":31},"end":{"line":51,"column":3}},"line":48},"1":{"name":"(anonymous_1)","decl":{"start":{"line":53,"column":2},"end":{"line":53,"column":3}},"loc":{"start":{"line":53,"column":28},"end":{"line":55,"column":3}},"line":53},"2":{"name":"(anonymous_2)","decl":{"start":{"line":57,"column":2},"end":{"line":57,"column":3}},"loc":{"start":{"line":57,"column":27},"end":{"line":59,"column":3}},"line":57},"3":{"name":"(anonymous_3)","decl":{"start":{"line":61,"column":2},"end":{"line":61,"column":3}},"loc":{"start":{"line":61,"column":27},"end":{"line":63,"column":3}},"line":61},"4":{"name":"(anonymous_4)","decl":{"start":{"line":65,"column":2},"end":{"line":65,"column":3}},"loc":{"start":{"line":65,"column":28},"end":{"line":67,"column":3}},"line":65},"5":{"name":"(anonymous_5)","decl":{"start":{"line":72,"column":2},"end":{"line":72,"column":3}},"loc":{"start":{"line":72,"column":33},"end":{"line":90,"column":3}},"line":72},"6":{"name":"(anonymous_6)","decl":{"start":{"line":95,"column":2},"end":{"line":95,"column":3}},"loc":{"start":{"line":95,"column":32},"end":{"line":106,"column":3}},"line":95},"7":{"name":"(anonymous_7)","decl":{"start":{"line":111,"column":2},"end":{"line":111,"column":3}},"loc":{"start":{"line":111,"column":43},"end":{"line":125,"column":3}},"line":111},"8":{"name":"(anonymous_8)","decl":{"start":{"line":130,"column":2},"end":{"line":130,"column":3}},"loc":{"start":{"line":130,"column":54},"end":{"line":143,"column":3}},"line":130}},"branchMap":{"0":{"loc":{"start":{"line":14,"column":9},"end":{"line":14,"column":67}},"type":"binary-expr","locations":[{"start":{"line":14,"column":9},"end":{"line":14,"column":30}},{"start":{"line":14,"column":35},"end":{"line":14,"column":66}}],"line":14},"1":{"loc":{"start":{"line":14,"column":35},"end":{"line":14,"column":66}},"type":"cond-expr","locations":[{"start":{"line":14,"column":50},"end":{"line":14,"column":56}},{"start":{"line":14,"column":59},"end":{"line":14,"column":66}}],"line":14},"2":{"loc":{"start":{"line":31,"column":22},"end":{"line":39,"column":13}},"type":"cond-expr","locations":[{"start":{"line":31,"column":38},"end":{"line":39,"column":1}},{"start":{"line":39,"column":4},"end":{"line":39,"column":13}}],"line":31},"3":{"loc":{"start":{"line":48,"column":14},"end":{"line":48,"column":29}},"type":"default-arg","locations":[{"start":{"line":48,"column":24},"end":{"line":48,"column":29}}],"line":48},"4":{"loc":{"start":{"line":53,"column":17},"end":{"line":53,"column":26}},"type":"default-arg","locations":[{"start":{"line":53,"column":24},"end":{"line":53,"column":26}}],"line":53},"5":{"loc":{"start":{"line":57,"column":16},"end":{"line":57,"column":25}},"type":"default-arg","locations":[{"start":{"line":57,"column":23},"end":{"line":57,"column":25}}],"line":57},"6":{"loc":{"start":{"line":61,"column":16},"end":{"line":61,"column":25}},"type":"default-arg","locations":[{"start":{"line":61,"column":23},"end":{"line":61,"column":25}}],"line":61},"7":{"loc":{"start":{"line":65,"column":17},"end":{"line":65,"column":26}},"type":"default-arg","locations":[{"start":{"line":65,"column":24},"end":{"line":65,"column":26}}],"line":65},"8":{"loc":{"start":{"line":83,"column":4},"end":{"line":89,"column":5}},"type":"if","locations":[{"start":{"line":83,"column":4},"end":{"line":89,"column":5}},{"start":{"line":85,"column":11},"end":{"line":89,"column":5}}],"line":83},"9":{"loc":{"start":{"line":85,"column":11},"end":{"line":89,"column":5}},"type":"if","locations":[{"start":{"line":85,"column":11},"end":{"line":89,"column":5}},{"start":{"line":87,"column":11},"end":{"line":89,"column":5}}],"line":85},"10":{"loc":{"start":{"line":95,"column":18},"end":{"line":95,"column":30}},"type":"default-arg","locations":[{"start":{"line":95,"column":28},"end":{"line":95,"column":30}}],"line":95},"11":{"loc":{"start":{"line":111,"column":29},"end":{"line":111,"column":41}},"type":"default-arg","locations":[{"start":{"line":111,"column":39},"end":{"line":111,"column":41}}],"line":111},"12":{"loc":{"start":{"line":118,"column":4},"end":{"line":124,"column":5}},"type":"if","locations":[{"start":{"line":118,"column":4},"end":{"line":124,"column":5}},{"start":{"line":120,"column":11},"end":{"line":124,"column":5}}],"line":118},"13":{"loc":{"start":{"line":120,"column":11},"end":{"line":124,"column":5}},"type":"if","locations":[{"start":{"line":120,"column":11},"end":{"line":124,"column":5}},{"start":{"line":122,"column":11},"end":{"line":124,"column":5}}],"line":120},"14":{"loc":{"start":{"line":122,"column":11},"end":{"line":124,"column":5}},"type":"if","locations":[{"start":{"line":122,"column":11},"end":{"line":124,"column":5}},{"start":{},"end":{}}],"line":122},"15":{"loc":{"start":{"line":130,"column":40},"end":{"line":130,"column":52}},"type":"default-arg","locations":[{"start":{"line":130,"column":50},"end":{"line":130,"column":52}}],"line":130},"16":{"loc":{"start":{"line":138,"column":4},"end":{"line":142,"column":5}},"type":"if","locations":[{"start":{"line":138,"column":4},"end":{"line":142,"column":5}},{"start":{"line":140,"column":11},"end":{"line":142,"column":5}}],"line":138}},"s":{"0":0,"1":0,"2":0,"3":0,"4":0,"5":0,"6":0,"7":0,"8":0,"9":0,"10":0,"11":0,"12":0,"13":0,"14":0,"15":0,"16":0,"17":0,"18":0,"19":0,"20":0,"21":0,"22":0,"23":0,"24":0,"25":0,"26":0,"27":0,"28":0,"29":0,"30":0,"31":0,"32":0,"33":0},"f":{"0":0,"1":0,"2":0,"3":0,"4":0,"5":0,"6":0,"7":0,"8":0},"b":{"0":[0,0],"1":[0,0],"2":[0,0],"3":[0],"4":[0],"5":[0],"6":[0],"7":[0],"8":[0,0],"9":[0,0],"10":[0],"11":[0],"12":[0,0],"13":[0,0],"14":[0,0],"15":[0],"16":[0,0]},"inputSourceMap":null}
,"E:\\Paulo ML\\projeto-sass\\backend\\server-old.js": {"path":"E:\\Paulo ML\\projeto-sass\\backend\\server-old.js","statementMap":{"0":{"start":{"line":6,"column":16},"end":{"line":6,"column":34}},"1":{"start":{"line":7,"column":13},"end":{"line":7,"column":28}},"2":{"start":{"line":8,"column":15},"end":{"line":8,"column":32}},"3":{"start":{"line":9,"column":13},"end":{"line":9,"column":28}},"4":{"start":{"line":10,"column":11},"end":{"line":10,"column":24}},"5":{"start":{"line":11,"column":13},"end":{"line":11,"column":28}},"6":{"start":{"line":12,"column":18},"end":{"line":12,"column":31}},"7":{"start":{"line":15,"column":0},"end":{"line":15,"column":54}},"8":{"start":{"line":18,"column":12},"end":{"line":18,"column":21}},"9":{"start":{"line":19,"column":13},"end":{"line":19,"column":37}},"10":{"start":{"line":20,"column":17},"end":{"line":20,"column":54}},"11":{"start":{"line":23,"column":15},"end":{"line":23,"column":37}},"12":{"start":{"line":24,"column":12},"end":{"line":24,"column":57}},"13":{"start":{"line":31,"column":20},"end":{"line":36,"column":1}},"14":{"start":{"line":38,"column":0},"end":{"line":38,"column":27}},"15":{"start":{"line":39,"column":0},"end":{"line":39,"column":24}},"16":{"start":{"line":40,"column":0},"end":{"line":40,"column":48}},"17":{"start":{"line":43,"column":0},"end":{"line":47,"column":3}},"18":{"start":{"line":44,"column":20},"end":{"line":44,"column":44}},"19":{"start":{"line":45,"column":2},"end":{"line":45,"column":58}},"20":{"start":{"line":46,"column":2},"end":{"line":46,"column":9}},"21":{"start":{"line":54,"column":19},"end":{"line":54,"column":43}},"22":{"start":{"line":55,"column":22},"end":{"line":55,"column":50}},"23":{"start":{"line":56,"column":22},"end":{"line":56,"column":50}},"24":{"start":{"line":57,"column":19},"end":{"line":57,"column":43}},"25":{"start":{"line":60,"column":0},"end":{"line":60,"column":33}},"26":{"start":{"line":61,"column":0},"end":{"line":61,"column":40}},"27":{"start":{"line":62,"column":0},"end":{"line":62,"column":40}},"28":{"start":{"line":63,"column":0},"end":{"line":63,"column":33}},"29":{"start":{"line":66,"column":0},"end":{"line":72,"column":3}},"30":{"start":{"line":67,"column":2},"end":{"line":71,"column":5}},"31":{"start":{"line":78,"column":25},"end":{"line":78,"column":34}},"32":{"start":{"line":80,"column":0},"end":{"line":115,"column":3}},"33":{"start":{"line":81,"column":2},"end":{"line":81,"column":44}},"34":{"start":{"line":82,"column":2},"end":{"line":82,"column":27}},"35":{"start":{"line":84,"column":2},"end":{"line":105,"column":5}},"36":{"start":{"line":85,"column":4},"end":{"line":104,"column":5}},"37":{"start":{"line":86,"column":19},"end":{"line":86,"column":38}},"38":{"start":{"line":87,"column":6},"end":{"line":87,"column":51}},"39":{"start":{"line":90,"column":6},"end":{"line":101,"column":7}},"40":{"start":{"line":92,"column":10},"end":{"line":92,"column":89}},"41":{"start":{"line":93,"column":10},"end":{"line":93,"column":16}},"42":{"start":{"line":96,"column":10},"end":{"line":96,"column":40}},"43":{"start":{"line":97,"column":10},"end":{"line":97,"column":85}},"44":{"start":{"line":98,"column":10},"end":{"line":98,"column":16}},"45":{"start":{"line":100,"column":10},"end":{"line":100,"column":58}},"46":{"start":{"line":103,"column":6},"end":{"line":103,"column":55}},"47":{"start":{"line":107,"column":2},"end":{"line":110,"column":5}},"48":{"start":{"line":108,"column":4},"end":{"line":108,"column":49}},"49":{"start":{"line":109,"column":4},"end":{"line":109,"column":32}},"50":{"start":{"line":112,"column":2},"end":{"line":114,"column":5}},"51":{"start":{"line":113,"column":4},"end":{"line":113,"column":45}},"52":{"start":{"line":121,"column":2},"end":{"line":125,"column":5}},"53":{"start":{"line":122,"column":4},"end":{"line":124,"column":5}},"54":{"start":{"line":123,"column":6},"end":{"line":123,"column":43}},"55":{"start":{"line":132,"column":2},"end":{"line":141,"column":5}},"56":{"start":{"line":133,"column":4},"end":{"line":140,"column":5}},"57":{"start":{"line":134,"column":6},"end":{"line":139,"column":10}},"58":{"start":{"line":145,"column":0},"end":{"line":145,"column":51}},"59":{"start":{"line":146,"column":0},"end":{"line":146,"column":53}},"60":{"start":{"line":153,"column":0},"end":{"line":159,"column":3}},"61":{"start":{"line":154,"column":2},"end":{"line":158,"column":5}},"62":{"start":{"line":162,"column":0},"end":{"line":172,"column":3}},"63":{"start":{"line":163,"column":2},"end":{"line":163,"column":33}},"64":{"start":{"line":165,"column":21},"end":{"line":165,"column":44}},"65":{"start":{"line":166,"column":18},"end":{"line":166,"column":58}},"66":{"start":{"line":168,"column":2},"end":{"line":171,"column":5}},"67":{"start":{"line":178,"column":0},"end":{"line":197,"column":3}},"68":{"start":{"line":179,"column":2},"end":{"line":196,"column":5}},"69":{"start":{"line":200,"column":0},"end":{"line":206,"column":3}},"70":{"start":{"line":201,"column":2},"end":{"line":201,"column":62}},"71":{"start":{"line":202,"column":2},"end":{"line":205,"column":5}},"72":{"start":{"line":203,"column":4},"end":{"line":203,"column":38}},"73":{"start":{"line":204,"column":4},"end":{"line":204,"column":20}},"74":{"start":{"line":208,"column":0},"end":{"line":214,"column":3}},"75":{"start":{"line":209,"column":2},"end":{"line":209,"column":61}},"76":{"start":{"line":210,"column":2},"end":{"line":213,"column":5}},"77":{"start":{"line":211,"column":4},"end":{"line":211,"column":38}},"78":{"start":{"line":212,"column":4},"end":{"line":212,"column":20}},"79":{"start":{"line":216,"column":0},"end":{"line":216,"column":38}}},"fnMap":{"0":{"name":"(anonymous_0)","decl":{"start":{"line":43,"column":8},"end":{"line":43,"column":9}},"loc":{"start":{"line":43,"column":28},"end":{"line":47,"column":1}},"line":43},"1":{"name":"(anonymous_1)","decl":{"start":{"line":66,"column":19},"end":{"line":66,"column":20}},"loc":{"start":{"line":66,"column":33},"end":{"line":72,"column":1}},"line":66},"2":{"name":"(anonymous_2)","decl":{"start":{"line":80,"column":21},"end":{"line":80,"column":22}},"loc":{"start":{"line":80,"column":29},"end":{"line":115,"column":1}},"line":80},"3":{"name":"(anonymous_3)","decl":{"start":{"line":84,"column":19},"end":{"line":84,"column":20}},"loc":{"start":{"line":84,"column":32},"end":{"line":105,"column":3}},"line":84},"4":{"name":"(anonymous_4)","decl":{"start":{"line":107,"column":17},"end":{"line":107,"column":18}},"loc":{"start":{"line":107,"column":23},"end":{"line":110,"column":3}},"line":107},"5":{"name":"(anonymous_5)","decl":{"start":{"line":112,"column":17},"end":{"line":112,"column":18}},"loc":{"start":{"line":112,"column":28},"end":{"line":114,"column":3}},"line":112},"6":{"name":"broadcastToClients","decl":{"start":{"line":120,"column":9},"end":{"line":120,"column":27}},"loc":{"start":{"line":120,"column":37},"end":{"line":126,"column":1}},"line":120},"7":{"name":"(anonymous_7)","decl":{"start":{"line":121,"column":27},"end":{"line":121,"column":28}},"loc":{"start":{"line":121,"column":39},"end":{"line":125,"column":3}},"line":121},"8":{"name":"notifyAccountUpdate","decl":{"start":{"line":131,"column":9},"end":{"line":131,"column":28}},"loc":{"start":{"line":131,"column":48},"end":{"line":142,"column":1}},"line":131},"9":{"name":"(anonymous_9)","decl":{"start":{"line":132,"column":27},"end":{"line":132,"column":28}},"loc":{"start":{"line":132,"column":39},"end":{"line":141,"column":3}},"line":132},"10":{"name":"(anonymous_10)","decl":{"start":{"line":153,"column":8},"end":{"line":153,"column":9}},"loc":{"start":{"line":153,"column":22},"end":{"line":159,"column":1}},"line":153},"11":{"name":"(anonymous_11)","decl":{"start":{"line":162,"column":8},"end":{"line":162,"column":9}},"loc":{"start":{"line":162,"column":35},"end":{"line":172,"column":1}},"line":162},"12":{"name":"(anonymous_12)","decl":{"start":{"line":178,"column":20},"end":{"line":178,"column":21}},"loc":{"start":{"line":178,"column":26},"end":{"line":197,"column":1}},"line":178},"13":{"name":"(anonymous_13)","decl":{"start":{"line":200,"column":22},"end":{"line":200,"column":23}},"loc":{"start":{"line":200,"column":28},"end":{"line":206,"column":1}},"line":200},"14":{"name":"(anonymous_14)","decl":{"start":{"line":202,"column":15},"end":{"line":202,"column":16}},"loc":{"start":{"line":202,"column":21},"end":{"line":205,"column":3}},"line":202},"15":{"name":"(anonymous_15)","decl":{"start":{"line":208,"column":21},"end":{"line":208,"column":22}},"loc":{"start":{"line":208,"column":27},"end":{"line":214,"column":1}},"line":208},"16":{"name":"(anonymous_16)","decl":{"start":{"line":210,"column":15},"end":{"line":210,"column":16}},"loc":{"start":{"line":210,"column":21},"end":{"line":213,"column":3}},"line":210}},"branchMap":{"0":{"loc":{"start":{"line":19,"column":13},"end":{"line":19,"column":37}},"type":"binary-expr","locations":[{"start":{"line":19,"column":13},"end":{"line":19,"column":29}},{"start":{"line":19,"column":33},"end":{"line":19,"column":37}}],"line":19},"1":{"loc":{"start":{"line":20,"column":17},"end":{"line":20,"column":54}},"type":"binary-expr","locations":[{"start":{"line":20,"column":17},"end":{"line":20,"column":37}},{"start":{"line":20,"column":41},"end":{"line":20,"column":54}}],"line":20},"2":{"loc":{"start":{"line":32,"column":10},"end":{"line":32,"column":61}},"type":"binary-expr","locations":[{"start":{"line":32,"column":10},"end":{"line":32,"column":34}},{"start":{"line":32,"column":38},"end":{"line":32,"column":61}}],"line":32},"3":{"loc":{"start":{"line":90,"column":6},"end":{"line":101,"column":7}},"type":"switch","locations":[{"start":{"line":91,"column":8},"end":{"line":93,"column":16}},{"start":{"line":94,"column":8},"end":{"line":98,"column":16}},{"start":{"line":99,"column":8},"end":{"line":100,"column":58}}],"line":90},"4":{"loc":{"start":{"line":122,"column":4},"end":{"line":124,"column":5}},"type":"if","locations":[{"start":{"line":122,"column":4},"end":{"line":124,"column":5}},{"start":{},"end":{}}],"line":122},"5":{"loc":{"start":{"line":133,"column":4},"end":{"line":140,"column":5}},"type":"if","locations":[{"start":{"line":133,"column":4},"end":{"line":140,"column":5}},{"start":{},"end":{}}],"line":133},"6":{"loc":{"start":{"line":133,"column":8},"end":{"line":133,"column":78}},"type":"binary-expr","locations":[{"start":{"line":133,"column":8},"end":{"line":133,"column":44}},{"start":{"line":133,"column":48},"end":{"line":133,"column":78}}],"line":133},"7":{"loc":{"start":{"line":165,"column":21},"end":{"line":165,"column":44}},"type":"binary-expr","locations":[{"start":{"line":165,"column":21},"end":{"line":165,"column":37}},{"start":{"line":165,"column":41},"end":{"line":165,"column":44}}],"line":165},"8":{"loc":{"start":{"line":166,"column":18},"end":{"line":166,"column":58}},"type":"binary-expr","locations":[{"start":{"line":166,"column":18},"end":{"line":166,"column":31}},{"start":{"line":166,"column":35},"end":{"line":166,"column":58}}],"line":166},"9":{"loc":{"start":{"line":170,"column":8},"end":{"line":170,"column":62}},"type":"binary-expr","locations":[{"start":{"line":170,"column":8},"end":{"line":170,"column":34}},{"start":{"line":170,"column":38},"end":{"line":170,"column":62}}],"line":170}},"s":{"0":0,"1":0,"2":0,"3":0,"4":0,"5":0,"6":0,"7":0,"8":0,"9":0,"10":0,"11":0,"12":0,"13":0,"14":0,"15":0,"16":0,"17":0,"18":0,"19":0,"20":0,"21":0,"22":0,"23":0,"24":0,"25":0,"26":0,"27":0,"28":0,"29":0,"30":0,"31":0,"32":0,"33":0,"34":0,"35":0,"36":0,"37":0,"38":0,"39":0,"40":0,"41":0,"42":0,"43":0,"44":0,"45":0,"46":0,"47":0,"48":0,"49":0,"50":0,"51":0,"52":0,"53":0,"54":0,"55":0,"56":0,"57":0,"58":0,"59":0,"60":0,"61":0,"62":0,"63":0,"64":0,"65":0,"66":0,"67":0,"68":0,"69":0,"70":0,"71":0,"72":0,"73":0,"74":0,"75":0,"76":0,"77":0,"78":0,"79":0},"f":{"0":0,"1":0,"2":0,"3":0,"4":0,"5":0,"6":0,"7":0,"8":0,"9":0,"10":0,"11":0,"12":0,"13":0,"14":0,"15":0,"16":0},"b":{"0":[0,0],"1":[0,0],"2":[0,0],"3":[0,0,0],"4":[0,0],"5":[0,0],"6":[0,0],"7":[0,0],"8":[0,0],"9":[0,0]},"inputSourceMap":null}
,"E:\\Paulo ML\\projeto-sass\\backend\\server.js": {"path":"E:\\Paulo ML\\projeto-sass\\backend\\server.js","statementMap":{"0":{"start":{"line":6,"column":16},"end":{"line":6,"column":34}},"1":{"start":{"line":7,"column":13},"end":{"line":7,"column":28}},"2":{"start":{"line":8,"column":15},"end":{"line":8,"column":32}},"3":{"start":{"line":9,"column":18},"end":{"line":9,"column":47}},"4":{"start":{"line":10,"column":15},"end":{"line":10,"column":32}},"5":{"start":{"line":11,"column":13},"end":{"line":11,"column":28}},"6":{"start":{"line":12,"column":13},"end":{"line":12,"column":28}},"7":{"start":{"line":13,"column":18},"end":{"line":13,"column":31}},"8":{"start":{"line":14,"column":23},"end":{"line":14,"column":38}},"9":{"start":{"line":17,"column":0},"end":{"line":17,"column":54}},"10":{"start":{"line":20,"column":15},"end":{"line":20,"column":34}},"11":{"start":{"line":23,"column":22},"end":{"line":23,"column":45}},"12":{"start":{"line":26,"column":12},"end":{"line":26,"column":21}},"13":{"start":{"line":27,"column":15},"end":{"line":27,"column":37}},"14":{"start":{"line":28,"column":12},"end":{"line":28,"column":57}},"15":{"start":{"line":30,"column":13},"end":{"line":30,"column":37}},"16":{"start":{"line":31,"column":17},"end":{"line":31,"column":54}},"17":{"start":{"line":38,"column":0},"end":{"line":56,"column":4}},"18":{"start":{"line":59,"column":19},"end":{"line":67,"column":2}},"19":{"start":{"line":65,"column":17},"end":{"line":65,"column":42}},"20":{"start":{"line":66,"column":25},"end":{"line":66,"column":63}},"21":{"start":{"line":69,"column":20},"end":{"line":74,"column":2}},"22":{"start":{"line":76,"column":0},"end":{"line":76,"column":29}},"23":{"start":{"line":77,"column":0},"end":{"line":77,"column":35}},"24":{"start":{"line":83,"column":0},"end":{"line":83,"column":41}},"25":{"start":{"line":84,"column":0},"end":{"line":84,"column":63}},"26":{"start":{"line":90,"column":0},"end":{"line":107,"column":3}},"27":{"start":{"line":92,"column":2},"end":{"line":92,"column":20}},"28":{"start":{"line":93,"column":2},"end":{"line":93,"column":29}},"29":{"start":{"line":96,"column":2},"end":{"line":96,"column":62}},"30":{"start":{"line":99,"column":23},"end":{"line":99,"column":31}},"31":{"start":{"line":100,"column":2},"end":{"line":104,"column":4}},"32":{"start":{"line":101,"column":21},"end":{"line":101,"column":47}},"33":{"start":{"line":102,"column":4},"end":{"line":102,"column":46}},"34":{"start":{"line":103,"column":4},"end":{"line":103,"column":41}},"35":{"start":{"line":106,"column":2},"end":{"line":106,"column":9}},"36":{"start":{"line":113,"column":20},"end":{"line":119,"column":1}},"37":{"start":{"line":121,"column":0},"end":{"line":121,"column":27}},"38":{"start":{"line":127,"column":0},"end":{"line":136,"column":3}},"39":{"start":{"line":128,"column":2},"end":{"line":135,"column":5}},"40":{"start":{"line":143,"column":19},"end":{"line":143,"column":43}},"41":{"start":{"line":144,"column":22},"end":{"line":144,"column":50}},"42":{"start":{"line":145,"column":22},"end":{"line":145,"column":50}},"43":{"start":{"line":146,"column":19},"end":{"line":146,"column":43}},"44":{"start":{"line":147,"column":24},"end":{"line":147,"column":55}},"45":{"start":{"line":150,"column":0},"end":{"line":150,"column":33}},"46":{"start":{"line":151,"column":0},"end":{"line":151,"column":40}},"47":{"start":{"line":152,"column":0},"end":{"line":152,"column":40}},"48":{"start":{"line":153,"column":0},"end":{"line":153,"column":33}},"49":{"start":{"line":154,"column":0},"end":{"line":154,"column":45}},"50":{"start":{"line":160,"column":25},"end":{"line":160,"column":34}},"51":{"start":{"line":162,"column":0},"end":{"line":209,"column":3}},"52":{"start":{"line":163,"column":2},"end":{"line":163,"column":19}},"53":{"start":{"line":164,"column":2},"end":{"line":164,"column":32}},"54":{"start":{"line":166,"column":2},"end":{"line":166,"column":54}},"55":{"start":{"line":167,"column":2},"end":{"line":167,"column":27}},"56":{"start":{"line":170,"column":2},"end":{"line":170,"column":20}},"57":{"start":{"line":171,"column":2},"end":{"line":173,"column":5}},"58":{"start":{"line":172,"column":4},"end":{"line":172,"column":22}},"59":{"start":{"line":175,"column":2},"end":{"line":199,"column":5}},"60":{"start":{"line":176,"column":4},"end":{"line":198,"column":5}},"61":{"start":{"line":177,"column":19},"end":{"line":177,"column":38}},"62":{"start":{"line":179,"column":6},"end":{"line":195,"column":7}},"63":{"start":{"line":181,"column":10},"end":{"line":184,"column":14}},"64":{"start":{"line":185,"column":10},"end":{"line":185,"column":16}},"65":{"start":{"line":187,"column":10},"end":{"line":187,"column":40}},"66":{"start":{"line":188,"column":10},"end":{"line":191,"column":14}},"67":{"start":{"line":192,"column":10},"end":{"line":192,"column":16}},"68":{"start":{"line":194,"column":10},"end":{"line":194,"column":71}},"69":{"start":{"line":197,"column":6},"end":{"line":197,"column":73}},"70":{"start":{"line":201,"column":2},"end":{"line":204,"column":5}},"71":{"start":{"line":202,"column":4},"end":{"line":202,"column":59}},"72":{"start":{"line":203,"column":4},"end":{"line":203,"column":32}},"73":{"start":{"line":206,"column":2},"end":{"line":208,"column":5}},"74":{"start":{"line":207,"column":4},"end":{"line":207,"column":80}},"75":{"start":{"line":212,"column":26},"end":{"line":220,"column":9}},"76":{"start":{"line":213,"column":2},"end":{"line":219,"column":5}},"77":{"start":{"line":214,"column":4},"end":{"line":216,"column":5}},"78":{"start":{"line":215,"column":6},"end":{"line":215,"column":28}},"79":{"start":{"line":217,"column":4},"end":{"line":217,"column":23}},"80":{"start":{"line":218,"column":4},"end":{"line":218,"column":14}},"81":{"start":{"line":222,"column":0},"end":{"line":224,"column":3}},"82":{"start":{"line":223,"column":2},"end":{"line":223,"column":35}},"83":{"start":{"line":230,"column":2},"end":{"line":234,"column":5}},"84":{"start":{"line":231,"column":4},"end":{"line":233,"column":5}},"85":{"start":{"line":232,"column":6},"end":{"line":232,"column":43}},"86":{"start":{"line":241,"column":2},"end":{"line":250,"column":5}},"87":{"start":{"line":242,"column":4},"end":{"line":249,"column":5}},"88":{"start":{"line":243,"column":6},"end":{"line":248,"column":10}},"89":{"start":{"line":254,"column":0},"end":{"line":254,"column":51}},"90":{"start":{"line":255,"column":0},"end":{"line":255,"column":53}},"91":{"start":{"line":262,"column":0},"end":{"line":269,"column":3}},"92":{"start":{"line":263,"column":2},"end":{"line":268,"column":5}},"93":{"start":{"line":272,"column":0},"end":{"line":294,"column":3}},"94":{"start":{"line":273,"column":21},"end":{"line":273,"column":44}},"95":{"start":{"line":274,"column":18},"end":{"line":274,"column":58}},"96":{"start":{"line":276,"column":2},"end":{"line":282,"column":5}},"97":{"start":{"line":284,"column":2},"end":{"line":293,"column":5}},"98":{"start":{"line":301,"column":2},"end":{"line":341,"column":3}},"99":{"start":{"line":303,"column":4},"end":{"line":303,"column":22}},"100":{"start":{"line":306,"column":53},"end":{"line":306,"column":87}},"101":{"start":{"line":307,"column":4},"end":{"line":310,"column":7}},"102":{"start":{"line":308,"column":6},"end":{"line":308,"column":90}},"103":{"start":{"line":313,"column":4},"end":{"line":336,"column":7}},"104":{"start":{"line":314,"column":6},"end":{"line":314,"column":88}},"105":{"start":{"line":315,"column":6},"end":{"line":315,"column":88}},"106":{"start":{"line":316,"column":6},"end":{"line":316,"column":87}},"107":{"start":{"line":317,"column":6},"end":{"line":317,"column":107}},"108":{"start":{"line":318,"column":6},"end":{"line":318,"column":66}},"109":{"start":{"line":319,"column":6},"end":{"line":319,"column":87}},"110":{"start":{"line":320,"column":6},"end":{"line":320,"column":87}},"111":{"start":{"line":321,"column":6},"end":{"line":321,"column":88}},"112":{"start":{"line":322,"column":6},"end":{"line":322,"column":87}},"113":{"start":{"line":323,"column":6},"end":{"line":323,"column":87}},"114":{"start":{"line":324,"column":6},"end":{"line":324,"column":87}},"115":{"start":{"line":325,"column":6},"end":{"line":325,"column":87}},"116":{"start":{"line":326,"column":6},"end":{"line":326,"column":87}},"117":{"start":{"line":327,"column":6},"end":{"line":327,"column":87}},"118":{"start":{"line":328,"column":6},"end":{"line":328,"column":87}},"119":{"start":{"line":329,"column":6},"end":{"line":329,"column":88}},"120":{"start":{"line":330,"column":6},"end":{"line":330,"column":87}},"121":{"start":{"line":331,"column":6},"end":{"line":331,"column":87}},"122":{"start":{"line":332,"column":6},"end":{"line":332,"column":87}},"123":{"start":{"line":333,"column":6},"end":{"line":333,"column":87}},"124":{"start":{"line":334,"column":6},"end":{"line":334,"column":88}},"125":{"start":{"line":335,"column":6},"end":{"line":335,"column":88}},"126":{"start":{"line":339,"column":4},"end":{"line":339,"column":70}},"127":{"start":{"line":340,"column":4},"end":{"line":340,"column":20}},"128":{"start":{"line":345,"column":0},"end":{"line":358,"column":3}},"129":{"start":{"line":346,"column":2},"end":{"line":346,"column":62}},"130":{"start":{"line":347,"column":2},"end":{"line":351,"column":5}},"131":{"start":{"line":348,"column":4},"end":{"line":348,"column":38}},"132":{"start":{"line":349,"column":4},"end":{"line":349,"column":47}},"133":{"start":{"line":349,"column":35},"end":{"line":349,"column":45}},"134":{"start":{"line":350,"column":4},"end":{"line":350,"column":20}},"135":{"start":{"line":354,"column":2},"end":{"line":357,"column":12}},"136":{"start":{"line":355,"column":4},"end":{"line":355,"column":46}},"137":{"start":{"line":356,"column":4},"end":{"line":356,"column":20}},"138":{"start":{"line":360,"column":0},"end":{"line":367,"column":3}},"139":{"start":{"line":361,"column":2},"end":{"line":361,"column":61}},"140":{"start":{"line":362,"column":2},"end":{"line":366,"column":5}},"141":{"start":{"line":363,"column":4},"end":{"line":363,"column":38}},"142":{"start":{"line":364,"column":4},"end":{"line":364,"column":47}},"143":{"start":{"line":364,"column":35},"end":{"line":364,"column":45}},"144":{"start":{"line":365,"column":4},"end":{"line":365,"column":20}},"145":{"start":{"line":369,"column":0},"end":{"line":371,"column":3}},"146":{"start":{"line":370,"column":2},"end":{"line":370,"column":63}},"147":{"start":{"line":373,"column":0},"end":{"line":376,"column":3}},"148":{"start":{"line":374,"column":2},"end":{"line":374,"column":45}},"149":{"start":{"line":375,"column":2},"end":{"line":375,"column":18}},"150":{"start":{"line":379,"column":0},"end":{"line":381,"column":1}},"151":{"start":{"line":380,"column":2},"end":{"line":380,"column":16}},"152":{"start":{"line":383,"column":0},"end":{"line":383,"column":38}}},"fnMap":{"0":{"name":"(anonymous_0)","decl":{"start":{"line":65,"column":8},"end":{"line":65,"column":9}},"loc":{"start":{"line":65,"column":17},"end":{"line":65,"column":42}},"line":65},"1":{"name":"(anonymous_1)","decl":{"start":{"line":66,"column":16},"end":{"line":66,"column":17}},"loc":{"start":{"line":66,"column":25},"end":{"line":66,"column":63}},"line":66},"2":{"name":"(anonymous_2)","decl":{"start":{"line":90,"column":8},"end":{"line":90,"column":9}},"loc":{"start":{"line":90,"column":28},"end":{"line":107,"column":1}},"line":90},"3":{"name":"(anonymous_3)","decl":{"start":{"line":100,"column":13},"end":{"line":100,"column":14}},"loc":{"start":{"line":100,"column":28},"end":{"line":104,"column":3}},"line":100},"4":{"name":"(anonymous_4)","decl":{"start":{"line":127,"column":19},"end":{"line":127,"column":20}},"loc":{"start":{"line":127,"column":33},"end":{"line":136,"column":1}},"line":127},"5":{"name":"(anonymous_5)","decl":{"start":{"line":162,"column":21},"end":{"line":162,"column":22}},"loc":{"start":{"line":162,"column":34},"end":{"line":209,"column":1}},"line":162},"6":{"name":"(anonymous_6)","decl":{"start":{"line":171,"column":16},"end":{"line":171,"column":17}},"loc":{"start":{"line":171,"column":22},"end":{"line":173,"column":3}},"line":171},"7":{"name":"(anonymous_7)","decl":{"start":{"line":175,"column":19},"end":{"line":175,"column":20}},"loc":{"start":{"line":175,"column":32},"end":{"line":199,"column":3}},"line":175},"8":{"name":"(anonymous_8)","decl":{"start":{"line":201,"column":17},"end":{"line":201,"column":18}},"loc":{"start":{"line":201,"column":23},"end":{"line":204,"column":3}},"line":201},"9":{"name":"(anonymous_9)","decl":{"start":{"line":206,"column":17},"end":{"line":206,"column":18}},"loc":{"start":{"line":206,"column":28},"end":{"line":208,"column":3}},"line":206},"10":{"name":"(anonymous_10)","decl":{"start":{"line":212,"column":38},"end":{"line":212,"column":39}},"loc":{"start":{"line":212,"column":44},"end":{"line":220,"column":1}},"line":212},"11":{"name":"(anonymous_11)","decl":{"start":{"line":213,"column":27},"end":{"line":213,"column":28}},"loc":{"start":{"line":213,"column":35},"end":{"line":219,"column":3}},"line":213},"12":{"name":"(anonymous_12)","decl":{"start":{"line":222,"column":16},"end":{"line":222,"column":17}},"loc":{"start":{"line":222,"column":22},"end":{"line":224,"column":1}},"line":222},"13":{"name":"broadcastToClients","decl":{"start":{"line":229,"column":9},"end":{"line":229,"column":27}},"loc":{"start":{"line":229,"column":37},"end":{"line":235,"column":1}},"line":229},"14":{"name":"(anonymous_14)","decl":{"start":{"line":230,"column":27},"end":{"line":230,"column":28}},"loc":{"start":{"line":230,"column":39},"end":{"line":234,"column":3}},"line":230},"15":{"name":"notifyAccountUpdate","decl":{"start":{"line":240,"column":9},"end":{"line":240,"column":28}},"loc":{"start":{"line":240,"column":48},"end":{"line":251,"column":1}},"line":240},"16":{"name":"(anonymous_16)","decl":{"start":{"line":241,"column":27},"end":{"line":241,"column":28}},"loc":{"start":{"line":241,"column":39},"end":{"line":250,"column":3}},"line":241},"17":{"name":"(anonymous_17)","decl":{"start":{"line":262,"column":8},"end":{"line":262,"column":9}},"loc":{"start":{"line":262,"column":22},"end":{"line":269,"column":1}},"line":262},"18":{"name":"(anonymous_18)","decl":{"start":{"line":272,"column":8},"end":{"line":272,"column":9}},"loc":{"start":{"line":272,"column":35},"end":{"line":294,"column":1}},"line":272},"19":{"name":"startServer","decl":{"start":{"line":300,"column":15},"end":{"line":300,"column":26}},"loc":{"start":{"line":300,"column":29},"end":{"line":342,"column":1}},"line":300},"20":{"name":"(anonymous_20)","decl":{"start":{"line":307,"column":34},"end":{"line":307,"column":35}},"loc":{"start":{"line":307,"column":43},"end":{"line":310,"column":5}},"line":307},"21":{"name":"(anonymous_21)","decl":{"start":{"line":313,"column":24},"end":{"line":313,"column":25}},"loc":{"start":{"line":313,"column":30},"end":{"line":336,"column":5}},"line":313},"22":{"name":"(anonymous_22)","decl":{"start":{"line":345,"column":22},"end":{"line":345,"column":23}},"loc":{"start":{"line":345,"column":28},"end":{"line":358,"column":1}},"line":345},"23":{"name":"(anonymous_23)","decl":{"start":{"line":347,"column":15},"end":{"line":347,"column":16}},"loc":{"start":{"line":347,"column":21},"end":{"line":351,"column":3}},"line":347},"24":{"name":"(anonymous_24)","decl":{"start":{"line":349,"column":29},"end":{"line":349,"column":30}},"loc":{"start":{"line":349,"column":35},"end":{"line":349,"column":45}},"line":349},"25":{"name":"(anonymous_25)","decl":{"start":{"line":354,"column":13},"end":{"line":354,"column":14}},"loc":{"start":{"line":354,"column":19},"end":{"line":357,"column":3}},"line":354},"26":{"name":"(anonymous_26)","decl":{"start":{"line":360,"column":21},"end":{"line":360,"column":22}},"loc":{"start":{"line":360,"column":27},"end":{"line":367,"column":1}},"line":360},"27":{"name":"(anonymous_27)","decl":{"start":{"line":362,"column":15},"end":{"line":362,"column":16}},"loc":{"start":{"line":362,"column":21},"end":{"line":366,"column":3}},"line":362},"28":{"name":"(anonymous_28)","decl":{"start":{"line":364,"column":29},"end":{"line":364,"column":30}},"loc":{"start":{"line":364,"column":35},"end":{"line":364,"column":45}},"line":364},"29":{"name":"(anonymous_29)","decl":{"start":{"line":369,"column":33},"end":{"line":369,"column":34}},"loc":{"start":{"line":369,"column":54},"end":{"line":371,"column":1}},"line":369},"30":{"name":"(anonymous_30)","decl":{"start":{"line":373,"column":32},"end":{"line":373,"column":33}},"loc":{"start":{"line":373,"column":43},"end":{"line":376,"column":1}},"line":373}},"branchMap":{"0":{"loc":{"start":{"line":30,"column":13},"end":{"line":30,"column":37}},"type":"binary-expr","locations":[{"start":{"line":30,"column":13},"end":{"line":30,"column":29}},{"start":{"line":30,"column":33},"end":{"line":30,"column":37}}],"line":30},"1":{"loc":{"start":{"line":31,"column":17},"end":{"line":31,"column":54}},"type":"binary-expr","locations":[{"start":{"line":31,"column":17},"end":{"line":31,"column":37}},{"start":{"line":31,"column":41},"end":{"line":31,"column":54}}],"line":31},"2":{"loc":{"start":{"line":48,"column":31},"end":{"line":48,"column":66}},"type":"cond-expr","locations":[{"start":{"line":48,"column":59},"end":{"line":48,"column":61}},{"start":{"line":48,"column":64},"end":{"line":48,"column":66}}],"line":48},"3":{"loc":{"start":{"line":66,"column":25},"end":{"line":66,"column":63}},"type":"binary-expr","locations":[{"start":{"line":66,"column":25},"end":{"line":66,"column":31}},{"start":{"line":66,"column":35},"end":{"line":66,"column":63}}],"line":66},"4":{"loc":{"start":{"line":114,"column":10},"end":{"line":114,"column":61}},"type":"binary-expr","locations":[{"start":{"line":114,"column":10},"end":{"line":114,"column":34}},{"start":{"line":114,"column":38},"end":{"line":114,"column":61}}],"line":114},"5":{"loc":{"start":{"line":179,"column":6},"end":{"line":195,"column":7}},"type":"switch","locations":[{"start":{"line":180,"column":8},"end":{"line":185,"column":16}},{"start":{"line":186,"column":8},"end":{"line":192,"column":16}},{"start":{"line":193,"column":8},"end":{"line":194,"column":71}}],"line":179},"6":{"loc":{"start":{"line":214,"column":4},"end":{"line":216,"column":5}},"type":"if","locations":[{"start":{"line":214,"column":4},"end":{"line":216,"column":5}},{"start":{},"end":{}}],"line":214},"7":{"loc":{"start":{"line":231,"column":4},"end":{"line":233,"column":5}},"type":"if","locations":[{"start":{"line":231,"column":4},"end":{"line":233,"column":5}},{"start":{},"end":{}}],"line":231},"8":{"loc":{"start":{"line":242,"column":4},"end":{"line":249,"column":5}},"type":"if","locations":[{"start":{"line":242,"column":4},"end":{"line":249,"column":5}},{"start":{},"end":{}}],"line":242},"9":{"loc":{"start":{"line":242,"column":8},"end":{"line":242,"column":78}},"type":"binary-expr","locations":[{"start":{"line":242,"column":8},"end":{"line":242,"column":44}},{"start":{"line":242,"column":48},"end":{"line":242,"column":78}}],"line":242},"10":{"loc":{"start":{"line":273,"column":21},"end":{"line":273,"column":44}},"type":"binary-expr","locations":[{"start":{"line":273,"column":21},"end":{"line":273,"column":37}},{"start":{"line":273,"column":41},"end":{"line":273,"column":44}}],"line":273},"11":{"loc":{"start":{"line":274,"column":18},"end":{"line":274,"column":58}},"type":"binary-expr","locations":[{"start":{"line":274,"column":18},"end":{"line":274,"column":31}},{"start":{"line":274,"column":35},"end":{"line":274,"column":58}}],"line":274},"12":{"loc":{"start":{"line":286,"column":8},"end":{"line":290,"column":5}},"type":"binary-expr","locations":[{"start":{"line":286,"column":8},"end":{"line":286,"column":34}},{"start":{"line":286,"column":38},"end":{"line":290,"column":5}}],"line":286},"13":{"loc":{"start":{"line":379,"column":0},"end":{"line":381,"column":1}},"type":"if","locations":[{"start":{"line":379,"column":0},"end":{"line":381,"column":1}},{"start":{},"end":{}}],"line":379}},"s":{"0":0,"1":0,"2":0,"3":0,"4":0,"5":0,"6":0,"7":0,"8":0,"9":0,"10":0,"11":0,"12":0,"13":0,"14":0,"15":0,"16":0,"17":0,"18":0,"19":0,"20":0,"21":0,"22":0,"23":0,"24":0,"25":0,"26":0,"27":0,"28":0,"29":0,"30":0,"31":0,"32":0,"33":0,"34":0,"35":0,"36":0,"37":0,"38":0,"39":0,"40":0,"41":0,"42":0,"43":0,"44":0,"45":0,"46":0,"47":0,"48":0,"49":0,"50":0,"51":0,"52":0,"53":0,"54":0,"55":0,"56":0,"57":0,"58":0,"59":0,"60":0,"61":0,"62":0,"63":0,"64":0,"65":0,"66":0,"67":0,"68":0,"69":0,"70":0,"71":0,"72":0,"73":0,"74":0,"75":0,"76":0,"77":0,"78":0,"79":0,"80":0,"81":0,"82":0,"83":0,"84":0,"85":0,"86":0,"87":0,"88":0,"89":0,"90":0,"91":0,"92":0,"93":0,"94":0,"95":0,"96":0,"97":0,"98":0,"99":0,"100":0,"101":0,"102":0,"103":0,"104":0,"105":0,"106":0,"107":0,"108":0,"109":0,"110":0,"111":0,"112":0,"113":0,"114":0,"115":0,"116":0,"117":0,"118":0,"119":0,"120":0,"121":0,"122":0,"123":0,"124":0,"125":0,"126":0,"127":0,"128":0,"129":0,"130":0,"131":0,"132":0,"133":0,"134":0,"135":0,"136":0,"137":0,"138":0,"139":0,"140":0,"141":0,"142":0,"143":0,"144":0,"145":0,"146":0,"147":0,"148":0,"149":0,"150":0,"151":0,"152":0},"f":{"0":0,"1":0,"2":0,"3":0,"4":0,"5":0,"6":0,"7":0,"8":0,"9":0,"10":0,"11":0,"12":0,"13":0,"14":0,"15":0,"16":0,"17":0,"18":0,"19":0,"20":0,"21":0,"22":0,"23":0,"24":0,"25":0,"26":0,"27":0,"28":0,"29":0,"30":0},"b":{"0":[0,0],"1":[0,0],"2":[0,0],"3":[0,0],"4":[0,0],"5":[0,0,0],"6":[0,0],"7":[0,0],"8":[0,0],"9":[0,0],"10":[0,0],"11":[0,0],"12":[0,0],"13":[0,0]},"inputSourceMap":null}
,"E:\\Paulo ML\\projeto-sass\\backend\\db\\accounts.js": {"path":"E:\\Paulo ML\\projeto-sass\\backend\\db\\accounts.js","statementMap":{"0":{"start":{"line":14,"column":11},"end":{"line":14,"column":24}},"1":{"start":{"line":15,"column":13},"end":{"line":15,"column":28}},"2":{"start":{"line":18,"column":17},"end":{"line":18,"column":51}},"3":{"start":{"line":19,"column":22},"end":{"line":19,"column":58}},"4":{"start":{"line":20,"column":20},"end":{"line":20,"column":54}},"5":{"start":{"line":23,"column":0},"end":{"line":25,"column":1}},"6":{"start":{"line":24,"column":2},"end":{"line":24,"column":46}},"7":{"start":{"line":28,"column":20},"end":{"line":28,"column":22}},"8":{"start":{"line":29,"column":18},"end":{"line":29,"column":20}},"9":{"start":{"line":33,"column":2},"end":{"line":42,"column":3}},"10":{"start":{"line":34,"column":4},"end":{"line":38,"column":5}},"11":{"start":{"line":35,"column":19},"end":{"line":35,"column":57}},"12":{"start":{"line":36,"column":6},"end":{"line":36,"column":39}},"13":{"start":{"line":37,"column":6},"end":{"line":37,"column":74}},"14":{"start":{"line":40,"column":4},"end":{"line":40,"column":73}},"15":{"start":{"line":41,"column":4},"end":{"line":41,"column":23}},"16":{"start":{"line":44,"column":2},"end":{"line":58,"column":3}},"17":{"start":{"line":45,"column":4},"end":{"line":54,"column":5}},"18":{"start":{"line":46,"column":19},"end":{"line":46,"column":55}},"19":{"start":{"line":47,"column":6},"end":{"line":47,"column":37}},"20":{"start":{"line":49,"column":6},"end":{"line":52,"column":7}},"21":{"start":{"line":50,"column":8},"end":{"line":50,"column":47}},"22":{"start":{"line":51,"column":8},"end":{"line":51,"column":30}},"23":{"start":{"line":53,"column":6},"end":{"line":53,"column":70}},"24":{"start":{"line":56,"column":4},"end":{"line":56,"column":71}},"25":{"start":{"line":57,"column":4},"end":{"line":57,"column":21}},"26":{"start":{"line":65,"column":2},"end":{"line":69,"column":3}},"27":{"start":{"line":66,"column":4},"end":{"line":66,"column":84}},"28":{"start":{"line":68,"column":4},"end":{"line":68,"column":70}},"29":{"start":{"line":76,"column":2},"end":{"line":80,"column":3}},"30":{"start":{"line":77,"column":4},"end":{"line":77,"column":80}},"31":{"start":{"line":79,"column":4},"end":{"line":79,"column":68}},"32":{"start":{"line":87,"column":2},"end":{"line":87,"column":23}},"33":{"start":{"line":94,"column":2},"end":{"line":98,"column":3}},"34":{"start":{"line":95,"column":4},"end":{"line":95,"column":68}},"35":{"start":{"line":95,"column":37},"end":{"line":95,"column":58}},"36":{"start":{"line":96,"column":9},"end":{"line":98,"column":3}},"37":{"start":{"line":97,"column":4},"end":{"line":97,"column":72}},"38":{"start":{"line":97,"column":37},"end":{"line":97,"column":62}},"39":{"start":{"line":99,"column":2},"end":{"line":99,"column":14}},"40":{"start":{"line":106,"column":2},"end":{"line":106,"column":66}},"41":{"start":{"line":106,"column":35},"end":{"line":106,"column":56}},"42":{"start":{"line":114,"column":19},"end":{"line":114,"column":67}},"43":{"start":{"line":114,"column":45},"end":{"line":114,"column":66}},"44":{"start":{"line":115,"column":2},"end":{"line":117,"column":3}},"45":{"start":{"line":116,"column":4},"end":{"line":116,"column":68}},"46":{"start":{"line":119,"column":2},"end":{"line":119,"column":30}},"47":{"start":{"line":120,"column":2},"end":{"line":120,"column":26}},"48":{"start":{"line":121,"column":2},"end":{"line":121,"column":46}},"49":{"start":{"line":122,"column":2},"end":{"line":122,"column":17}},"50":{"start":{"line":129,"column":16},"end":{"line":129,"column":68}},"51":{"start":{"line":129,"column":47},"end":{"line":129,"column":67}},"52":{"start":{"line":131,"column":2},"end":{"line":133,"column":3}},"53":{"start":{"line":132,"column":4},"end":{"line":132,"column":62}},"54":{"start":{"line":135,"column":2},"end":{"line":139,"column":4}},"55":{"start":{"line":141,"column":2},"end":{"line":141,"column":26}},"56":{"start":{"line":142,"column":2},"end":{"line":142,"column":47}},"57":{"start":{"line":143,"column":2},"end":{"line":143,"column":30}},"58":{"start":{"line":150,"column":16},"end":{"line":150,"column":68}},"59":{"start":{"line":150,"column":47},"end":{"line":150,"column":67}},"60":{"start":{"line":152,"column":2},"end":{"line":154,"column":3}},"61":{"start":{"line":153,"column":4},"end":{"line":153,"column":62}},"62":{"start":{"line":156,"column":18},"end":{"line":156,"column":48}},"63":{"start":{"line":157,"column":2},"end":{"line":157,"column":26}},"64":{"start":{"line":158,"column":2},"end":{"line":158,"column":47}},"65":{"start":{"line":159,"column":2},"end":{"line":159,"column":20}},"66":{"start":{"line":166,"column":2},"end":{"line":166,"column":26}},"67":{"start":{"line":169,"column":2},"end":{"line":171,"column":3}},"68":{"start":{"line":170,"column":4},"end":{"line":170,"column":43}},"69":{"start":{"line":173,"column":2},"end":{"line":173,"column":24}},"70":{"start":{"line":174,"column":2},"end":{"line":174,"column":15}},"71":{"start":{"line":181,"column":2},"end":{"line":184,"column":15}},"72":{"start":{"line":182,"column":19},"end":{"line":182,"column":46}},"73":{"start":{"line":191,"column":2},"end":{"line":194,"column":15}},"74":{"start":{"line":192,"column":19},"end":{"line":192,"column":38}},"75":{"start":{"line":201,"column":21},"end":{"line":201,"column":31}},"76":{"start":{"line":202,"column":2},"end":{"line":202,"column":53}},"77":{"start":{"line":204,"column":17},"end":{"line":204,"column":35}},"78":{"start":{"line":205,"column":2},"end":{"line":207,"column":5}},"79":{"start":{"line":206,"column":4},"end":{"line":206,"column":50}},"80":{"start":{"line":209,"column":18},"end":{"line":209,"column":45}},"81":{"start":{"line":210,"column":2},"end":{"line":213,"column":3}},"82":{"start":{"line":211,"column":4},"end":{"line":211,"column":26}},"83":{"start":{"line":212,"column":4},"end":{"line":212,"column":52}},"84":{"start":{"line":215,"column":2},"end":{"line":215,"column":17}},"85":{"start":{"line":219,"column":0},"end":{"line":219,"column":18}},"86":{"start":{"line":221,"column":0},"end":{"line":232,"column":2}}},"fnMap":{"0":{"name":"loadFromStorage","decl":{"start":{"line":32,"column":9},"end":{"line":32,"column":24}},"loc":{"start":{"line":32,"column":27},"end":{"line":59,"column":1}},"line":32},"1":{"name":"saveAccountsToStorage","decl":{"start":{"line":64,"column":9},"end":{"line":64,"column":30}},"loc":{"start":{"line":64,"column":33},"end":{"line":70,"column":1}},"line":64},"2":{"name":"saveEventsToStorage","decl":{"start":{"line":75,"column":9},"end":{"line":75,"column":28}},"loc":{"start":{"line":75,"column":31},"end":{"line":81,"column":1}},"line":75},"3":{"name":"getAllAccounts","decl":{"start":{"line":86,"column":15},"end":{"line":86,"column":29}},"loc":{"start":{"line":86,"column":32},"end":{"line":88,"column":1}},"line":86},"4":{"name":"getAccount","decl":{"start":{"line":93,"column":15},"end":{"line":93,"column":25}},"loc":{"start":{"line":93,"column":55},"end":{"line":100,"column":1}},"line":93},"5":{"name":"(anonymous_5)","decl":{"start":{"line":95,"column":30},"end":{"line":95,"column":31}},"loc":{"start":{"line":95,"column":37},"end":{"line":95,"column":58}},"line":95},"6":{"name":"(anonymous_6)","decl":{"start":{"line":97,"column":30},"end":{"line":97,"column":31}},"loc":{"start":{"line":97,"column":37},"end":{"line":97,"column":62}},"line":97},"7":{"name":"getAccountByUserId","decl":{"start":{"line":105,"column":15},"end":{"line":105,"column":33}},"loc":{"start":{"line":105,"column":42},"end":{"line":107,"column":1}},"line":105},"8":{"name":"(anonymous_8)","decl":{"start":{"line":106,"column":28},"end":{"line":106,"column":29}},"loc":{"start":{"line":106,"column":35},"end":{"line":106,"column":56}},"line":106},"9":{"name":"saveAccount","decl":{"start":{"line":112,"column":15},"end":{"line":112,"column":26}},"loc":{"start":{"line":112,"column":36},"end":{"line":123,"column":1}},"line":112},"10":{"name":"(anonymous_10)","decl":{"start":{"line":114,"column":38},"end":{"line":114,"column":39}},"loc":{"start":{"line":114,"column":45},"end":{"line":114,"column":66}},"line":114},"11":{"name":"updateAccount","decl":{"start":{"line":128,"column":15},"end":{"line":128,"column":28}},"loc":{"start":{"line":128,"column":49},"end":{"line":144,"column":1}},"line":128},"12":{"name":"(anonymous_12)","decl":{"start":{"line":129,"column":40},"end":{"line":129,"column":41}},"loc":{"start":{"line":129,"column":47},"end":{"line":129,"column":67}},"line":129},"13":{"name":"deleteAccount","decl":{"start":{"line":149,"column":15},"end":{"line":149,"column":28}},"loc":{"start":{"line":149,"column":40},"end":{"line":160,"column":1}},"line":149},"14":{"name":"(anonymous_14)","decl":{"start":{"line":150,"column":40},"end":{"line":150,"column":41}},"loc":{"start":{"line":150,"column":47},"end":{"line":150,"column":67}},"line":150},"15":{"name":"saveEvent","decl":{"start":{"line":165,"column":15},"end":{"line":165,"column":24}},"loc":{"start":{"line":165,"column":32},"end":{"line":175,"column":1}},"line":165},"16":{"name":"getEventsByAccount","decl":{"start":{"line":180,"column":15},"end":{"line":180,"column":33}},"loc":{"start":{"line":180,"column":58},"end":{"line":185,"column":1}},"line":180},"17":{"name":"(anonymous_17)","decl":{"start":{"line":182,"column":12},"end":{"line":182,"column":13}},"loc":{"start":{"line":182,"column":19},"end":{"line":182,"column":46}},"line":182},"18":{"name":"getEventsByTopic","decl":{"start":{"line":190,"column":15},"end":{"line":190,"column":31}},"loc":{"start":{"line":190,"column":52},"end":{"line":195,"column":1}},"line":190},"19":{"name":"(anonymous_19)","decl":{"start":{"line":192,"column":12},"end":{"line":192,"column":13}},"loc":{"start":{"line":192,"column":19},"end":{"line":192,"column":38}},"line":192},"20":{"name":"clearOldEvents","decl":{"start":{"line":200,"column":15},"end":{"line":200,"column":29}},"loc":{"start":{"line":200,"column":44},"end":{"line":216,"column":1}},"line":200},"21":{"name":"(anonymous_21)","decl":{"start":{"line":205,"column":35},"end":{"line":205,"column":36}},"loc":{"start":{"line":205,"column":42},"end":{"line":207,"column":3}},"line":205}},"branchMap":{"0":{"loc":{"start":{"line":23,"column":0},"end":{"line":25,"column":1}},"type":"if","locations":[{"start":{"line":23,"column":0},"end":{"line":25,"column":1}},{"start":{},"end":{}}],"line":23},"1":{"loc":{"start":{"line":34,"column":4},"end":{"line":38,"column":5}},"type":"if","locations":[{"start":{"line":34,"column":4},"end":{"line":38,"column":5}},{"start":{},"end":{}}],"line":34},"2":{"loc":{"start":{"line":45,"column":4},"end":{"line":54,"column":5}},"type":"if","locations":[{"start":{"line":45,"column":4},"end":{"line":54,"column":5}},{"start":{},"end":{}}],"line":45},"3":{"loc":{"start":{"line":49,"column":6},"end":{"line":52,"column":7}},"type":"if","locations":[{"start":{"line":49,"column":6},"end":{"line":52,"column":7}},{"start":{},"end":{}}],"line":49},"4":{"loc":{"start":{"line":93,"column":38},"end":{"line":93,"column":53}},"type":"default-arg","locations":[{"start":{"line":93,"column":49},"end":{"line":93,"column":53}}],"line":93},"5":{"loc":{"start":{"line":94,"column":2},"end":{"line":98,"column":3}},"type":"if","locations":[{"start":{"line":94,"column":2},"end":{"line":98,"column":3}},{"start":{"line":96,"column":9},"end":{"line":98,"column":3}}],"line":94},"6":{"loc":{"start":{"line":95,"column":11},"end":{"line":95,"column":67}},"type":"binary-expr","locations":[{"start":{"line":95,"column":11},"end":{"line":95,"column":59}},{"start":{"line":95,"column":63},"end":{"line":95,"column":67}}],"line":95},"7":{"loc":{"start":{"line":96,"column":9},"end":{"line":98,"column":3}},"type":"if","locations":[{"start":{"line":96,"column":9},"end":{"line":98,"column":3}},{"start":{},"end":{}}],"line":96},"8":{"loc":{"start":{"line":97,"column":11},"end":{"line":97,"column":71}},"type":"binary-expr","locations":[{"start":{"line":97,"column":11},"end":{"line":97,"column":63}},{"start":{"line":97,"column":67},"end":{"line":97,"column":71}}],"line":97},"9":{"loc":{"start":{"line":106,"column":9},"end":{"line":106,"column":65}},"type":"binary-expr","locations":[{"start":{"line":106,"column":9},"end":{"line":106,"column":57}},{"start":{"line":106,"column":61},"end":{"line":106,"column":65}}],"line":106},"10":{"loc":{"start":{"line":115,"column":2},"end":{"line":117,"column":3}},"type":"if","locations":[{"start":{"line":115,"column":2},"end":{"line":117,"column":3}},{"start":{},"end":{}}],"line":115},"11":{"loc":{"start":{"line":131,"column":2},"end":{"line":133,"column":3}},"type":"if","locations":[{"start":{"line":131,"column":2},"end":{"line":133,"column":3}},{"start":{},"end":{}}],"line":131},"12":{"loc":{"start":{"line":152,"column":2},"end":{"line":154,"column":3}},"type":"if","locations":[{"start":{"line":152,"column":2},"end":{"line":154,"column":3}},{"start":{},"end":{}}],"line":152},"13":{"loc":{"start":{"line":169,"column":2},"end":{"line":171,"column":3}},"type":"if","locations":[{"start":{"line":169,"column":2},"end":{"line":171,"column":3}},{"start":{},"end":{}}],"line":169},"14":{"loc":{"start":{"line":180,"column":45},"end":{"line":180,"column":56}},"type":"default-arg","locations":[{"start":{"line":180,"column":53},"end":{"line":180,"column":56}}],"line":180},"15":{"loc":{"start":{"line":190,"column":39},"end":{"line":190,"column":50}},"type":"default-arg","locations":[{"start":{"line":190,"column":47},"end":{"line":190,"column":50}}],"line":190},"16":{"loc":{"start":{"line":200,"column":30},"end":{"line":200,"column":42}},"type":"default-arg","locations":[{"start":{"line":200,"column":40},"end":{"line":200,"column":42}}],"line":200},"17":{"loc":{"start":{"line":210,"column":2},"end":{"line":213,"column":3}},"type":"if","locations":[{"start":{"line":210,"column":2},"end":{"line":213,"column":3}},{"start":{},"end":{}}],"line":210}},"s":{"0":0,"1":0,"2":0,"3":0,"4":0,"5":0,"6":0,"7":0,"8":0,"9":0,"10":0,"11":0,"12":0,"13":0,"14":0,"15":0,"16":0,"17":0,"18":0,"19":0,"20":0,"21":0,"22":0,"23":0,"24":0,"25":0,"26":0,"27":0,"28":0,"29":0,"30":0,"31":0,"32":0,"33":0,"34":0,"35":0,"36":0,"37":0,"38":0,"39":0,"40":0,"41":0,"42":0,"43":0,"44":0,"45":0,"46":0,"47":0,"48":0,"49":0,"50":0,"51":0,"52":0,"53":0,"54":0,"55":0,"56":0,"57":0,"58":0,"59":0,"60":0,"61":0,"62":0,"63":0,"64":0,"65":0,"66":0,"67":0,"68":0,"69":0,"70":0,"71":0,"72":0,"73":0,"74":0,"75":0,"76":0,"77":0,"78":0,"79":0,"80":0,"81":0,"82":0,"83":0,"84":0,"85":0,"86":0},"f":{"0":0,"1":0,"2":0,"3":0,"4":0,"5":0,"6":0,"7":0,"8":0,"9":0,"10":0,"11":0,"12":0,"13":0,"14":0,"15":0,"16":0,"17":0,"18":0,"19":0,"20":0,"21":0},"b":{"0":[0,0],"1":[0,0],"2":[0,0],"3":[0,0],"4":[0],"5":[0,0],"6":[0,0],"7":[0,0],"8":[0,0],"9":[0,0],"10":[0,0],"11":[0,0],"12":[0,0],"13":[0,0],"14":[0],"15":[0],"16":[0],"17":[0,0]},"inputSourceMap":null}
,"E:\\Paulo ML\\projeto-sass\\backend\\db\\migrate.js": {"path":"E:\\Paulo ML\\projeto-sass\\backend\\db\\migrate.js","statementMap":{"0":{"start":{"line":6,"column":13},"end":{"line":6,"column":28}},"1":{"start":{"line":7,"column":0},"end":{"line":7,"column":71}},"2":{"start":{"line":9,"column":17},"end":{"line":9,"column":36}},"3":{"start":{"line":10,"column":15},"end":{"line":10,"column":35}},"4":{"start":{"line":13,"column":16},"end":{"line":13,"column":43}},"5":{"start":{"line":14,"column":14},"end":{"line":14,"column":39}},"6":{"start":{"line":15,"column":12},"end":{"line":15,"column":35}},"7":{"start":{"line":17,"column":20},"end":{"line":17,"column":87}},"8":{"start":{"line":23,"column":2},"end":{"line":45,"column":3}},"9":{"start":{"line":24,"column":4},"end":{"line":24,"column":51}},"10":{"start":{"line":27,"column":4},"end":{"line":30,"column":7}},"11":{"start":{"line":31,"column":4},"end":{"line":31,"column":42}},"12":{"start":{"line":34,"column":4},"end":{"line":34,"column":26}},"13":{"start":{"line":37,"column":4},"end":{"line":37,"column":31}},"14":{"start":{"line":39,"column":4},"end":{"line":39,"column":59}},"15":{"start":{"line":40,"column":4},"end":{"line":40,"column":20}},"16":{"start":{"line":43,"column":4},"end":{"line":43,"column":45}},"17":{"start":{"line":44,"column":4},"end":{"line":44,"column":20}},"18":{"start":{"line":52,"column":2},"end":{"line":52,"column":37}},"19":{"start":{"line":54,"column":2},"end":{"line":88,"column":3}},"20":{"start":{"line":56,"column":4},"end":{"line":56,"column":77}},"21":{"start":{"line":57,"column":4},"end":{"line":57,"column":74}},"22":{"start":{"line":58,"column":4},"end":{"line":58,"column":55}},"23":{"start":{"line":59,"column":4},"end":{"line":59,"column":56}},"24":{"start":{"line":60,"column":4},"end":{"line":60,"column":60}},"25":{"start":{"line":61,"column":4},"end":{"line":61,"column":67}},"26":{"start":{"line":63,"column":4},"end":{"line":63,"column":45}},"27":{"start":{"line":66,"column":4},"end":{"line":66,"column":73}},"28":{"start":{"line":67,"column":4},"end":{"line":67,"column":57}},"29":{"start":{"line":68,"column":4},"end":{"line":68,"column":54}},"30":{"start":{"line":69,"column":4},"end":{"line":69,"column":53}},"31":{"start":{"line":70,"column":4},"end":{"line":70,"column":54}},"32":{"start":{"line":71,"column":4},"end":{"line":71,"column":90}},"33":{"start":{"line":72,"column":4},"end":{"line":72,"column":79}},"34":{"start":{"line":74,"column":4},"end":{"line":74,"column":43}},"35":{"start":{"line":77,"column":4},"end":{"line":77,"column":66}},"36":{"start":{"line":78,"column":4},"end":{"line":78,"column":68}},"37":{"start":{"line":79,"column":4},"end":{"line":79,"column":55}},"38":{"start":{"line":80,"column":4},"end":{"line":80,"column":70}},"39":{"start":{"line":81,"column":4},"end":{"line":81,"column":87}},"40":{"start":{"line":83,"column":4},"end":{"line":83,"column":41}},"41":{"start":{"line":86,"column":4},"end":{"line":86,"column":51}},"42":{"start":{"line":87,"column":4},"end":{"line":87,"column":16}},"43":{"start":{"line":95,"column":2},"end":{"line":95,"column":51}},"44":{"start":{"line":97,"column":2},"end":{"line":121,"column":3}},"45":{"start":{"line":99,"column":4},"end":{"line":99,"column":48}},"46":{"start":{"line":100,"column":4},"end":{"line":100,"column":51}},"47":{"start":{"line":103,"column":24},"end":{"line":103,"column":80}},"48":{"start":{"line":104,"column":28},"end":{"line":104,"column":56}},"49":{"start":{"line":104,"column":49},"end":{"line":104,"column":55}},"50":{"start":{"line":105,"column":4},"end":{"line":105,"column":70}},"51":{"start":{"line":108,"column":25},"end":{"line":108,"column":55}},"52":{"start":{"line":109,"column":23},"end":{"line":109,"column":51}},"53":{"start":{"line":110,"column":21},"end":{"line":110,"column":47}},"54":{"start":{"line":112,"column":4},"end":{"line":116,"column":7}},"55":{"start":{"line":119,"column":4},"end":{"line":119,"column":55}},"56":{"start":{"line":120,"column":4},"end":{"line":120,"column":16}},"57":{"start":{"line":125,"column":0},"end":{"line":127,"column":1}},"58":{"start":{"line":126,"column":2},"end":{"line":126,"column":12}},"59":{"start":{"line":129,"column":0},"end":{"line":129,"column":64}}},"fnMap":{"0":{"name":"migrate","decl":{"start":{"line":22,"column":15},"end":{"line":22,"column":22}},"loc":{"start":{"line":22,"column":25},"end":{"line":46,"column":1}},"line":22},"1":{"name":"createIndexes","decl":{"start":{"line":51,"column":15},"end":{"line":51,"column":28}},"loc":{"start":{"line":51,"column":31},"end":{"line":89,"column":1}},"line":51},"2":{"name":"validateConnection","decl":{"start":{"line":94,"column":15},"end":{"line":94,"column":33}},"loc":{"start":{"line":94,"column":36},"end":{"line":122,"column":1}},"line":94},"3":{"name":"(anonymous_3)","decl":{"start":{"line":104,"column":44},"end":{"line":104,"column":45}},"loc":{"start":{"line":104,"column":49},"end":{"line":104,"column":55}},"line":104}},"branchMap":{"0":{"loc":{"start":{"line":17,"column":20},"end":{"line":17,"column":87}},"type":"binary-expr","locations":[{"start":{"line":17,"column":20},"end":{"line":17,"column":43}},{"start":{"line":17,"column":47},"end":{"line":17,"column":87}}],"line":17},"1":{"loc":{"start":{"line":125,"column":0},"end":{"line":127,"column":1}},"type":"if","locations":[{"start":{"line":125,"column":0},"end":{"line":127,"column":1}},{"start":{},"end":{}}],"line":125}},"s":{"0":0,"1":0,"2":0,"3":0,"4":0,"5":0,"6":0,"7":0,"8":0,"9":0,"10":0,"11":0,"12":0,"13":0,"14":0,"15":0,"16":0,"17":0,"18":0,"19":0,"20":0,"21":0,"22":0,"23":0,"24":0,"25":0,"26":0,"27":0,"28":0,"29":0,"30":0,"31":0,"32":0,"33":0,"34":0,"35":0,"36":0,"37":0,"38":0,"39":0,"40":0,"41":0,"42":0,"43":0,"44":0,"45":0,"46":0,"47":0,"48":0,"49":0,"50":0,"51":0,"52":0,"53":0,"54":0,"55":0,"56":0,"57":0,"58":0,"59":0},"f":{"0":0,"1":0,"2":0,"3":0},"b":{"0":[0,0],"1":[0,0]},"inputSourceMap":null}
,"E:\\Paulo ML\\projeto-sass\\backend\\db\\mongodb.js": {"path":"E:\\Paulo ML\\projeto-sass\\backend\\db\\mongodb.js","statementMap":{"0":{"start":{"line":6,"column":17},"end":{"line":6,"column":36}},"1":{"start":{"line":7,"column":15},"end":{"line":7,"column":35}},"2":{"start":{"line":9,"column":20},"end":{"line":9,"column":87}},"3":{"start":{"line":10,"column":24},"end":{"line":17,"column":1}},"4":{"start":{"line":23,"column":2},"end":{"line":40,"column":3}},"5":{"start":{"line":24,"column":4},"end":{"line":24,"column":57}},"6":{"start":{"line":25,"column":4},"end":{"line":25,"column":52}},"7":{"start":{"line":28,"column":4},"end":{"line":30,"column":7}},"8":{"start":{"line":29,"column":6},"end":{"line":29,"column":70}},"9":{"start":{"line":32,"column":4},"end":{"line":34,"column":7}},"10":{"start":{"line":33,"column":6},"end":{"line":33,"column":55}},"11":{"start":{"line":36,"column":4},"end":{"line":36,"column":31}},"12":{"start":{"line":38,"column":4},"end":{"line":38,"column":54}},"13":{"start":{"line":39,"column":4},"end":{"line":39,"column":70}},"14":{"start":{"line":47,"column":2},"end":{"line":53,"column":3}},"15":{"start":{"line":48,"column":4},"end":{"line":48,"column":32}},"16":{"start":{"line":49,"column":4},"end":{"line":49,"column":42}},"17":{"start":{"line":51,"column":4},"end":{"line":51,"column":61}},"18":{"start":{"line":52,"column":4},"end":{"line":52,"column":16}},"19":{"start":{"line":60,"column":2},"end":{"line":65,"column":4}},"20":{"start":{"line":68,"column":0},"end":{"line":73,"column":2}}},"fnMap":{"0":{"name":"connectDB","decl":{"start":{"line":22,"column":15},"end":{"line":22,"column":24}},"loc":{"start":{"line":22,"column":27},"end":{"line":41,"column":1}},"line":22},"1":{"name":"(anonymous_1)","decl":{"start":{"line":28,"column":43},"end":{"line":28,"column":44}},"loc":{"start":{"line":28,"column":49},"end":{"line":30,"column":5}},"line":28},"2":{"name":"(anonymous_2)","decl":{"start":{"line":32,"column":36},"end":{"line":32,"column":37}},"loc":{"start":{"line":32,"column":47},"end":{"line":34,"column":5}},"line":32},"3":{"name":"disconnectDB","decl":{"start":{"line":46,"column":15},"end":{"line":46,"column":27}},"loc":{"start":{"line":46,"column":30},"end":{"line":54,"column":1}},"line":46},"4":{"name":"getConnectionStatus","decl":{"start":{"line":59,"column":9},"end":{"line":59,"column":28}},"loc":{"start":{"line":59,"column":31},"end":{"line":66,"column":1}},"line":59}},"branchMap":{"0":{"loc":{"start":{"line":9,"column":20},"end":{"line":9,"column":87}},"type":"binary-expr","locations":[{"start":{"line":9,"column":20},"end":{"line":9,"column":43}},{"start":{"line":9,"column":47},"end":{"line":9,"column":87}}],"line":9}},"s":{"0":0,"1":0,"2":0,"3":0,"4":0,"5":0,"6":0,"7":0,"8":0,"9":0,"10":0,"11":0,"12":0,"13":0,"14":0,"15":0,"16":0,"17":0,"18":0,"19":0,"20":0},"f":{"0":0,"1":0,"2":0,"3":0,"4":0},"b":{"0":[0,0]},"inputSourceMap":null}
,"E:\\Paulo ML\\projeto-sass\\backend\\db\\models\\Account.js": {"path":"E:\\Paulo ML\\projeto-sass\\backend\\db\\models\\Account.js","statementMap":{"0":{"start":{"line":6,"column":17},"end":{"line":6,"column":36}},"1":{"start":{"line":7,"column":15},"end":{"line":7,"column":34}},"2":{"start":{"line":9,"column":22},"end":{"line":102,"column":2}},"3":{"start":{"line":105,"column":0},"end":{"line":105,"column":46}},"4":{"start":{"line":106,"column":0},"end":{"line":106,"column":39}},"5":{"start":{"line":107,"column":0},"end":{"line":107,"column":42}},"6":{"start":{"line":110,"column":0},"end":{"line":113,"column":3}},"7":{"start":{"line":111,"column":2},"end":{"line":111,"column":30}},"8":{"start":{"line":112,"column":2},"end":{"line":112,"column":9}},"9":{"start":{"line":116,"column":0},"end":{"line":118,"column":2}},"10":{"start":{"line":117,"column":2},"end":{"line":117,"column":40}},"11":{"start":{"line":121,"column":0},"end":{"line":124,"column":2}},"12":{"start":{"line":122,"column":2},"end":{"line":122,"column":33}},"13":{"start":{"line":123,"column":2},"end":{"line":123,"column":21}},"14":{"start":{"line":127,"column":0},"end":{"line":131,"column":2}},"15":{"start":{"line":128,"column":2},"end":{"line":128,"column":29}},"16":{"start":{"line":129,"column":2},"end":{"line":129,"column":28}},"17":{"start":{"line":130,"column":2},"end":{"line":130,"column":21}},"18":{"start":{"line":134,"column":0},"end":{"line":136,"column":2}},"19":{"start":{"line":135,"column":2},"end":{"line":135,"column":34}},"20":{"start":{"line":139,"column":0},"end":{"line":141,"column":2}},"21":{"start":{"line":140,"column":2},"end":{"line":140,"column":44}},"22":{"start":{"line":143,"column":16},"end":{"line":143,"column":56}},"23":{"start":{"line":145,"column":0},"end":{"line":145,"column":25}}},"fnMap":{"0":{"name":"(anonymous_0)","decl":{"start":{"line":110,"column":26},"end":{"line":110,"column":27}},"loc":{"start":{"line":110,"column":41},"end":{"line":113,"column":1}},"line":110},"1":{"name":"(anonymous_1)","decl":{"start":{"line":116,"column":39},"end":{"line":116,"column":40}},"loc":{"start":{"line":116,"column":50},"end":{"line":118,"column":1}},"line":116},"2":{"name":"(anonymous_2)","decl":{"start":{"line":121,"column":40},"end":{"line":121,"column":41}},"loc":{"start":{"line":121,"column":57},"end":{"line":124,"column":1}},"line":121},"3":{"name":"(anonymous_3)","decl":{"start":{"line":127,"column":40},"end":{"line":127,"column":41}},"loc":{"start":{"line":127,"column":57},"end":{"line":131,"column":1}},"line":127},"4":{"name":"(anonymous_4)","decl":{"start":{"line":134,"column":37},"end":{"line":134,"column":38}},"loc":{"start":{"line":134,"column":54},"end":{"line":136,"column":1}},"line":134},"5":{"name":"(anonymous_5)","decl":{"start":{"line":139,"column":35},"end":{"line":139,"column":36}},"loc":{"start":{"line":139,"column":46},"end":{"line":141,"column":1}},"line":139}},"branchMap":{},"s":{"0":0,"1":0,"2":0,"3":0,"4":0,"5":0,"6":0,"7":0,"8":0,"9":0,"10":0,"11":0,"12":0,"13":0,"14":0,"15":0,"16":0,"17":0,"18":0,"19":0,"20":0,"21":0,"22":0,"23":0},"f":{"0":0,"1":0,"2":0,"3":0,"4":0,"5":0},"b":{},"inputSourceMap":null}
,"E:\\Paulo ML\\projeto-sass\\backend\\db\\models\\Event.js": {"path":"E:\\Paulo ML\\projeto-sass\\backend\\db\\models\\Event.js","statementMap":{"0":{"start":{"line":6,"column":17},"end":{"line":6,"column":36}},"1":{"start":{"line":8,"column":20},"end":{"line":75,"column":2}},"2":{"start":{"line":78,"column":0},"end":{"line":78,"column":58}},"3":{"start":{"line":79,"column":0},"end":{"line":79,"column":48}},"4":{"start":{"line":80,"column":0},"end":{"line":80,"column":53}},"5":{"start":{"line":83,"column":0},"end":{"line":87,"column":2}},"6":{"start":{"line":84,"column":2},"end":{"line":84,"column":28}},"7":{"start":{"line":85,"column":2},"end":{"line":85,"column":32}},"8":{"start":{"line":86,"column":2},"end":{"line":86,"column":21}},"9":{"start":{"line":90,"column":0},"end":{"line":95,"column":2}},"10":{"start":{"line":91,"column":2},"end":{"line":91,"column":25}},"11":{"start":{"line":92,"column":2},"end":{"line":92,"column":28}},"12":{"start":{"line":93,"column":2},"end":{"line":93,"column":23}},"13":{"start":{"line":94,"column":2},"end":{"line":94,"column":21}},"14":{"start":{"line":98,"column":0},"end":{"line":102,"column":2}},"15":{"start":{"line":99,"column":2},"end":{"line":99,"column":29}},"16":{"start":{"line":100,"column":2},"end":{"line":100,"column":40}},"17":{"start":{"line":101,"column":2},"end":{"line":101,"column":21}},"18":{"start":{"line":105,"column":0},"end":{"line":107,"column":2}},"19":{"start":{"line":106,"column":2},"end":{"line":106,"column":75}},"20":{"start":{"line":110,"column":0},"end":{"line":125,"column":2}},"21":{"start":{"line":111,"column":2},"end":{"line":124,"column":5}},"22":{"start":{"line":127,"column":14},"end":{"line":127,"column":50}},"23":{"start":{"line":129,"column":0},"end":{"line":129,"column":23}}},"fnMap":{"0":{"name":"(anonymous_0)","decl":{"start":{"line":83,"column":38},"end":{"line":83,"column":39}},"loc":{"start":{"line":83,"column":55},"end":{"line":87,"column":1}},"line":83},"1":{"name":"(anonymous_1)","decl":{"start":{"line":90,"column":35},"end":{"line":90,"column":36}},"loc":{"start":{"line":90,"column":57},"end":{"line":95,"column":1}},"line":90},"2":{"name":"(anonymous_2)","decl":{"start":{"line":98,"column":38},"end":{"line":98,"column":39}},"loc":{"start":{"line":98,"column":55},"end":{"line":102,"column":1}},"line":98},"3":{"name":"(anonymous_3)","decl":{"start":{"line":105,"column":34},"end":{"line":105,"column":35}},"loc":{"start":{"line":105,"column":45},"end":{"line":107,"column":1}},"line":105},"4":{"name":"(anonymous_4)","decl":{"start":{"line":110,"column":35},"end":{"line":110,"column":36}},"loc":{"start":{"line":110,"column":64},"end":{"line":125,"column":1}},"line":110}},"branchMap":{},"s":{"0":0,"1":0,"2":0,"3":0,"4":0,"5":0,"6":0,"7":0,"8":0,"9":0,"10":0,"11":0,"12":0,"13":0,"14":0,"15":0,"16":0,"17":0,"18":0,"19":0,"20":0,"21":0,"22":0,"23":0},"f":{"0":0,"1":0,"2":0,"3":0,"4":0},"b":{},"inputSourceMap":null}
,"E:\\Paulo ML\\projeto-sass\\backend\\db\\models\\Log.js": {"path":"E:\\Paulo ML\\projeto-sass\\backend\\db\\models\\Log.js","statementMap":{"0":{"start":{"line":6,"column":17},"end":{"line":6,"column":36}},"1":{"start":{"line":8,"column":18},"end":{"line":55,"column":2}},"2":{"start":{"line":58,"column":0},"end":{"line":58,"column":45}},"3":{"start":{"line":59,"column":0},"end":{"line":59,"column":47}},"4":{"start":{"line":60,"column":0},"end":{"line":60,"column":34}},"5":{"start":{"line":61,"column":0},"end":{"line":61,"column":49}},"6":{"start":{"line":63,"column":12},"end":{"line":63,"column":44}},"7":{"start":{"line":65,"column":0},"end":{"line":65,"column":21}}},"fnMap":{},"branchMap":{},"s":{"0":0,"1":0,"2":0,"3":0,"4":0,"5":0,"6":0,"7":0},"f":{},"b":{},"inputSourceMap":null}
,"E:\\Paulo ML\\projeto-sass\\backend\\db\\models\\MLAccount.js": {"path":"E:\\Paulo ML\\projeto-sass\\backend\\db\\models\\MLAccount.js","statementMap":{"0":{"start":{"line":7,"column":17},"end":{"line":7,"column":36}},"1":{"start":{"line":8,"column":15},"end":{"line":8,"column":32}},"2":{"start":{"line":10,"column":24},"end":{"line":194,"column":1}},"3":{"start":{"line":15,"column":21},"end":{"line":15,"column":80}},"4":{"start":{"line":197,"column":0},"end":{"line":197,"column":48}},"5":{"start":{"line":198,"column":0},"end":{"line":198,"column":51}},"6":{"start":{"line":199,"column":0},"end":{"line":199,"column":39}},"7":{"start":{"line":200,"column":0},"end":{"line":200,"column":40}},"8":{"start":{"line":201,"column":0},"end":{"line":201,"column":39}},"9":{"start":{"line":202,"column":0},"end":{"line":202,"column":41}},"10":{"start":{"line":205,"column":0},"end":{"line":207,"column":2}},"11":{"start":{"line":206,"column":2},"end":{"line":206,"column":43}},"12":{"start":{"line":210,"column":0},"end":{"line":213,"column":2}},"13":{"start":{"line":211,"column":2},"end":{"line":211,"column":33}},"14":{"start":{"line":212,"column":2},"end":{"line":212,"column":21}},"15":{"start":{"line":216,"column":0},"end":{"line":239,"column":2}},"16":{"start":{"line":217,"column":2},"end":{"line":217,"column":31}},"17":{"start":{"line":218,"column":2},"end":{"line":220,"column":3}},"18":{"start":{"line":219,"column":4},"end":{"line":219,"column":61}},"19":{"start":{"line":221,"column":2},"end":{"line":237,"column":3}},"20":{"start":{"line":222,"column":4},"end":{"line":222,"column":31}},"21":{"start":{"line":223,"column":4},"end":{"line":223,"column":49}},"22":{"start":{"line":225,"column":4},"end":{"line":225,"column":51}},"23":{"start":{"line":225,"column":28},"end":{"line":225,"column":51}},"24":{"start":{"line":226,"column":4},"end":{"line":229,"column":7}},"25":{"start":{"line":230,"column":4},"end":{"line":232,"column":5}},"26":{"start":{"line":231,"column":6},"end":{"line":231,"column":32}},"27":{"start":{"line":234,"column":4},"end":{"line":234,"column":30}},"28":{"start":{"line":235,"column":4},"end":{"line":235,"column":31}},"29":{"start":{"line":236,"column":4},"end":{"line":236,"column":24}},"30":{"start":{"line":238,"column":2},"end":{"line":238,"column":21}},"31":{"start":{"line":242,"column":0},"end":{"line":250,"column":2}},"32":{"start":{"line":243,"column":2},"end":{"line":248,"column":4}},"33":{"start":{"line":249,"column":2},"end":{"line":249,"column":21}},"34":{"start":{"line":253,"column":0},"end":{"line":257,"column":2}},"35":{"start":{"line":254,"column":2},"end":{"line":254,"column":27}},"36":{"start":{"line":255,"column":2},"end":{"line":255,"column":25}},"37":{"start":{"line":256,"column":2},"end":{"line":256,"column":21}},"38":{"start":{"line":260,"column":0},"end":{"line":265,"column":2}},"39":{"start":{"line":261,"column":2},"end":{"line":261,"column":26}},"40":{"start":{"line":262,"column":2},"end":{"line":262,"column":25}},"41":{"start":{"line":263,"column":2},"end":{"line":263,"column":29}},"42":{"start":{"line":264,"column":2},"end":{"line":264,"column":21}},"43":{"start":{"line":268,"column":0},"end":{"line":281,"column":2}},"44":{"start":{"line":269,"column":2},"end":{"line":269,"column":49}},"45":{"start":{"line":269,"column":26},"end":{"line":269,"column":49}},"46":{"start":{"line":270,"column":2},"end":{"line":274,"column":5}},"47":{"start":{"line":276,"column":2},"end":{"line":278,"column":3}},"48":{"start":{"line":277,"column":4},"end":{"line":277,"column":30}},"49":{"start":{"line":279,"column":2},"end":{"line":279,"column":47}},"50":{"start":{"line":280,"column":2},"end":{"line":280,"column":21}},"51":{"start":{"line":284,"column":0},"end":{"line":289,"column":2}},"52":{"start":{"line":285,"column":2},"end":{"line":285,"column":24}},"53":{"start":{"line":286,"column":2},"end":{"line":286,"column":27}},"54":{"start":{"line":287,"column":2},"end":{"line":287,"column":35}},"55":{"start":{"line":288,"column":2},"end":{"line":288,"column":21}},"56":{"start":{"line":292,"column":0},"end":{"line":309,"column":2}},"57":{"start":{"line":293,"column":2},"end":{"line":308,"column":4}},"58":{"start":{"line":312,"column":0},"end":{"line":314,"column":2}},"59":{"start":{"line":313,"column":2},"end":{"line":313,"column":69}},"60":{"start":{"line":317,"column":0},"end":{"line":319,"column":2}},"61":{"start":{"line":318,"column":2},"end":{"line":318,"column":51}},"62":{"start":{"line":322,"column":0},"end":{"line":328,"column":2}},"63":{"start":{"line":323,"column":2},"end":{"line":327,"column":5}},"64":{"start":{"line":331,"column":0},"end":{"line":336,"column":2}},"65":{"start":{"line":332,"column":2},"end":{"line":335,"column":5}},"66":{"start":{"line":338,"column":0},"end":{"line":338,"column":62}}},"fnMap":{"0":{"name":"(anonymous_0)","decl":{"start":{"line":15,"column":15},"end":{"line":15,"column":16}},"loc":{"start":{"line":15,"column":21},"end":{"line":15,"column":80}},"line":15},"1":{"name":"(anonymous_1)","decl":{"start":{"line":205,"column":41},"end":{"line":205,"column":42}},"loc":{"start":{"line":205,"column":53},"end":{"line":207,"column":1}},"line":205},"2":{"name":"(anonymous_2)","decl":{"start":{"line":210,"column":44},"end":{"line":210,"column":45}},"loc":{"start":{"line":210,"column":62},"end":{"line":213,"column":1}},"line":210},"3":{"name":"(anonymous_3)","decl":{"start":{"line":216,"column":43},"end":{"line":216,"column":44}},"loc":{"start":{"line":216,"column":81},"end":{"line":239,"column":1}},"line":216},"4":{"name":"(anonymous_4)","decl":{"start":{"line":242,"column":43},"end":{"line":242,"column":44}},"loc":{"start":{"line":242,"column":65},"end":{"line":250,"column":1}},"line":242},"5":{"name":"(anonymous_5)","decl":{"start":{"line":253,"column":36},"end":{"line":253,"column":37}},"loc":{"start":{"line":253,"column":54},"end":{"line":257,"column":1}},"line":253},"6":{"name":"(anonymous_6)","decl":{"start":{"line":260,"column":37},"end":{"line":260,"column":38}},"loc":{"start":{"line":260,"column":55},"end":{"line":265,"column":1}},"line":260},"7":{"name":"(anonymous_7)","decl":{"start":{"line":268,"column":35},"end":{"line":268,"column":36}},"loc":{"start":{"line":268,"column":77},"end":{"line":281,"column":1}},"line":268},"8":{"name":"(anonymous_8)","decl":{"start":{"line":284,"column":37},"end":{"line":284,"column":38}},"loc":{"start":{"line":284,"column":55},"end":{"line":289,"column":1}},"line":284},"9":{"name":"(anonymous_9)","decl":{"start":{"line":292,"column":37},"end":{"line":292,"column":38}},"loc":{"start":{"line":292,"column":49},"end":{"line":309,"column":1}},"line":292},"10":{"name":"(anonymous_10)","decl":{"start":{"line":312,"column":39},"end":{"line":312,"column":40}},"loc":{"start":{"line":312,"column":57},"end":{"line":314,"column":1}},"line":312},"11":{"name":"(anonymous_11)","decl":{"start":{"line":317,"column":45},"end":{"line":317,"column":46}},"loc":{"start":{"line":317,"column":63},"end":{"line":319,"column":1}},"line":317},"12":{"name":"(anonymous_12)","decl":{"start":{"line":322,"column":45},"end":{"line":322,"column":46}},"loc":{"start":{"line":322,"column":57},"end":{"line":328,"column":1}},"line":322},"13":{"name":"(anonymous_13)","decl":{"start":{"line":331,"column":56},"end":{"line":331,"column":57}},"loc":{"start":{"line":331,"column":68},"end":{"line":336,"column":1}},"line":331}},"branchMap":{"0":{"loc":{"start":{"line":216,"column":67},"end":{"line":216,"column":79}},"type":"default-arg","locations":[{"start":{"line":216,"column":75},"end":{"line":216,"column":79}}],"line":216},"1":{"loc":{"start":{"line":2
[...]
,"E:\\Paulo ML\\projeto-sass\\src\\scripts\\mercado-livre\\sync-manager.js": {"path":"E:\\Paulo ML\\projeto-sass\\src\\scripts\\mercado-livre\\sync-manager.js","statementMap":{"0":{"start":{"line":8,"column":4},"end":{"line":8,"column":44}},"1":{"start":{"line":9,"column":4},"end":{"line":9,"column":39}},"2":{"start":{"line":10,"column":4},"end":{"line":10,"column":29}},"3":{"start":{"line":11,"column":4},"end":{"line":11,"column":31}},"4":{"start":{"line":12,"column":4},"end":{"line":12,"column":29}},"5":{"start":{"line":13,"column":4},"end":{"line":13,"column":32}},"6":{"start":{"line":15,"column":4},"end":{"line":15,"column":48}},"7":{"start":{"line":22,"column":4},"end":{"line":62,"column":5}},"8":{"start":{"line":23,"column":6},"end":{"line":23,"column":54}},"9":{"start":{"line":24,"column":23},"end":{"line":24,"column":52}},"10":{"start":{"line":26,"column":6},"end":{"line":55,"column":7}},"11":{"start":{"line":27,"column":8},"end":{"line":54,"column":9}},"12":{"start":{"line":29,"column":10},"end":{"line":32,"column":11}},"13":{"start":{"line":30,"column":12},"end":{"line":30,"column":78}},"14":{"start":{"line":31,"column":12},"end":{"line":31,"column":53}},"15":{"start":{"line":35,"column":24},"end":{"line":35,"column":65}},"16":{"start":{"line":36,"column":10},"end":{"line":36,"column":75}},"17":{"start":{"line":38,"column":10},"end":{"line":43,"column":13}},"18":{"start":{"line":45,"column":10},"end":{"line":45,"column":67}},"19":{"start":{"line":48,"column":10},"end":{"line":48,"column":77}},"20":{"start":{"line":49,"column":10},"end":{"line":53,"column":13}},"21":{"start":{"line":57,"column":6},"end":{"line":57,"column":71}},"22":{"start":{"line":60,"column":6},"end":{"line":60,"column":65}},"23":{"start":{"line":61,"column":6},"end":{"line":61,"column":18}},"24":{"start":{"line":69,"column":4},"end":{"line":69,"column":72}},"25":{"start":{"line":70,"column":20},"end":{"line":70,"column":29}},"26":{"start":{"line":72,"column":4},"end":{"line":103,"column":5}},"27":{"start":{"line":73,"column":6},"end":{"line":102,"column":7}},"28":{"start":{"line":74,"column":8},"end":{"line":79,"column":11}},"29":{"start":{"line":81,"column":21},"end":{"line":81,"column":59}},"30":{"start":{"line":82,"column":8},"end":{"line":82,"column":57}},"31":{"start":{"line":84,"column":8},"end":{"line":89,"column":11}},"32":{"start":{"line":91,"column":8},"end":{"line":91,"column":69}},"33":{"start":{"line":94,"column":8},"end":{"line":94,"column":65}},"34":{"start":{"line":95,"column":8},"end":{"line":95,"column":71}},"35":{"start":{"line":97,"column":8},"end":{"line":101,"column":11}},"36":{"start":{"line":105,"column":4},"end":{"line":105,"column":19}},"37":{"start":{"line":112,"column":4},"end":{"line":179,"column":5}},"38":{"start":{"line":113,"column":19},"end":{"line":121,"column":7}},"39":{"start":{"line":124,"column":6},"end":{"line":124,"column":39}},"40":{"start":{"line":127,"column":6},"end":{"line":132,"column":7}},"41":{"start":{"line":128,"column":8},"end":{"line":128,"column":43}},"42":{"start":{"line":129,"column":8},"end":{"line":129,"column":41}},"43":{"start":{"line":131,"column":8},"end":{"line":131,"column":66}},"44":{"start":{"line":135,"column":6},"end":{"line":140,"column":7}},"45":{"start":{"line":136,"column":8},"end":{"line":136,"column":53}},"46":{"start":{"line":137,"column":8},"end":{"line":137,"column":41}},"47":{"start":{"line":139,"column":8},"end":{"line":139,"column":66}},"48":{"start":{"line":143,"column":6},"end":{"line":149,"column":7}},"49":{"start":{"line":144,"column":28},"end":{"line":144,"column":56}},"50":{"start":{"line":145,"column":8},"end":{"line":145,"column":47}},"51":{"start":{"line":146,"column":8},"end":{"line":146,"column":41}},"52":{"start":{"line":148,"column":8},"end":{"line":148,"column":64}},"53":{"start":{"line":152,"column":6},"end":{"line":158,"column":7}},"54":{"start":{"line":153,"column":29},"end":{"line":153,"column":63}},"55":{"start":{"line":154,"column":8},"end":{"line":154,"column":48}},"56":{"start":{"line":155,"column":8},"end":{"line":155,"column":41}},"57":{"start":{"line":157,"column":8},"end":{"line":157,"column":65}},"58":{"start":{"line":161,"column":6},"end":{"line":169,"column":7}},"59":{"start":{"line":162,"column":8},"end":{"line":165,"column":10}},"60":{"start":{"line":166,"column":8},"end":{"line":166,"column":42}},"61":{"start":{"line":168,"column":8},"end":{"line":168,"column":67}},"62":{"start":{"line":172,"column":6},"end":{"line":172,"column":42}},"63":{"start":{"line":174,"column":6},"end":{"line":174,"column":18}},"64":{"start":{"line":177,"column":6},"end":{"line":177,"column":57}},"65":{"start":{"line":178,"column":6},"end":{"line":178,"column":18}},"66":{"start":{"line":186,"column":4},"end":{"line":188,"column":5}},"67":{"start":{"line":187,"column":6},"end":{"line":187,"column":39}},"68":{"start":{"line":190,"column":4},"end":{"line":190,"column":75}},"69":{"start":{"line":192,"column":4},"end":{"line":195,"column":6}},"70":{"start":{"line":193,"column":12},"end":{"line":193,"column":34}},"71":{"start":{"line":197,"column":4},"end":{"line":197,"column":32}},"72":{"start":{"line":204,"column":4},"end":{"line":207,"column":5}},"73":{"start":{"line":205,"column":6},"end":{"line":205,"column":39}},"74":{"start":{"line":206,"column":6},"end":{"line":206,"column":31}},"75":{"start":{"line":208,"column":4},"end":{"line":208,"column":33}},"76":{"start":{"line":209,"column":4},"end":{"line":209,"column":42}},"77":{"start":{"line":216,"column":4},"end":{"line":218,"column":5}},"78":{"start":{"line":217,"column":6},"end":{"line":217,"column":65}},"79":{"start":{"line":221,"column":21},"end":{"line":221,"column":23}},"80":{"start":{"line":222,"column":4},"end":{"line":224,"column":5}},"81":{"start":{"line":223,"column":6},"end":{"line":223,"column":32}},"82":{"start":{"line":225,"column":4},"end":{"line":225,"column":20}},"83":{"start":{"line":232,"column":16},"end":{"line":232,"column":43}},"84":{"start":{"line":233,"column":17},"end":{"line":233,"column":42}},"85":{"start":{"line":234,"column":4},"end":{"line":234,"column":42}},"86":{"start":{"line":241,"column":17},"end":{"line":241,"column":19}},"87":{"start":{"line":242,"column":21},"end":{"line":242,"column":50}},"88":{"start":{"line":244,"column":4},"end":{"line":246,"column":5}},"89":{"start":{"line":245,"column":6},"end":{"line":245,"column":57}},"90":{"start":{"line":248,"column":4},"end":{"line":248,"column":16}},"91":{"start":{"line":255,"column":20},"end":{"line":255,"column":44}},"92":{"start":{"line":256,"column":20},"end":{"line":264,"column":5}},"93":{"start":{"line":266,"column":27},"end":{"line":266,"column":28}},"94":{"start":{"line":267,"column":22},"end":{"line":267,"column":23}},"95":{"start":{"line":269,"column":4},"end":{"line":296,"column":5}},"96":{"start":{"line":270,"column":6},"end":{"line":270,"column":33}},"97":{"start":{"line":270,"column":24},"end":{"line":270,"column":33}},"98":{"start":{"line":272,"column":22},"end":{"line":272,"column":88}},"99":{"start":{"line":272,"column":62},"end":{"line":272,"column":87}},"100":{"start":{"line":274,"column":6},"end":{"line":281,"column":8}},"101":{"start":{"line":279,"column":10},"end":{"line":279,"column":41}},"102":{"start":{"line":283,"column":6},"end":{"line":283,"column":62}},"103":{"start":{"line":284,"column":6},"end":{"line":284,"column":60}},"104":{"start":{"line":285,"column":6},"end":{"line":285,"column":63}},"105":{"start":{"line":288,"column":28},"end":{"line":288,"column":52}},"106":{"start":{"line":289,"column":6},"end":{"line":295,"column":7}},"107":{"start":{"line":290,"column":31},"end":{"line":292,"column":9}},"108":{"start":{"line":291,"column":10},"end":{"line":291,"column":41}},"109":{"start":{"line":293,"column":8},"end":{"line":293,"column":43}},"110":{"start":{"line":294,"column":8},"end":{"line":294,"column":44}},"111":{"start":{"line":298,"column":4},"end":{"line":298,"column":85}},"112":{"start":{"line":300,"column":4},"end":{"line":300,"column":19}},"113":{"start":{"line":307,"column":18},"end":{"line":307,"column":44}},"114":{"start":{"line":308,"column":4},"end":{"line":310,"column":5}},"115":{"start":{"line":309,"column":6},"end":{"line":309,"column":32}},"116":{"start":{"line":317,"column":16},"end":{"line":317,"column":43}},"117":{"start":{"line":318,"column":4},"end":{"line":318,"column":52}},"118":{"start":{"line":325,"column":17},"end":{"line":325,"column":39}},"119":{"start":{"line":326,"column":20},"end":{"line":326,"column":46}},"120":{"start":{"line":327,"column":4},"end":{"line":327,"column":35}},"121":{"start":{"line":334,"column":4},"end":{"line":355,"column":5}},"122":{"start":{"line":336,"column":6},"end":{"line":336,"column":41}},"123":{"start":{"line":339,"column":6},"end":{"line":339,"column":34}},"124":{"start":{"line":342,"column":18},"end":{"line":342,"column":45}},"125":{"start":{"line":343,"column":6},"end":{"line":343,"column":35}},"126":{"start":{"line":346,"column":6},"end":{"line":346,"column":36}},"127":{"start":{"line":348,"column":6},"end":{"line":348,"column":52}},"128":{"start":{"line":350,"column":6},"end":{"line":350,"column":18}},"129":{"start":{"line":353,"column":6},"end":{"line":353,"column":51}},"130":{"start":{"line":354,"column":6},"end":{"line":354,"column":19}},"131":{"start":{"line":362,"column":4},"end":{"line":362,"column":41}},"132":{"start":{"line":367,"column":0},"end":{"line":367,"column":37}}},"fnMap":{"0":{"name":"(anonymous_0)","decl":{"start":{"line":7,"column":2},"end":{"line":7,"column":3}},"loc":{"start":{"line":7,"column":16},"end":{"line":16,"column":3}},"line":7},"1":{"name":"(anonymous_1)","decl":{"start":{"line":21,"column":2},"end":{"line":21,"column":3}},"loc":{"start":{"line":21,"column":21},"end":{"line":63,"column":3}},"line":21},"2":{"name":"(anonymous_2)","decl":{"start":{"line":68,"column":2},"end":{"line":68,"column":3}},"loc":{"start":{"line":68,"column":26},"end":{"line":106,"column":3}},"line":68},"3":{"name":"(anonymous_3)","decl":{"start":{"line":111,"column":2},"end":{"line":111,"column":3}},"loc":{"start":{"line":111,"column":36},"end":{"line":180,"column":3}},"line":111},"4":{"name":"(anonymous_4)","decl":{"start":{"line":185,"column":2},"end":{"line":185,"column":3}},"loc":{"start":{"line":185,"column":38},"end":{"line":198,"column":3}},"line":185},"5":{"name":"(anonymous_5)","decl":{"start":{"line":193,"column":6},"end":{"line":193,"column":7}},"loc":{"start":{"line":193,"column":12},"end":{"line":193,"column":34}},"line":193},"6":{"name":"(anonymous_6)","decl":{"start":{"line":203,"column":2},"end":{"line":203,"column":3}},"loc":{"start":{"line":203,"column":20},"end":{"line":210,"column":3}},"line":203},"7":{"name":"(anonymous_7)","decl":{"start":{"line":215,"column":2},"end":{"line":215,"column":3}},"loc":{"start":{"line":215,"column":31},"end":{"line":226,"column":3}},"line":215},"8":{"name":"(anonymous_8)","decl":{"start":{"line":231,"column":2},"end":{"line":231,"column":3}},"loc":{"start":{"line":231,"column":25},"end":{"line":235,"column":3}},"line":231},"9":{"name":"(anonymous_9)","decl":{"start":{"line":240,"column":2},"end":{"line":240,"column":3}},"loc":{"start":{"line":240,"column":22},"end":{"line":249,"column":3}},"line":240},"10":{"name":"(anonymous_10)","decl":{"start":{"line":254,"column":2},"end":{"line":254,"column":3}},"loc":{"start":{"line":254,"column":25},"end":{"line":301,"column":3}},"line":254},"11":{"name":"(anonymous_11)","decl":{"start":{"line":272,"column":57},"end":{"line":272,"column":58}},"loc":{"start":{"line":272,"column":62},"end":{"line":272,"column":87}},"line":272},"12":{"name":"(anonymous_12)","decl":{"start":{"line":278,"column":51},"end":{"line":278,"column":52}},"loc":{"start":{"line":279,"column":10},"end":{"line":279,"column":41}},"line":279},"13":{"name":"(anonymous_13)","decl":{"start":{"line":290,"column":52},"end":{"line":290,"column":53}},"loc":{"start":{"line":291,"column":10},"end":{"line":291,"column":41}},"line":291},"14":{"name":"(anonymous_14)","decl":{"start":{"line":306,"column":2},"end":{"line":306,"column":3}},"loc":{"start":{"line":306,"column":36},"end":{"line":311,"column":3}},"line":306},"15":{"name":"(anonymous_15)","decl":{"start":{"line":316,"column":2},"end":{"line":316,"column":3}},"loc":{"start":{"line":316,"column":33},"end":{"line":319,"column":3}},"line":316},"16":{"name":"(anonymous_16)","decl":{"start":{"line":324,"column":2},"end":{"line":324,"column":3}},"loc":{"start":{"line":324,"column":31},"end":{"line":328,"column":3}},"line":324},"17":{"name":"(anonymous_17)","decl":{"start":{"line":333,"column":2},"end":{"line":333,"column":3}},"loc":{"start":{"line":333,"column":34},"end":{"line":356,"column":3}},"line":333},"18":{"name":"(anonymous_18)","decl":{"start":{"line":361,"column":2},"end":{"line":361,"column":3}},"loc":{"start":{"line":361,"column":25},"end":{"line":363,"column":3}},"line":361}},"branchMap":{"0":{"loc":{"start":{"line":29,"column":10},"end":{"line":32,"column":11}},"type":"if","locations":[{"start":{"line":29,"column":10},"end":{"line":32,"column":11}},{"start":{},"end":{}}],"line":29},"1":{"loc":{"start":{"line":145,"column":21},"end":{"line":145,"column":46}},"type":"binary-expr","locations":[{"start":{"line":145,"column":21},"end":{"line":145,"column":40}},{"start":{"line":145,"column":44},"end":{"line":145,"column":46}}],"line":145},"2":{"loc":{"start":{"line":154,"column":22},"end":{"line":154,"column":47}},"type":"binary-expr","locations":[{"start":{"line":154,"column":22},"end":{"line":154,"column":41}},{"start":{"line":154,"column":45},"end":{"line":154,"column":47}}],"line":154},"3":{"loc":{"start":{"line":185,"column":17},"end":{"line":185,"column":36}},"type":"default-arg","locations":[{"start":{"line":185,"column":35},"end":{"line":185,"column":36}}],"line":185},"4":{"loc":{"start":{"line":186,"column":4},"end":{"line":188,"column":5}},"type":"if","locations":[{"start":{"line":186,"column":4},"end":{"line":188,"column":5}},{"start":{},"end":{}}],"line":186},"5":{"loc":{"start":{"line":204,"column":4},"end":{"line":207,"column":5}},"type":"if","locations":[{"start":{"line":204,"column":4},"end":{"line":207,"column":5}},{"start":{},"end":{}}],"line":204},"6":{"loc":{"start":{"line":215,"column":16},"end":{"line":215,"column":29}},"type":"default-arg","locations":[{"start":{"line":215,"column":25},"end":{"line":215,"column":29}}],"line":215},"7":{"loc":{"start":{"line":216,"column":4},"end":{"line":218,"column":5}},"type":"if","locations":[{"start":{"line":216,"column":4},"end":{"line":218,"column":5}},{"start":{},"end":{}}],"line":216},"8":{"loc":{"start":{"line":217,"column":13},"end":{"line":217,"column":64}},"type":"binary-expr","locations":[{"start":{"line":217,"column":13},"end":{"line":217,"column":39}},{"start":{"line":217,"column":43},"end":{"line":217,"column":64}}],"line":217},"9":{"loc":{"start":{"line":234,"column":11},"end":{"line":234,"column":41}},"type":"cond-expr","locations":[{"start":{"line":234,"column":18},"end":{"line":234,"column":34}},{"start":{"line":234,"column":37},"end":{"line":234,"column":41}}],"line":234},"10":{"loc":{"start":{"line":270,"column":6},"end":{"line":270,"column":33}},"type":"if","locations":[{"start":{"line":270,"column":6},"end":{"line":270,"column":33}},{"start":{},"end":{}}],"line":270},"11":{"loc":{"start":{"line":275,"column":18},"end":{"line":275,"column":53}},"type":"binary-expr","locations":[{"start":{"line":275,"column":18},"end":{"line":275,"column":35}},{"start":{"line":275,"column":39},"end":{"line":275,"column":53}}],"line":275},"12":{"loc":{"start":{"line":276,"column":18},"end":{"line":276,"column":48}},"type":"binary-expr","locations":[{"start":{"line":276,"column":18},"end":{"line":276,"column":43}},{"start":{"line":276,"column":47},"end":{"line":276,"column":48}}],"line":276},"13":{"loc":{"start":{"line":277,"column":15},"end":{"line":277,"column":46}},"type":"binary-expr","locations":[{"start":{"line":277,"column":15},"end":{"line":277,"column":41}},{"start":{"line":277,"column":45},"end":{"line":277,"column":46}}],"line":277},"14":{"loc":{"start":{"line":278,"column":18},"end":{"line":278,"column":42}},"type":"binary-expr","locations":[{"start":{"line":278,"column":18},"end":{"line":278,"column":36}},{"start":{"line":278,"column":40},"end":{"line":278,"column":42}}],"line":278},"15":{"loc":{"start":{"line":279,"column":17},"end":{"line":279,"column":40}},"type":"binary-expr","locations":[{"start":{"line":279,"column":17},"end":{"line":279,"column":35}},{"start":{"line":279,"column":39},"end":{"line":279,"column":40}}],"line":279},"16":{"loc":{"start":{"line":283,"column":31},"end":{"line":283,"column":61}},"type":"binary-expr","locations":[{"start":{"line":283,"column":31},"end":{"line":283,"column":56}},{"start":{"line":283,"column":60},"end":{"line":283,"column":61}}],"line":283},"17":{"loc":{"start":{"line":284,"column":28},"end":{"line":284,"column":59}},"type":"binary-expr","locations":[{"start":{"line":284,"column":28},"end":{"line":284,"column":54}},{"start":{"line":284,"column":58},"end":{"line":284,"column":59}}],"line":284},"18":{"loc":{"start":{"line":288,"column":28},"end":{"line":288,"column":52}},"type":"binary-expr","locations":[{"start":{"line":288,"column":28},"end":{"line":288,"column":46}},{"start":{"line":288,"column":50},"end":{"line":288,"column":52}}],"line":288},"19":{"loc":{"start":{"line":289,"column":6},"end":{"line":295,"column":7}},"type":"if","locations":[{"start":{"line":289,"column":6},"end":{"line":295,"column":7}},{"start":{},"end":{}}],"line":289},"20":{"loc":{"start":{"line":291,"column":17},"end":{"line":291,"column":40}},"type":"binary-expr","locations":[{"start":{"line":291,"column":17},"end":{"line":291,"column":35}},{"start":{"line":291,"column":39},"end":{"line":291,"column":40}}],"line":291},"21":{"loc":{"start":{"line":298,"column":32},"end":{"line":298,"column":84}},"type":"cond-expr","locations":[{"start":{"line":298,"column":50},"end":{"line":298,"column":80}},{"start":{"line":298,"column":83},"end":{"line":298,"column":84}}],"line":298},"22":{"loc":{"start":{"line":308,"column":4},"end":{"line":310,"column":5}},"type":"if","locations":[{"start":{"line":308,"column":4},"end":{"line":310,"column":5}},{"start":{},"end":{}}],"line":308}},"s":{"0":0,"1":0,"2":0,"3":0,"4":0,"5":0,"6":0,"7":0,"8":0,"9":0,"10":0,"11":0,"12":0,"13":0,"14":0,"15":0,"16":0,"17":0,"18":0,"19":0,"20":0,"21":0,"22":0,"23":0,"24":0,"25":0,"26":0,"27":0,"28":0,"29":0,"30":0,"31":0,"32":0,"33":0,"34":0,"35":0,"36":0,"37":0,"38":0,"39":0,"40":0,"41":0,"42":0,"43":0,"44":0,"45":0,"46":0,"47":0,"48":0,"49":0,"50":0,"51":0,"52":0,"53":0,"54":0,"55":0,"56":0,"57":0,"58":0,"59":0,"60":0,"61":0,"62":0,"63":0,"64":0,"65":0,"66":0,"67":0,"68":0,"69":0,"70":0,"71":0,"72":0,"73":0,"74":0,"75":0,"76":0,"77":0,"78":0,"79":0,"80":0,"81":0,"82":0,"83":0,"84":0,"85":0,"86":0,"87":0,"88":0,"89":0,"90":0,"91":0,"92":0,"93":0,"94":0,"95":0,"96":0,"97":0,"98":0,"99":0,"100":0,"101":0,"102":0,"103":0,"104":0,"105":0,"106":0,"107":0,"108":0,"109":0,"110":0,"111":0,"112":0,"113":0,"114":0,"115":0,"116":0,"117":0,"118":0,"119":0,"120":0,"121":0,"122":0,"123":0,"124":0,"125":0,"126":0,"127":0,"128":0,"129":0,"130":0,"131":0,"132":0},"f":{"0":0,"1":0,"2":0,"3":0,"4":0,"5":0,"6":0,"7":0,"8":0,"9":0,"10":0,"11":0,"12":0,"13":0,"14":0,"15":0,"16":0,"17":0,"18":0},"b":{"0":[0,0],"1":[0,0],"2":[0,0],"3":[0],"4":[0,0],"5":[0,0],"6":[0],"7":[0,0],"8":[0,0],"9":[0,0],"10":[0,0],"11":[0,0],"12":[0,0],"13":[0,0],"14":[0,0],"15":[0,0],"16":[0,0],"17":[0,0],"18":[0,0],"19":[0,0],"20":[0,0],"21":[0,0],"22":[0,0]},"inputSourceMap":null}
}
