TN:
SF:backend\logger.js
FN:48,(anonymous_0)
FN:53,(anonymous_1)
FN:57,(anonymous_2)
FN:61,(anonymous_3)
FN:65,(anonymous_4)
FN:72,(anonymous_5)
FN:95,(anonymous_6)
FN:111,(anonymous_7)
FN:130,(anonymous_8)
FNF:9
FNH:3
FNDA:1,(anonymous_0)
FNDA:2,(anonymous_1)
FNDA:1,(anonymous_2)
FNDA:0,(anonymous_3)
FNDA:0,(anonymous_4)
FNDA:0,(anonymous_5)
FNDA:0,(anonymous_6)
FNDA:0,(anonymous_7)
FNDA:0,(anonymous_8)
DA:6,1
DA:7,1
DA:9,1
DA:10,1
DA:13,1
DA:31,1
DA:42,1
DA:49,1
DA:50,1
DA:54,2
DA:58,1
DA:62,0
DA:66,0
DA:73,0
DA:83,0
DA:84,0
DA:85,0
DA:86,0
DA:88,0
DA:96,0
DA:105,0
DA:112,0
DA:118,0
DA:119,0
DA:120,0
DA:121,0
DA:122,0
DA:123,0
DA:131,0
DA:138,0
DA:139,0
DA:141,0
DA:147,1
DA:148,1
LF:34
LH:13
BRDA:14,0,0,1
BRDA:14,0,1,1
BRDA:14,1,0,0
BRDA:14,1,1,1
BRDA:31,2,0,0
BRDA:31,2,1,1
BRDA:48,3,0,0
BRDA:53,4,0,2
BRDA:57,5,0,1
BRDA:61,6,0,0
BRDA:65,7,0,0
BRDA:83,8,0,0
BRDA:83,8,1,0
BRDA:85,9,0,0
BRDA:85,9,1,0
BRDA:95,10,0,0
BRDA:111,11,0,0
BRDA:118,12,0,0
BRDA:118,12,1,0
BRDA:120,13,0,0
BRDA:120,13,1,0
BRDA:122,14,0,0
BRDA:122,14,1,0
BRDA:130,15,0,0
BRDA:138,16,0,0
BRDA:138,16,1,0
BRF:26
BRH:6
end_of_record
TN:
SF:backend\server-old.js
FN:43,(anonymous_0)
FN:66,(anonymous_1)
FN:80,(anonymous_2)
FN:84,(anonymous_3)
FN:107,(anonymous_4)
FN:112,(anonymous_5)
FN:120,broadcastToClients
FN:121,(anonymous_7)
FN:131,notifyAccountUpdate
FN:132,(anonymous_9)
FN:153,(anonymous_10)
FN:162,(anonymous_11)
FN:178,(anonymous_12)
FN:200,(anonymous_13)
FN:202,(anonymous_14)
FN:208,(anonymous_15)
FN:210,(anonymous_16)
FNF:17
FNH:0
FNDA:0,(anonymous_0)
FNDA:0,(anonymous_1)
FNDA:0,(anonymous_2)
FNDA:0,(anonymous_3)
FNDA:0,(anonymous_4)
FNDA:0,(anonymous_5)
FNDA:0,broadcastToClients
FNDA:0,(anonymous_7)
FNDA:0,notifyAccountUpdate
FNDA:0,(anonymous_9)
FNDA:0,(anonymous_10)
FNDA:0,(anonymous_11)
FNDA:0,(anonymous_12)
FNDA:0,(anonymous_13)
FNDA:0,(anonymous_14)
FNDA:0,(anonymous_15)
FNDA:0,(anonymous_16)
DA:6,0
DA:7,0
DA:8,0
DA:9,0
DA:10,0
DA:11,0
DA:12,0
DA:15,0
DA:18,0
DA:19,0
DA:20,0
DA:23,0
DA:24,0
DA:31,0
DA:38,0
DA:39,0
DA:40,0
DA:43,0
DA:44,0
DA:45,0
DA:46,0
DA:54,0
DA:55,0
DA:56,0
DA:57,0
DA:60,0
DA:61,0
DA:62,0
DA:63,0
DA:66,0
DA:67,0
DA:78,0
DA:80,0
DA:81,0
DA:82,0
DA:84,0
DA:85,0
DA:86,0
DA:87,0
DA:90,0
DA:92,0
DA:93,0
DA:96,0
DA:97,0
DA:98,0
DA:100,0
DA:103,0
DA:107,0
DA:108,0
DA:109,0
DA:112,0
DA:113,0
DA:121,0
DA:122,0
DA:123,0
DA:132,0
DA:133,0
DA:134,0
DA:145,0
DA:146,0
DA:153,0
DA:154,0
DA:162,0
DA:163,0
DA:165,0
DA:166,0
DA:168,0
DA:178,0
DA:179,0
DA:200,0
DA:201,0
DA:202,0
DA:203,0
DA:204,0
DA:208,0
DA:209,0
DA:210,0
DA:211,0
DA:212,0
DA:216,0
LF:80
LH:0
BRDA:19,0,0,0
BRDA:19,0,1,0
BRDA:20,1,0,0
BRDA:20,1,1,0
BRDA:32,2,0,0
BRDA:32,2,1,0
BRDA:90,3,0,0
BRDA:90,3,1,0
BRDA:90,3,2,0
BRDA:122,4,0,0
BRDA:122,4,1,0
BRDA:133,5,0,0
BRDA:133,5,1,0
BRDA:133,6,0,0
BRDA:133,6,1,0
BRDA:165,7,0,0
BRDA:165,7,1,0
BRDA:166,8,0,0
BRDA:166,8,1,0
BRDA:170,9,0,0
BRDA:170,9,1,0
BRF:21
BRH:0
end_of_record
TN:
SF:backend\server.js
FN:65,(anonymous_0)
FN:66,(anonymous_1)
FN:90,(anonymous_2)
FN:100,(anonymous_3)
FN:127,(anonymous_4)
FN:162,(anonymous_5)
FN:171,(anonymous_6)
FN:175,(anonymous_7)
FN:201,(anonymous_8)
FN:206,(anonymous_9)
FN:212,(anonymous_10)
FN:213,(anonymous_11)
FN:222,(anonymous_12)
FN:229,broadcastToClients
FN:230,(anonymous_14)
FN:240,notifyAccountUpdate
FN:241,(anonymous_16)
FN:262,(anonymous_17)
FN:272,(anonymous_18)
FN:300,startServer
FN:307,(anonymous_20)
FN:313,(anonymous_21)
FN:345,(anonymous_22)
FN:347,(anonymous_23)
FN:349,(anonymous_24)
FN:354,(anonymous_25)
FN:360,(anonymous_26)
FN:362,(anonymous_27)
FN:364,(anonymous_28)
FN:369,(anonymous_29)
FN:373,(anonymous_30)
FNF:31
FNH:0
FNDA:0,(anonymous_0)
FNDA:0,(anonymous_1)
FNDA:0,(anonymous_2)
FNDA:0,(anonymous_3)
FNDA:0,(anonymous_4)
FNDA:0,(anonymous_5)
FNDA:0,(anonymous_6)
FNDA:0,(anonymous_7)
FNDA:0,(anonymous_8)
FNDA:0,(anonymous_9)
FNDA:0,(anonymous_10)
FNDA:0,(anonymous_11)
FNDA:0,(anonymous_12)
FNDA:0,broadcastToClients
FNDA:0,(anonymous_14)
FNDA:0,notifyAccountUpdate
FNDA:0,(anonymous_16)
FNDA:0,(anonymous_17)
FNDA:0,(anonymous_18)
FNDA:0,startServer
FNDA:0,(anonymous_20)
FNDA:0,(anonymous_21)
FNDA:0,(anonymous_22)
FNDA:0,(anonymous_23)
FNDA:0,(anonymous_24)
FNDA:0,(anonymous_25)
FNDA:0,(anonymous_26)
FNDA:0,(anonymous_27)
FNDA:0,(anonymous_28)
FNDA:0,(anonymous_29)
FNDA:0,(anonymous_30)
DA:6,0
DA:7,0
DA:8,0
DA:9,0
DA:10,0
DA:11,0
DA:12,0
DA:13,0
DA:14,0
DA:17,0
DA:20,0
DA:23,0
DA:26,0
DA:27,0
DA:28,0
DA:30,0
DA:31,0
DA:38,0
DA:59,0
DA:65,0
DA:66,0
DA:69,0
DA:76,0
DA:77,0
DA:83,0
DA:84,0
DA:90,0
DA:92,0
DA:93,0
DA:96,0
DA:99,0
DA:100,0
DA:101,0
DA:102,0
DA:103,0
DA:106,0
DA:113,0
DA:121,0
DA:127,0
DA:128,0
DA:143,0
DA:144,0
DA:145,0
DA:146,0
DA:147,0
DA:150,0
DA:151,0
DA:152,0
DA:153,0
DA:154,0
DA:160,0
DA:162,0
DA:163,0
DA:164,0
DA:166,0
DA:167,0
DA:170,0
DA:171,0
DA:172,0
DA:175,0
DA:176,0
DA:177,0
DA:179,0
DA:181,0
DA:185,0
DA:187,0
DA:188,0
DA:192,0
DA:194,0
DA:197,0
DA:201,0
DA:202,0
DA:203,0
DA:206,0
DA:207,0
DA:212,0
DA:213,0
DA:214,0
DA:215,0
DA:217,0
DA:218,0
DA:222,0
DA:223,0
DA:230,0
DA:231,0
DA:232,0
DA:241,0
DA:242,0
DA:243,0
DA:254,0
DA:255,0
DA:262,0
DA:263,0
DA:272,0
DA:273,0
DA:274,0
DA:276,0
DA:284,0
DA:301,0
DA:303,0
DA:306,0
DA:307,0
DA:308,0
DA:313,0
DA:314,0
DA:315,0
DA:316,0
DA:317,0
DA:318,0
DA:319,0
DA:320,0
DA:321,0
DA:322,0
DA:323,0
DA:324,0
DA:325,0
DA:326,0
DA:327,0
DA:328,0
DA:329,0
DA:330,0
DA:331,0
DA:332,0
DA:333,0
DA:334,0
DA:335,0
DA:339,0
DA:340,0
DA:345,0
DA:346,0
DA:347,0
DA:348,0
DA:349,0
DA:350,0
DA:354,0
DA:355,0
DA:356,0
DA:360,0
DA:361,0
DA:362,0
DA:363,0
DA:364,0
DA:365,0
DA:369,0
DA:370,0
DA:373,0
DA:374,0
DA:375,0
DA:379,0
DA:380,0
DA:383,0
LF:151
LH:0
BRDA:30,0,0,0
BRDA:30,0,1,0
BRDA:31,1,0,0
BRDA:31,1,1,0
BRDA:48,2,0,0
BRDA:48,2,1,0
BRDA:66,3,0,0
BRDA:66,3,1,0
BRDA:114,4,0,0
BRDA:114,4,1,0
BRDA:179,5,0,0
BRDA:179,5,1,0
BRDA:179,5,2,0
BRDA:214,6,0,0
BRDA:214,6,1,0
BRDA:231,7,0,0
BRDA:231,7,1,0
BRDA:242,8,0,0
BRDA:242,8,1,0
BRDA:242,9,0,0
BRDA:242,9,1,0
BRDA:273,10,0,0
BRDA:273,10,1,0
BRDA:274,11,0,0
BRDA:274,11,1,0
BRDA:286,12,0,0
BRDA:286,12,1,0
BRDA:379,13,0,0
BRDA:379,13,1,0
BRF:29
BRH:0
end_of_record
TN:
SF:backend\db\accounts.js
FN:32,loadFromStorage
FN:64,saveAccountsToStorage
FN:75,saveEventsToStorage
FN:86,getAllAccounts
FN:93,getAccount
FN:95,(anonymous_5)
FN:97,(anonymous_6)
FN:105,getAccountByUserId
FN:106,(anonymous_8)
FN:112,saveAccount
FN:114,(anonymous_10)
FN:128,updateAccount
FN:129,(anonymous_12)
FN:149,deleteAccount
FN:150,(anonymous_14)
FN:165,saveEvent
FN:180,getEventsByAccount
FN:182,(anonymous_17)
FN:190,getEventsByTopic
FN:192,(anonymous_19)
FN:200,clearOldEvents
FN:205,(anonymous_21)
FNF:22
FNH:0
FNDA:0,loadFromStorage
FNDA:0,saveAccountsToStorage
FNDA:0,saveEventsToStorage
FNDA:0,getAllAccounts
FNDA:0,getAccount
FNDA:0,(anonymous_5)
FNDA:0,(anonymous_6)
FNDA:0,getAccountByUserId
FNDA:0,(anonymous_8)
FNDA:0,saveAccount
FNDA:0,(anonymous_10)
FNDA:0,updateAccount
FNDA:0,(anonymous_12)
FNDA:0,deleteAccount
FNDA:0,(anonymous_14)
FNDA:0,saveEvent
FNDA:0,getEventsByAccount
FNDA:0,(anonymous_17)
FNDA:0,getEventsByTopic
FNDA:0,(anonymous_19)
FNDA:0,clearOldEvents
FNDA:0,(anonymous_21)
DA:14,0
DA:15,0
DA:18,0
DA:19,0
DA:20,0
DA:23,0
DA:24,0
DA:28,0
DA:29,0
DA:33,0
DA:34,0
DA:35,0
DA:36,0
DA:37,0
DA:40,0
DA:41,0
DA:44,0
DA:45,0
DA:46,0
DA:47,0
DA:49,0
DA:50,0
DA:51,0
DA:53,0
DA:56,0
DA:57,0
DA:65,0
DA:66,0
DA:68,0
DA:76,0
DA:77,0
DA:79,0
DA:87,0
DA:94,0
DA:95,0
DA:96,0
DA:97,0
DA:99,0
DA:106,0
DA:114,0
DA:115,0
DA:116,0
DA:119,0
DA:120,0
DA:121,0
DA:122,0
DA:129,0
DA:131,0
DA:132,0
DA:135,0
DA:141,0
DA:142,0
DA:143,0
DA:150,0
DA:152,0
DA:153,0
DA:156,0
DA:157,0
DA:158,0
DA:159,0
DA:166,0
DA:169,0
DA:170,0
DA:173,0
DA:174,0
DA:181,0
DA:182,0
DA:191,0
DA:192,0
DA:201,0
DA:202,0
DA:204,0
DA:205,0
DA:206,0
DA:209,0
DA:210,0
DA:211,0
DA:212,0
DA:215,0
DA:219,0
DA:221,0
LF:81
LH:0
BRDA:23,0,0,0
BRDA:23,0,1,0
BRDA:34,1,0,0
BRDA:34,1,1,0
BRDA:45,2,0,0
BRDA:45,2,1,0
BRDA:49,3,0,0
BRDA:49,3,1,0
BRDA:93,4,0,0
BRDA:94,5,0,0
BRDA:94,5,1,0
BRDA:95,6,0,0
BRDA:95,6,1,0
BRDA:96,7,0,0
BRDA:96,7,1,0
BRDA:97,8,0,0
BRDA:97,8,1,0
BRDA:106,9,0,0
BRDA:106,9,1,0
BRDA:115,10,0,0
BRDA:115,10,1,0
BRDA:131,11,0,0
BRDA:131,11,1,0
BRDA:152,12,0,0
BRDA:152,12,1,0
BRDA:169,13,0,0
BRDA:169,13,1,0
BRDA:180,14,0,0
BRDA:190,15,0,0
BRDA:200,16,0,0
BRDA:210,17,0,0
BRDA:210,17,1,0
BRF:32
BRH:0
end_of_record
TN:
SF:backend\db\migrate.js
FN:22,migrate
FN:51,createIndexes
FN:94,validateConnection
FN:104,(anonymous_3)
FNF:4
FNH:0
FNDA:0,migrate
FNDA:0,createIndexes
FNDA:0,validateConnection
FNDA:0,(anonymous_3)
DA:6,0
DA:7,0
DA:9,0
DA:10,0
DA:13,0
DA:14,0
DA:15,0
DA:17,0
DA:23,0
DA:24,0
DA:27,0
DA:31,0
DA:34,0
DA:37,0
DA:39,0
DA:40,0
DA:43,0
DA:44,0
DA:52,0
DA:54,0
DA:56,0
DA:57,0
DA:58,0
DA:59,0
DA:60,0
DA:61,0
DA:63,0
DA:66,0
DA:67,0
DA:68,0
DA:69,0
DA:70,0
DA:71,0
DA:72,0
DA:74,0
DA:77,0
DA:78,0
DA:79,0
DA:80,0
DA:81,0
DA:83,0
DA:86,0
DA:87,0
DA:95,0
DA:97,0
DA:99,0
DA:100,0
DA:103,0
DA:104,0
DA:105,0
DA:108,0
DA:109,0
DA:110,0
DA:112,0
DA:119,0
DA:120,0
DA:125,0
DA:126,0
DA:129,0
LF:59
LH:0
BRDA:17,0,0,0
BRDA:17,0,1,0
BRDA:125,1,0,0
BRDA:125,1,1,0
BRF:4
BRH:0
end_of_record
TN:
SF:backend\db\mongodb.js
FN:24,connectDB
FN:38,(anonymous_1)
FN:42,(anonymous_2)
FN:56,disconnectDB
FN:73,getConnectionStatus
FNF:5
FNH:0
FNDA:0,connectDB
FNDA:0,(anonymous_1)
FNDA:0,(anonymous_2)
FNDA:0,disconnectDB
FNDA:0,getConnectionStatus
DA:6,0
DA:7,0
DA:9,0
DA:10,0
DA:12,0
DA:25,0
DA:27,0
DA:28,0
DA:29,0
DA:30,0
DA:31,0
DA:34,0
DA:35,0
DA:38,0
DA:39,0
DA:42,0
DA:43,0
DA:46,0
DA:48,0
DA:49,0
DA:57,0
DA:58,0
DA:59,0
DA:60,0
DA:61,0
DA:63,0
DA:65,0
DA:66,0
DA:74,0
DA:82,0
LF:30
LH:0
BRDA:10,0,0,0
BRDA:10,0,1,0
BRDA:27,1,0,0
BRDA:27,1,1,0
BRDA:27,2,0,0
BRDA:27,2,1,0
BRDA:59,3,0,0
BRDA:59,3,1,0
BRF:8
BRH:0
end_of_record
TN:
SF:backend\db\models\Account.js
FN:110,(anonymous_0)
FN:116,(anonymous_1)
FN:121,(anonymous_2)
FN:127,(anonymous_3)
FN:134,(anonymous_4)
FN:139,(anonymous_5)
FNF:6
FNH:0
FNDA:0,(anonymous_0)
FNDA:0,(anonymous_1)
FNDA:0,(anonymous_2)
FNDA:0,(anonymous_3)
FNDA:0,(anonymous_4)
FNDA:0,(anonymous_5)
DA:6,0
DA:7,0
DA:9,0
DA:105,0
DA:106,0
DA:107,0
DA:110,0
DA:111,0
DA:112,0
DA:116,0
DA:117,0
DA:121,0
DA:122,0
DA:123,0
DA:127,0
DA:128,0
DA:129,0
DA:130,0
DA:134,0
DA:135,0
DA:139,0
DA:140,0
DA:143,0
DA:145,0
LF:24
LH:0
BRF:0
BRH:0
end_of_record
TN:
SF:backend\db\models\Event.js
FN:83,(anonymous_0)
FN:90,(anonymous_1)
FN:98,(anonymous_2)
FN:105,(anonymous_3)
FN:110,(anonymous_4)
FNF:5
FNH:0
FNDA:0,(anonymous_0)
FNDA:0,(anonymous_1)
FNDA:0,(anonymous_2)
FNDA:0,(anonymous_3)
FNDA:0,(anonymous_4)
DA:6,0
DA:8,0
DA:78,0
DA:79,0
DA:80,0
DA:83,0
DA:84,0
DA:85,0
DA:86,0
DA:90,0
DA:91,0
DA:92,0
DA:93,0
DA:94,0
DA:98,0
DA:99,0
DA:100,0
DA:101,0
DA:105,0
DA:106,0
DA:110,0
DA:111,0
DA:127,0
DA:129,0
LF:24
LH:0
BRF:0
BRH:0
end_of_record
TN:
SF:backend\db\models\Log.js
FNF:0
FNH:0
DA:6,0
DA:8,0
DA:58,0
DA:59,0
DA:60,0
DA:61,0
DA:63,0
DA:65,0
LF:8
LH:0
BRF:0
BRH:0
end_of_record
TN:
SF:backend\db\models\MLAccount.js
FN:15,(anonymous_0)
FN:205,(anonymous_1)
FN:210,(anonymous_2)
FN:216,(anonymous_3)
FN:242,(anonymous_4)
FN:253,(anonymous_5)
FN:260,(anonymous_6)
FN:268,(anonymous_7)
FN:284,(anonymous_8)
FN:292,(anonymous_9)
FN:312,(anonymous_10)
FN:317,(anonymous_11)
FN:322,(anonymous_12)
FN:331,(anonymous_13)
FNF:14
FNH:0
FNDA:0,(anonymous_0)
FNDA:0,(anonymous_1)
FNDA:0,(anonymous_2)
FNDA:0,(anonymous_3)
FNDA:0,(anonymous_4)
FNDA:0,(anonymous_5)
FNDA:0,(anonymous_6)
FNDA:0,(anonymous_7)
FNDA:0,(anonymous_8)
FNDA:0,(anonymous_9)
FNDA:0,(anonymous_10)
FNDA:0,(anonymous_11)
FNDA:0,(anonymous_12)
FNDA:0,(anonymous_13)
DA:7,0
DA:8,0
DA:10,0
DA:15,0
DA:197,0
DA:198,0
DA:199,0
DA:200,0
DA:201,0
DA:202,0
DA:205,0
DA:206,0
DA:210,0
DA:211,0
DA:212,0
DA:216,0
DA:217,0
DA:218,0
DA:219,0
DA:221,0
DA:222,0
DA:223,0
DA:225,0
DA:226,0
DA:230,0
DA:231,0
DA:234,0
DA:235,0
DA:236,0
DA:238,0
DA:242,0
DA:243,0
DA:249,0
DA:253,0
DA:254,0
DA:255,0
DA:256,0
DA:260,0
DA:261,0
DA:262,0
DA:263,0
DA:264,0
DA:268,0
DA:269,0
DA:270,0
DA:276,0
DA:277,0
DA:279,0
DA:280,0
DA:284,0
DA:285,0
DA:286,0
DA:287,0
DA:288,0
DA:292,0
DA:293,0
DA:312,0
DA:313,0
DA:317,0
DA:318,0
DA:322,0
DA:323,0
DA:331,0
DA:332,0
DA:338,0
LF:65
LH:0
BRDA:216,0,0,0
BRDA:218,1,0,0
BRDA:218,1,1,0
BRDA:221,2,0,0
BRDA:221,2,1,0
BRDA:223,3,0,0
BRDA:223,3,1,0
BRDA:225,4,0,0
BRDA:225,4,1,0
BRDA:230,5,0,0
BRDA:230,5,1,0
BRDA:244,6,0,0
BRDA:244,6,1,0
BRDA:245,7,0,0
BRDA:245,7,1,0
BRDA:246,8,0,0
BRDA:246,8,1,0
BRDA:268,9,0,0
BRDA:269,10,0,0
BRDA:269,10,1,0
BRDA:272,11,0,0
BRDA:272,11,1,0
BRDA:276,12,0,0
BRDA:276,12,1,0
BRDA:279,13,0,0
BRDA:279,13,1,0
BRDA:299,14,0,0
BRDA:299,14,1,0
BRF:28
BRH:0
end_of_record
TN:
SF:backend\db\models\User.js
FN:15,(anonymous_0)
FN:174,(anonymous_1)
FN:191,(anonymous_2)
FN:268,(anonymous_3)
FN:285,(anonymous_4)
FN:294,(anonymous_5)
FN:299,(anonymous_6)
FN:307,(anonymous_7)
FN:315,(anonymous_8)
FN:330,(anonymous_9)
FN:342,(anonymous_10)
FN:347,(anonymous_11)
FN:352,(anonymous_12)
FN:373,(anonymous_13)
FN:381,(anonymous_14)
FN:393,(anonymous_15)
FN:394,(anonymous_16)
FN:399,(anonymous_17)
FN:414,(anonymous_18)
FN:415,(anonymous_19)
FN:420,(anonymous_20)
FN:440,(anonymous_21)
FNF:22
FNH:0
FNDA:0,(anonymous_0)
FNDA:0,(anonymous_1)
FNDA:0,(anonymous_2)
FNDA:0,(anonymous_3)
FNDA:0,(anonymous_4)
FNDA:0,(anonymous_5)
FNDA:0,(anonymous_6)
FNDA:0,(anonymous_7)
FNDA:0,(anonymous_8)
FNDA:0,(anonymous_9)
FNDA:0,(anonymous_10)
FNDA:0,(anonymous_11)
FNDA:0,(anonymous_12)
FNDA:0,(anonymous_13)
FNDA:0,(anonymous_14)
FNDA:0,(anonymous_15)
FNDA:0,(anonymous_16)
FNDA:0,(anonymous_17)
FNDA:0,(anonymous_18)
FNDA:0,(anonymous_19)
FNDA:0,(anonymous_20)
FNDA:0,(anonymous_21)
DA:6,0
DA:7,0
DA:8,0
DA:10,0
DA:15,0
DA:174,0
DA:191,0
DA:261,0
DA:262,0
DA:263,0
DA:264,0
DA:265,0
DA:268,0
DA:270,0
DA:271,0
DA:274,0
DA:275,0
DA:276,0
DA:277,0
DA:278,0
DA:280,0
DA:285,0
DA:286,0
DA:287,0
DA:289,0
DA:294,0
DA:295,0
DA:299,0
DA:300,0
DA:301,0
DA:302,0
DA:303,0
DA:307,0
DA:308,0
DA:309,0
DA:310,0
DA:311,0
DA:315,0
DA:316,0
DA:317,0
DA:318,0
DA:320,0
DA:321,0
DA:323,0
DA:324,0
DA:325,0
DA:326,0
DA:330,0
DA:331,0
DA:332,0
DA:333,0
DA:335,0
DA:336,0
DA:338,0
DA:342,0
DA:343,0
DA:347,0
DA:348,0
DA:352,0
DA:354,0
DA:355,0
DA:362,0
DA:365,0
DA:366,0
DA:369,0
DA:373,0
DA:374,0
DA:381,0
DA:382,0
DA:383,0
DA:389,0
DA:393,0
DA:394,0
DA:395,0
DA:399,0
DA:400,0
DA:401,0
DA:410,0
DA:414,0
DA:415,0
DA:416,0
DA:420,0
DA:421,0
DA:440,0
DA:441,0
DA:445,0
DA:447,0
LF:87
LH:0
BRDA:270,0,0,0
BRDA:270,0,1,0
BRDA:317,1,0,0
BRDA:317,1,1,0
BRDA:320,2,0,0
BRDA:320,2,1,0
BRDA:332,3,0,0
BRDA:332,3,1,0
BRDA:335,4,0,0
BRDA:335,4,1,0
BRDA:348,5,0,0
BRDA:348,5,1,0
BRDA:354,6,0,0
BRDA:354,6,1,0
BRDA:354,7,0,0
BRDA:354,7,1,0
BRDA:365,8,0,0
BRDA:365,8,1,0
BRDA:365,9,0,0
BRDA:365,9,1,0
BRF:20
BRH:0
end_of_record
TN:
SF:backend\jobs\ml-accounts-sync.js
FN:24,refreshToken
FN:68,fetchMLAccountData
FN:133,syncMLAccount
FN:201,syncAllMLAccounts
FN:230,(anonymous_4)
FN:234,(anonymous_5)
FN:235,(anonymous_6)
FN:267,refreshExpiredTokens
FN:281,(anonymous_8)
FN:284,(anonymous_9)
FN:285,(anonymous_10)
FN:304,cleanupOldErrors
FN:329,healthCheck
FN:355,initializeSchedules
FN:362,(anonymous_14)
FN:368,(anonymous_15)
FN:374,(anonymous_16)
FN:380,(anonymous_17)
FN:397,(anonymous_18)
FNF:19
FNH:0
FNDA:0,refreshToken
FNDA:0,fetchMLAccountData
FNDA:0,syncMLAccount
FNDA:0,syncAllMLAccounts
FNDA:0,(anonymous_4)
FNDA:0,(anonymous_5)
FNDA:0,(anonymous_6)
FNDA:0,refreshExpiredTokens
FNDA:0,(anonymous_8)
FNDA:0,(anonymous_9)
FNDA:0,(anonymous_10)
FNDA:0,cleanupOldErrors
FNDA:0,healthCheck
FNDA:0,initializeSchedules
FNDA:0,(anonymous_14)
FNDA:0,(anonymous_15)
FNDA:0,(anonymous_16)
FNDA:0,(anonymous_17)
FNDA:0,(anonymous_18)
DA:7,0
DA:8,0
DA:10,0
DA:11,0
DA:12,0
DA:13,0
DA:14,0
DA:16,0
DA:18,0
DA:19,0
DA:25,0
DA:26,0
DA:27,0
DA:30,0
DA:37,0
DA:40,0
DA:41,0
DA:42,0
DA:43,0
DA:45,0
DA:47,0
DA:48,0
DA:50,0
DA:58,0
DA:59,0
DA:61,0
DA:69,0
DA:70,0
DA:76,0
DA:77,0
DA:80,0
DA:84,0
DA:87,0
DA:91,0
DA:94,0
DA:95,0
DA:96,0
DA:100,0
DA:102,0
DA:109,0
DA:115,0
DA:122,0
DA:123,0
DA:126,0
DA:134,0
DA:136,0
DA:137,0
DA:138,0
DA:139,0
DA:140,0
DA:149,0
DA:152,0
DA:155,0
DA:158,0
DA:159,0
DA:161,0
DA:170,0
DA:176,0
DA:183,0
DA:185,0
DA:186,0
DA:187,0
DA:190,0
DA:202,0
DA:203,0
DA:206,0
DA:208,0
DA:209,0
DA:210,0
DA:217,0
DA:220,0
DA:221,0
DA:223,0
DA:224,0
DA:225,0
DA:226,0
DA:229,0
DA:230,0
DA:234,0
DA:235,0
DA:237,0
DA:244,0
DA:250,0
DA:255,0
DA:268,0
DA:269,0
DA:271,0
DA:273,0
DA:274,0
DA:275,0
DA:278,0
DA:280,0
DA:281,0
DA:284,0
DA:285,0
DA:287,0
DA:294,0
DA:305,0
DA:306,0
DA:309,0
DA:314,0
DA:319,0
DA:330,0
DA:331,0
DA:332,0
DA:333,0
DA:334,0
DA:336,0
DA:345,0
DA:356,0
DA:358,0
DA:359,0
DA:362,0
DA:363,0
DA:365,0
DA:368,0
DA:369,0
DA:371,0
DA:374,0
DA:375,0
DA:377,0
DA:380,0
DA:381,0
DA:383,0
DA:385,0
DA:387,0
DA:391,0
DA:396,0
DA:397,0
DA:398,0
DA:402,0
DA:406,0
LF:132
LH:0
BRDA:26,0,0,0
BRDA:26,0,1,0
BRDA:84,1,0,0
BRDA:84,1,1,0
BRDA:91,2,0,0
BRDA:91,2,1,0
BRDA:100,3,0,0
BRDA:100,3,1,0
BRDA:122,4,0,0
BRDA:122,4,1,0
BRDA:136,5,0,0
BRDA:136,5,1,0
BRDA:139,6,0,0
BRDA:139,6,1,0
BRDA:185,7,0,0
BRDA:185,7,1,0
BRDA:208,8,0,0
BRDA:208,8,1,0
BRDA:229,9,0,0
BRDA:229,9,1,0
BRDA:273,10,0,0
BRDA:273,10,1,0
BRDA:396,11,0,0
BRDA:396,11,1,0
BRF:24
BRH:0
end_of_record
TN:
SF:backend\jobs\sync.js
FN:20,syncAccount
FN:72,syncAllAccounts
FN:93,(anonymous_2)
FN:107,initializeSchedules
FN:114,(anonymous_4)
FN:120,(anonymous_5)
FN:138,(anonymous_6)
FN:154,(anonymous_7)
FNF:8
FNH:0
FNDA:0,syncAccount
FNDA:0,syncAllAccounts
FNDA:0,(anonymous_2)
FNDA:0,initializeSchedules
FNDA:0,(anonymous_4)
FNDA:0,(anonymous_5)
FNDA:0,(anonymous_6)
FNDA:0,(anonymous_7)
DA:6,0
DA:7,0
DA:9,0
DA:10,0
DA:11,0
DA:12,0
DA:13,0
DA:15,0
DA:21,0
DA:22,0
DA:25,0
DA:26,0
DA:29,0
DA:32,0
DA:39,0
DA:45,0
DA:46,0
DA:47,0
DA:48,0
DA:49,0
DA:51,0
DA:57,0
DA:62,0
DA:63,0
DA:64,0
DA:65,0
DA:73,0
DA:74,0
DA:76,0
DA:78,0
DA:79,0
DA:80,0
DA:83,0
DA:86,0
DA:87,0
DA:88,0
DA:89,0
DA:92,0
DA:93,0
DA:97,0
DA:100,0
DA:108,0
DA:110,0
DA:111,0
DA:114,0
DA:115,0
DA:117,0
DA:120,0
DA:121,0
DA:122,0
DA:123,0
DA:124,0
DA:126,0
DA:130,0
DA:132,0
DA:135,0
DA:138,0
DA:139,0
DA:140,0
DA:142,0
DA:144,0
DA:147,0
DA:148,0
DA:153,0
DA:154,0
DA:155,0
DA:156,0
DA:160,0
LF:68
LH:0
BRDA:40,0,0,0
BRDA:40,0,1,0
BRDA:41,1,0,0
BRDA:41,1,1,0
BRDA:42,2,0,0
BRDA:42,2,1,0
BRDA:78,3,0,0
BRDA:78,3,1,0
BRDA:92,4,0,0
BRDA:92,4,1,0
BRDA:153,5,0,0
BRDA:153,5,1,0
BRF:12
BRH:0
end_of_record
TN:
SF:backend\jobs\webhooks.js
FN:24,processEvent
FN:92,processPendingEvents
FN:119,generateWebhookReport
FN:135,(anonymous_3)
FN:148,initializeSchedules
FN:155,(anonymous_5)
FN:161,(anonymous_6)
FN:176,(anonymous_7)
FNF:8
FNH:0
FNDA:0,processEvent
FNDA:0,processPendingEvents
FNDA:0,generateWebhookReport
FNDA:0,(anonymous_3)
FNDA:0,initializeSchedules
FNDA:0,(anonymous_5)
FNDA:0,(anonymous_6)
FNDA:0,(anonymous_7)
DA:6,0
DA:7,0
DA:9,0
DA:10,0
DA:11,0
DA:12,0
DA:13,0
DA:14,0
DA:16,0
DA:18,0
DA:19,0
DA:25,0
DA:26,0
DA:29,0
DA:30,0
DA:31,0
DA:34,0
DA:35,0
DA:37,0
DA:38,0
DA:39,0
DA:43,0
DA:46,0
DA:47,0
DA:49,0
DA:50,0
DA:52,0
DA:53,0
DA:55,0
DA:56,0
DA:58,0
DA:59,0
DA:61,0
DA:64,0
DA:68,0
DA:69,0
DA:72,0
DA:74,0
DA:79,0
DA:85,0
DA:93,0
DA:94,0
DA:96,0
DA:97,0
DA:100,0
DA:103,0
DA:104,0
DA:105,0
DA:106,0
DA:109,0
DA:112,0
DA:120,0
DA:121,0
DA:122,0
DA:124,0
DA:125,0
DA:130,0
DA:135,0
DA:138,0
DA:141,0
DA:149,0
DA:151,0
DA:152,0
DA:155,0
DA:156,0
DA:158,0
DA:161,0
DA:162,0
DA:164,0
DA:166,0
DA:169,0
DA:170,0
DA:175,0
DA:176,0
DA:177,0
DA:178,0
DA:182,0
LF:77
LH:0
BRDA:25,0,0,0
BRDA:25,0,1,0
BRDA:38,1,0,0
BRDA:38,1,1,0
BRDA:38,2,0,0
BRDA:38,2,1,0
BRDA:47,3,0,0
BRDA:47,3,1,0
BRDA:47,3,2,0
BRDA:47,3,3,0
BRDA:47,3,4,0
BRDA:68,4,0,0
BRDA:68,4,1,0
BRDA:96,5,0,0
BRDA:96,5,1,0
BRDA:175,6,0,0
BRDA:175,6,1,0
BRF:17
BRH:0
end_of_record
TN:
SF:backend\middleware\auth.js
FN:12,(anonymous_0)
FN:28,(anonymous_1)
FN:65,(anonymous_2)
FN:66,(anonymous_3)
FN:98,(anonymous_4)
FN:121,(anonymous_5)
FN:130,(anonymous_6)
FNF:7
FNH:0
FNDA:0,(anonymous_0)
FNDA:0,(anonymous_1)
FNDA:0,(anonymous_2)
FNDA:0,(anonymous_3)
FNDA:0,(anonymous_4)
FNDA:0,(anonymous_5)
FNDA:0,(anonymous_6)
DA:6,0
DA:7,0
DA:12,0
DA:13,0
DA:14,0
DA:15,0
DA:17,0
DA:18,0
DA:25,0
DA:29,0
DA:30,0
DA:36,0
DA:43,0
DA:44,0
DA:48,0
DA:54,0
DA:65,0
DA:66,0
DA:67,0
DA:68,0
DA:75,0
DA:76,0
DA:84,0
DA:91,0
DA:98,0
DA:99,0
DA:100,0
DA:107,0
DA:108,0
DA:115,0
DA:121,0
DA:122,0
DA:123,0
DA:124,0
DA:126,0
DA:127,0
DA:131,0
DA:132,0
DA:134,0
DA:138,0
DA:141,0
DA:145,0
LF:42
LH:0
BRDA:15,0,0,0
BRDA:15,0,1,0
BRDA:17,1,0,0
BRDA:17,1,1,0
BRDA:27,2,0,0
BRDA:27,2,1,0
BRDA:29,3,0,0
BRDA:29,3,1,0
BRDA:67,4,0,0
BRDA:67,4,1,0
BRDA:75,5,0,0
BRDA:75,5,1,0
BRDA:99,6,0,0
BRDA:99,6,1,0
BRDA:107,7,0,0
BRDA:107,7,1,0
BRDA:124,8,0,0
BRDA:124,8,1,0
BRDA:126,9,0,0
BRDA:126,9,1,0
BRDA:129,10,0,0
BRDA:129,10,1,0
BRDA:131,11,0,0
BRDA:131,11,1,0
BRF:24
BRH:0
end_of_record
TN:
SF:backend\middleware\validation.js
FN:11,(anonymous_0)
FN:45,(anonymous_1)
FN:84,(anonymous_2)
FN:119,(anonymous_3)
FN:152,(anonymous_4)
FN:153,(anonymous_5)
FN:162,(anonymous_6)
FN:169,(anonymous_7)
FN:181,(anonymous_8)
FN:184,(anonymous_9)
FN:190,(anonymous_10)
FNF:11
FNH:0
FNDA:0,(anonymous_0)
FNDA:0,(anonymous_1)
FNDA:0,(anonymous_2)
FNDA:0,(anonymous_3)
FNDA:0,(anonymous_4)
FNDA:0,(anonymous_5)
FNDA:0,(anonymous_6)
FNDA:0,(anonymous_7)
FNDA:0,(anonymous_8)
FNDA:0,(anonymous_9)
FNDA:0,(anonymous_10)
DA:6,0
DA:11,0
DA:12,0
DA:13,0
DA:15,0
DA:16,0
DA:23,0
DA:24,0
DA:32,0
DA:33,0
DA:45,0
DA:46,0
DA:48,0
DA:49,0
DA:56,0
DA:57,0
DA:78,0
DA:84,0
DA:85,0
DA:86,0
DA:88,0
DA:89,0
DA:90,0
DA:91,0
DA:94,0
DA:95,0
DA:96,0
DA:97,0
DA:100,0
DA:101,0
DA:104,0
DA:105,0
DA:113,0
DA:119,0
DA:120,0
DA:122,0
DA:123,0
DA:124,0
DA:125,0
DA:131,0
DA:134,0
DA:135,0
DA:136,0
DA:137,0
DA:143,0
DA:146,0
DA:152,0
DA:153,0
DA:154,0
DA:155,0
DA:162,0
DA:163,0
DA:164,0
DA:169,0
DA:170,0
DA:171,0
DA:175,0
DA:181,0
DA:182,0
DA:184,0
DA:185,0
DA:186,0
DA:187,0
DA:190,0
DA:192,0
DA:193,0
DA:200,0
DA:207,0
DA:208,0
DA:210,0
DA:214,0
LF:71
LH:0
BRDA:15,0,0,0
BRDA:15,0,1,0
BRDA:23,1,0,0
BRDA:23,1,1,0
BRDA:48,2,0,0
BRDA:48,2,1,0
BRDA:56,3,0,0
BRDA:56,3,1,0
BRDA:88,4,0,0
BRDA:88,4,1,0
BRDA:90,5,0,0
BRDA:90,5,1,0
BRDA:94,6,0,0
BRDA:94,6,1,0
BRDA:96,7,0,0
BRDA:96,7,1,0
BRDA:100,8,0,0
BRDA:100,8,1,0
BRDA:104,9,0,0
BRDA:104,9,1,0
BRDA:122,10,0,0
BRDA:122,10,1,0
BRDA:124,11,0,0
BRDA:124,11,1,0
BRDA:124,12,0,0
BRDA:124,12,1,0
BRDA:134,13,0,0
BRDA:134,13,1,0
BRDA:136,14,0,0
BRDA:136,14,1,0
BRDA:136,15,0,0
BRDA:136,15,1,0
BRDA:136,15,2,0
BRDA:154,16,0,0
BRDA:154,16,1,0
BRDA:163,17,0,0
BRDA:163,17,1,0
BRDA:170,18,0,0
BRDA:170,18,1,0
BRDA:181,19,0,0
BRDA:181,20,0,0
BRDA:187,21,0,0
BRDA:187,21,1,0
BRDA:192,22,0,0
BRDA:192,22,1,0
BRF:45
BRH:0
end_of_record
TN:
SF:backend\routes\accounts.js
FN:43,(anonymous_0)
FN:48,(anonymous_1)
FN:83,(anonymous_2)
FN:126,(anonymous_3)
FN:164,(anonymous_4)
FN:198,getUserSummary
FNF:6
FNH:0
FNDA:0,(anonymous_0)
FNDA:0,(anonymous_1)
FNDA:0,(anonymous_2)
FNDA:0,(anonymous_3)
FNDA:0,(anonymous_4)
FNDA:0,getUserSummary
DA:9,0
DA:10,0
DA:12,0
DA:19,0
DA:21,0
DA:43,0
DA:44,0
DA:45,0
DA:48,0
DA:62,0
DA:68,0
DA:69,0
DA:83,0
DA:84,0
DA:85,0
DA:87,0
DA:89,0
DA:90,0
DA:97,0
DA:115,0
DA:116,0
DA:126,0
DA:127,0
DA:128,0
DA:130,0
DA:132,0
DA:133,0
DA:138,0
DA:139,0
DA:146,0
DA:148,0
DA:154,0
DA:155,0
DA:164,0
DA:165,0
DA:166,0
DA:168,0
DA:170,0
DA:171,0
DA:177,0
DA:179,0
DA:186,0
DA:187,0
DA:199,0
DA:200,0
DA:210,0
DA:212,0
DA:213,0
DA:217,0
LF:49
LH:0
BRDA:89,0,0,0
BRDA:89,0,1,0
BRDA:132,1,0,0
BRDA:132,1,1,0
BRDA:138,2,0,0
BRDA:138,2,1,0
BRDA:138,3,0,0
BRDA:138,3,1,0
BRDA:170,4,0,0
BRDA:170,4,1,0
BRF:10
BRH:0
end_of_record
TN:
SF:backend\routes\auth-user.js
FN:18,(anonymous_0)
FN:83,(anonymous_1)
FN:193,(anonymous_2)
FN:227,(anonymous_3)
FN:288,(anonymous_4)
FN:348,(anonymous_5)
FN:411,(anonymous_6)
FN:467,(anonymous_7)
FN:502,(anonymous_8)
FN:554,(anonymous_9)
FNF:10
FNH:0
FNDA:0,(anonymous_0)
FNDA:0,(anonymous_1)
FNDA:0,(anonymous_2)
FNDA:0,(anonymous_3)
FNDA:0,(anonymous_4)
FNDA:0,(anonymous_5)
FNDA:0,(anonymous_6)
FNDA:0,(anonymous_7)
FNDA:0,(anonymous_8)
FNDA:0,(anonymous_9)
DA:6,0
DA:7,0
DA:8,0
DA:9,0
DA:10,0
DA:11,0
DA:12,0
DA:18,0
DA:19,0
DA:20,0
DA:23,0
DA:24,0
DA:25,0
DA:33,0
DA:40,0
DA:43,0
DA:44,0
DA:46,0
DA:56,0
DA:65,0
DA:71,0
DA:83,0
DA:84,0
DA:85,0
DA:87,0
DA:88,0
DA:96,0
DA:98,0
DA:99,0
DA:107,0
DA:108,0
DA:116,0
DA:118,0
DA:120,0
DA:122,0
DA:130,0
DA:131,0
DA:139,0
DA:142,0
DA:153,0
DA:154,0
DA:155,0
DA:157,0
DA:165,0
DA:175,0
DA:181,0
DA:193,0
DA:194,0
DA:198,0
DA:204,0
DA:209,0
DA:215,0
DA:227,0
DA:228,0
DA:229,0
DA:231,0
DA:232,0
DA:240,0
DA:245,0
DA:246,0
DA:254,0
DA:255,0
DA:257,0
DA:264,0
DA:270,0
DA:276,0
DA:288,0
DA:289,0
DA:290,0
DA:292,0
DA:293,0
DA:300,0
DA:303,0
DA:304,0
DA:311,0
DA:312,0
DA:314,0
DA:325,0
DA:330,0
DA:336,0
DA:348,0
DA:349,0
DA:350,0
DA:351,0
DA:353,0
DA:358,0
DA:359,0
DA:367,0
DA:368,0
DA:376,0
DA:377,0
DA:378,0
DA:379,0
DA:381,0
DA:388,0
DA:393,0
DA:399,0
DA:411,0
DA:412,0
DA:413,0
DA:414,0
DA:416,0
DA:417,0
DA:425,0
DA:426,0
DA:427,0
DA:435,0
DA:436,0
DA:438,0
DA:444,0
DA:449,0
DA:455,0
DA:467,0
DA:468,0
DA:469,0
DA:471,0
DA:472,0
DA:479,0
DA:484,0
DA:490,0
DA:502,0
DA:503,0
DA:504,0
DA:505,0
DA:507,0
DA:508,0
DA:516,0
DA:517,0
DA:518,0
DA:519,0
DA:520,0
DA:522,0
DA:524,0
DA:530,0
DA:536,0
DA:542,0
DA:554,0
DA:555,0
DA:556,0
DA:558,0
DA:559,0
DA:567,0
DA:568,0
DA:569,0
DA:571,0
DA:578,0
DA:583,0
DA:589,0
DA:597,0
LF:149
LH:0
BRDA:24,0,0,0
BRDA:24,0,1,0
BRDA:36,1,0,0
BRDA:36,1,1,0
BRDA:37,2,0,0
BRDA:37,2,1,0
BRDA:87,3,0,0
BRDA:87,3,1,0
BRDA:87,4,0,0
BRDA:87,4,1,0
BRDA:98,5,0,0
BRDA:98,5,1,0
BRDA:107,6,0,0
BRDA:107,6,1,0
BRDA:118,7,0,0
BRDA:118,7,1,0
BRDA:130,8,0,0
BRDA:130,8,1,0
BRDA:148,9,0,0
BRDA:148,9,1,0
BRDA:231,10,0,0
BRDA:231,10,1,0
BRDA:245,11,0,0
BRDA:245,11,1,0
BRDA:292,12,0,0
BRDA:292,12,1,0
BRDA:303,13,0,0
BRDA:303,13,1,0
BRDA:358,14,0,0
BRDA:358,14,1,0
BRDA:367,15,0,0
BRDA:367,15,1,0
BRDA:416,16,0,0
BRDA:416,16,1,0
BRDA:426,17,0,0
BRDA:426,17,1,0
BRDA:471,18,0,0
BRDA:471,18,1,0
BRDA:507,19,0,0
BRDA:507,19,1,0
BRDA:516,20,0,0
BRDA:516,20,1,0
BRDA:517,21,0,0
BRDA:517,21,1,0
BRDA:518,22,0,0
BRDA:518,22,1,0
BRDA:519,23,0,0
BRDA:519,23,1,0
BRDA:520,24,0,0
BRDA:520,24,1,0
BRDA:558,25,0,0
BRDA:558,25,1,0
BRF:52
BRH:0
end_of_record
TN:
SF:backend\routes\auth.js
FN:40,(anonymous_0)
FN:109,(anonymous_1)
FN:194,(anonymous_2)
FN:298,(anonymous_3)
FN:375,(anonymous_4)
FN:422,exchangeCodeForToken
FN:446,refreshToken
FN:469,getUserInfo
FN:488,generateAccountId
FNF:9
FNH:0
FNDA:0,(anonymous_0)
FNDA:0,(anonymous_1)
FNDA:0,(anonymous_2)
FNDA:0,(anonymous_3)
FNDA:0,(anonymous_4)
FNDA:0,exchangeCodeForToken
FNDA:0,refreshToken
FNDA:0,getUserInfo
FNDA:0,generateAccountId
DA:11,0
DA:12,0
DA:13,0
DA:14,0
DA:15,0
DA:16,0
DA:18,0
DA:21,0
DA:24,0
DA:25,0
DA:26,0
DA:34,0
DA:40,0
DA:41,0
DA:42,0
DA:45,0
DA:46,0
DA:52,0
DA:53,0
DA:60,0
DA:61,0
DA:62,0
DA:69,0
DA:76,0
DA:79,0
DA:86,0
DA:87,0
DA:89,0
DA:97,0
DA:98,0
DA:109,0
DA:110,0
DA:111,0
DA:114,0
DA:115,0
DA:122,0
DA:124,0
DA:125,0
DA:132,0
DA:134,0
DA:135,0
DA:142,0
DA:149,0
DA:150,0
DA:152,0
DA:160,0
DA:161,0
DA:194,0
DA:195,0
DA:196,0
DA:198,0
DA:199,0
DA:207,0
DA:210,0
DA:212,0
DA:213,0
DA:220,0
DA:222,0
DA:223,0
DA:230,0
DA:232,0
DA:233,0
DA:236,0
DA:251,0
DA:252,0
DA:253,0
DA:255,0
DA:256,0
DA:260,0
DA:276,0
DA:277,0
DA:298,0
DA:299,0
DA:300,0
DA:302,0
DA:303,0
DA:310,0
DA:312,0
DA:313,0
DA:319,0
DA:320,0
DA:326,0
DA:329,0
DA:331,0
DA:332,0
DA:339,0
DA:341,0
DA:342,0
DA:343,0
DA:345,0
DA:346,0
DA:348,0
DA:349,0
DA:352,0
DA:360,0
DA:361,0
DA:375,0
DA:376,0
DA:377,0
DA:379,0
DA:380,0
DA:385,0
DA:387,0
DA:388,0
DA:393,0
DA:396,0
DA:397,0
DA:398,0
DA:399,0
DA:400,0
DA:402,0
DA:404,0
DA:410,0
DA:411,0
DA:423,0
DA:424,0
DA:436,0
DA:438,0
DA:439,0
DA:447,0
DA:448,0
DA:459,0
DA:461,0
DA:462,0
DA:470,0
DA:471,0
DA:478,0
DA:480,0
DA:481,0
DA:489,0
DA:492,0
LF:131
LH:0
BRDA:45,0,0,0
BRDA:45,0,1,0
BRDA:45,1,0,0
BRDA:45,1,1,0
BRDA:45,1,2,0
BRDA:45,1,3,0
BRDA:52,2,0,0
BRDA:52,2,1,0
BRDA:61,3,0,0
BRDA:61,3,1,0
BRDA:81,4,0,0
BRDA:81,4,1,0
BRDA:114,5,0,0
BRDA:114,5,1,0
BRDA:114,6,0,0
BRDA:114,6,1,0
BRDA:124,7,0,0
BRDA:124,7,1,0
BRDA:134,8,0,0
BRDA:134,8,1,0
BRDA:144,9,0,0
BRDA:144,9,1,0
BRDA:198,10,0,0
BRDA:198,10,1,0
BRDA:212,11,0,0
BRDA:212,11,1,0
BRDA:222,12,0,0
BRDA:222,12,1,0
BRDA:232,13,0,0
BRDA:232,13,1,0
BRDA:246,14,0,0
BRDA:246,14,1,0
BRDA:251,15,0,0
BRDA:251,15,1,0
BRDA:302,16,0,0
BRDA:302,16,1,0
BRDA:312,17,0,0
BRDA:312,17,1,0
BRDA:319,18,0,0
BRDA:319,18,1,0
BRDA:331,19,0,0
BRDA:331,19,1,0
BRDA:342,20,0,0
BRDA:342,20,1,0
BRDA:379,21,0,0
BRDA:379,21,1,0
BRDA:387,22,0,0
BRDA:387,22,1,0
BRDA:438,23,0,0
BRDA:438,23,1,0
BRDA:461,24,0,0
BRDA:461,24,1,0
BRDA:480,25,0,0
BRDA:480,25,1,0
BRF:54
BRH:0
end_of_record
TN:
SF:backend\routes\ml-accounts.js
FN:33,(anonymous_0)
FN:40,(anonymous_1)
FN:64,(anonymous_2)
FN:102,(anonymous_3)
FN:191,(anonymous_4)
FN:255,(anonymous_5)
FN:321,(anonymous_6)
FN:404,(anonymous_7)
FN:432,(anonymous_8)
FN:467,(anonymous_9)
FN:468,(anonymous_10)
FN:510,(anonymous_11)
FN:557,(anonymous_12)
FN:604,(anonymous_13)
FN:699,(anonymous_14)
FN:742,fetchMLAccountData
FNF:16
FNH:0
FNDA:0,(anonymous_0)
FNDA:0,(anonymous_1)
FNDA:0,(anonymous_2)
FNDA:0,(anonymous_3)
FNDA:0,(anonymous_4)
FNDA:0,(anonymous_5)
FNDA:0,(anonymous_6)
FNDA:0,(anonymous_7)
FNDA:0,(anonymous_8)
FNDA:0,(anonymous_9)
FNDA:0,(anonymous_10)
FNDA:0,(anonymous_11)
FNDA:0,(anonymous_12)
FNDA:0,(anonymous_13)
FNDA:0,(anonymous_14)
FNDA:0,fetchMLAccountData
DA:17,0
DA:18,0
DA:19,0
DA:20,0
DA:21,0
DA:22,0
DA:23,0
DA:25,0
DA:27,0
DA:33,0
DA:34,0
DA:35,0
DA:37,0
DA:40,0
DA:45,0
DA:52,0
DA:64,0
DA:65,0
DA:66,0
DA:71,0
DA:72,0
DA:78,0
DA:83,0
DA:90,0
DA:102,0
DA:103,0
DA:104,0
DA:107,0
DA:108,0
DA:116,0
DA:121,0
DA:122,0
DA:129,0
DA:130,0
DA:133,0
DA:147,0
DA:150,0
DA:158,0
DA:166,0
DA:172,0
DA:179,0
DA:191,0
DA:192,0
DA:193,0
DA:195,0
DA:200,0
DA:201,0
DA:208,0
DA:209,0
DA:210,0
DA:213,0
DA:214,0
DA:218,0
DA:221,0
DA:223,0
DA:230,0
DA:236,0
DA:243,0
DA:255,0
DA:256,0
DA:257,0
DA:262,0
DA:263,0
DA:270,0
DA:271,0
DA:276,0
DA:277,0
DA:278,0
DA:282,0
DA:285,0
DA:290,0
DA:297,0
DA:302,0
DA:309,0
DA:321,0
DA:322,0
DA:323,0
DA:328,0
DA:329,0
DA:336,0
DA:337,0
DA:344,0
DA:347,0
DA:348,0
DA:349,0
DA:351,0
DA:353,0
DA:360,0
DA:370,0
DA:375,0
DA:376,0
DA:378,0
DA:379,0
DA:380,0
DA:384,0
DA:392,0
DA:404,0
DA:405,0
DA:406,0
DA:408,0
DA:409,0
DA:423,0
DA:431,0
DA:433,0
DA:434,0
DA:435,0
DA:436,0
DA:437,0
DA:444,0
DA:445,0
DA:446,0
DA:447,0
DA:448,0
DA:449,0
DA:451,0
DA:457,0
DA:458,0
DA:467,0
DA:468,0
DA:470,0
DA:478,0
DA:491,0
DA:498,0
DA:510,0
DA:511,0
DA:512,0
DA:517,0
DA:518,0
DA:524,0
DA:526,0
DA:532,0
DA:538,0
DA:545,0
DA:557,0
DA:558,0
DA:559,0
DA:564,0
DA:565,0
DA:571,0
DA:573,0
DA:579,0
DA:585,0
DA:592,0
DA:604,0
DA:605,0
DA:606,0
DA:611,0
DA:612,0
DA:618,0
DA:619,0
DA:627,0
DA:633,0
DA:634,0
DA:642,0
DA:643,0
DA:645,0
DA:654,0
DA:655,0
DA:656,0
DA:657,0
DA:658,0
DA:659,0
DA:661,0
DA:669,0
DA:680,0
DA:687,0
DA:699,0
DA:700,0
DA:701,0
DA:706,0
DA:707,0
DA:713,0
DA:715,0
DA:724,0
DA:731,0
DA:743,0
DA:744,0
DA:750,0
DA:751,0
DA:754,0
DA:758,0
DA:761,0
DA:765,0
DA:768,0
DA:769,0
DA:770,0
DA:774,0
DA:776,0
DA:783,0
DA:789,0
DA:796,0
DA:797,0
DA:800,0
DA:804,0
LF:194
LH:0
BRDA:71,0,0,0
BRDA:71,0,1,0
BRDA:107,1,0,0
BRDA:107,1,1,0
BRDA:107,2,0,0
BRDA:107,2,1,0
BRDA:107,2,2,0
BRDA:107,2,3,0
BRDA:107,2,4,0
BRDA:107,2,5,0
BRDA:121,3,0,0
BRDA:121,3,1,0
BRDA:141,4,0,0
BRDA:141,4,1,0
BRDA:142,5,0,0
BRDA:142,5,1,0
BRDA:200,6,0,0
BRDA:200,6,1,0
BRDA:208,7,0,0
BRDA:208,7,1,0
BRDA:209,8,0,0
BRDA:209,8,1,0
BRDA:210,9,0,0
BRDA:210,9,1,0
BRDA:213,10,0,0
BRDA:213,10,1,0
BRDA:213,11,0,0
BRDA:213,11,1,0
BRDA:262,12,0,0
BRDA:262,12,1,0
BRDA:270,13,0,0
BRDA:270,13,1,0
BRDA:276,14,0,0
BRDA:276,14,1,0
BRDA:328,15,0,0
BRDA:328,15,1,0
BRDA:336,16,0,0
BRDA:336,16,1,0
BRDA:375,17,0,0
BRDA:375,17,1,0
BRDA:378,18,0,0
BRDA:378,18,1,0
BRDA:408,19,0,0
BRDA:408,19,1,0
BRDA:433,20,0,0
BRDA:433,20,1,0
BRDA:467,21,0,0
BRDA:467,21,1,0
BRDA:517,22,0,0
BRDA:517,22,1,0
BRDA:564,23,0,0
BRDA:564,23,1,0
BRDA:611,24,0,0
BRDA:611,24,1,0
BRDA:618,25,0,0
BRDA:618,25,1,0
BRDA:633,26,0,0
BRDA:633,26,1,0
BRDA:706,27,0,0
BRDA:706,27,1,0
BRDA:758,28,0,0
BRDA:758,28,1,0
BRDA:765,29,0,0
BRDA:765,29,1,0
BRDA:774,30,0,0
BRDA:774,30,1,0
BRDA:796,31,0,0
BRDA:796,31,1,0
BRF:68
BRH:0
end_of_record
TN:
SF:backend\routes\sync.js
FN:24,(anonymous_0)
FN:70,(anonymous_1)
FN:132,(anonymous_2)
FN:153,(anonymous_3)
FN:155,(anonymous_4)
FN:160,(anonymous_5)
FN:168,(anonymous_6)
FN:169,(anonymous_7)
FN:211,(anonymous_8)
FN:250,fetchMLAccountData
FNF:10
FNH:0
FNDA:0,(anonymous_0)
FNDA:0,(anonymous_1)
FNDA:0,(anonymous_2)
FNDA:0,(anonymous_3)
FNDA:0,(anonymous_4)
FNDA:0,(anonymous_5)
FNDA:0,(anonymous_6)
FNDA:0,(anonymous_7)
FNDA:0,(anonymous_8)
FNDA:0,fetchMLAccountData
DA:10,0
DA:11,0
DA:12,0
DA:13,0
DA:15,0
DA:17,0
DA:18,0
DA:24,0
DA:25,0
DA:26,0
DA:27,0
DA:29,0
DA:30,0
DA:38,0
DA:40,0
DA:50,0
DA:57,0
DA:70,0
DA:71,0
DA:72,0
DA:73,0
DA:75,0
DA:76,0
DA:83,0
DA:91,0
DA:93,0
DA:101,0
DA:112,0
DA:119,0
DA:132,0
DA:133,0
DA:134,0
DA:136,0
DA:137,0
DA:144,0
DA:152,0
DA:154,0
DA:155,0
DA:160,0
DA:168,0
DA:169,0
DA:171,0
DA:179,0
DA:192,0
DA:198,0
DA:211,0
DA:212,0
DA:213,0
DA:217,0
DA:225,0
DA:230,0
DA:237,0
DA:251,0
DA:253,0
DA:259,0
DA:260,0
DA:263,0
DA:267,0
DA:270,0
DA:274,0
DA:277,0
DA:278,0
DA:279,0
DA:283,0
DA:286,0
DA:293,0
DA:303,0
DA:312,0
DA:313,0
DA:316,0
DA:320,0
LF:71
LH:0
BRDA:27,0,0,0
BRDA:27,0,1,0
BRDA:29,1,0,0
BRDA:29,1,1,0
BRDA:73,2,0,0
BRDA:73,2,1,0
BRDA:75,3,0,0
BRDA:75,3,1,0
BRDA:136,4,0,0
BRDA:136,4,1,0
BRDA:267,5,0,0
BRDA:267,5,1,0
BRDA:274,6,0,0
BRDA:274,6,1,0
BRDA:283,7,0,0
BRDA:283,7,1,0
BRDA:312,8,0,0
BRDA:312,8,1,0
BRF:18
BRH:0
end_of_record
TN:
SF:backend\routes\webhooks.js
FN:31,verifyWebhookSignature
FN:73,(anonymous_1)
FN:104,(anonymous_2)
FN:116,processWebhookEvent
FN:176,handleOrderEvent
FN:208,handleItemEvent
FN:236,handleShipmentEvent
FN:255,handleQuestionEvent
FN:278,fetchOrderDetails
FN:299,fetchItemDetails
FNF:10
FNH:0
FNDA:0,verifyWebhookSignature
FNDA:0,(anonymous_1)
FNDA:0,(anonymous_2)
FNDA:0,processWebhookEvent
FNDA:0,handleOrderEvent
FNDA:0,handleItemEvent
FNDA:0,handleShipmentEvent
FNDA:0,handleQuestionEvent
FNDA:0,fetchOrderDetails
FNDA:0,fetchItemDetails
DA:13,0
DA:14,0
DA:15,0
DA:17,0
DA:25,0
DA:35,0
DA:36,0
DA:39,0
DA:40,0
DA:43,0
DA:44,0
DA:45,0
DA:55,0
DA:73,0
DA:74,0
DA:75,0
DA:76,0
DA:78,0
DA:87,0
DA:88,0
DA:89,0
DA:96,0
DA:103,0
DA:104,0
DA:107,0
DA:109,0
DA:117,0
DA:119,0
DA:121,0
DA:122,0
DA:123,0
DA:127,0
DA:130,0
DA:141,0
DA:144,0
DA:146,0
DA:147,0
DA:149,0
DA:150,0
DA:152,0
DA:153,0
DA:155,0
DA:156,0
DA:158,0
DA:162,0
DA:163,0
DA:165,0
DA:168,0
DA:177,0
DA:178,0
DA:181,0
DA:183,0
DA:185,0
DA:186,0
DA:187,0
DA:190,0
DA:191,0
DA:200,0
DA:209,0
DA:210,0
DA:213,0
DA:215,0
DA:216,0
DA:217,0
DA:219,0
DA:220,0
DA:229,0
DA:237,0
DA:238,0
DA:240,0
DA:241,0
DA:248,0
DA:256,0
DA:257,0
DA:259,0
DA:260,0
DA:267,0
DA:279,0
DA:280,0
DA:289,0
DA:291,0
DA:292,0
DA:300,0
DA:301,0
DA:310,0
DA:312,0
DA:313,0
DA:317,0
LF:88
LH:0
BRDA:39,0,0,0
BRDA:39,0,1,0
BRDA:39,1,0,0
BRDA:39,1,1,0
BRDA:43,2,0,0
BRDA:43,2,1,0
BRDA:43,3,0,0
BRDA:43,3,1,0
BRDA:87,4,0,0
BRDA:87,4,1,0
BRDA:87,5,0,0
BRDA:87,5,1,0
BRDA:87,5,2,0
BRDA:121,6,0,0
BRDA:121,6,1,0
BRDA:144,7,0,0
BRDA:144,7,1,0
BRDA:144,7,2,0
BRDA:144,7,3,0
BRDA:144,7,4,0
BRDA:183,8,0,0
BRDA:183,8,1,0
BRDA:215,9,0,0
BRDA:215,9,1,0
BRF:24
BRH:0
end_of_record
TN:
SF:backend\utils\ml-token-manager.js
FN:16,(anonymous_0)
FN:25,(anonymous_1)
FN:36,(anonymous_2)
FN:84,(anonymous_3)
FN:106,(anonymous_4)
FN:116,(anonymous_5)
FN:134,(anonymous_6)
FNF:7
FNH:7
FNDA:5,(anonymous_0)
FNDA:4,(anonymous_1)
FNDA:2,(anonymous_2)
FNDA:1,(anonymous_3)
FNDA:4,(anonymous_4)
FNDA:6,(anonymous_5)
FNDA:2,(anonymous_6)
DA:6,1
DA:7,1
DA:9,1
DA:10,1
DA:17,5
DA:18,5
DA:19,5
DA:26,4
DA:37,2
DA:38,2
DA:39,1
DA:42,1
DA:49,0
DA:51,0
DA:52,0
DA:55,0
DA:57,0
DA:65,2
DA:71,2
DA:85,1
DA:86,1
DA:90,1
DA:92,0
DA:94,1
DA:99,1
DA:107,4
DA:108,4
DA:109,4
DA:110,4
DA:117,6
DA:119,5
DA:120,5
DA:121,5
DA:123,5
DA:124,5
DA:126,5
DA:128,5
DA:135,2
DA:147,1
LF:39
LH:33
BRDA:16,0,0,3
BRDA:38,1,0,1
BRDA:38,1,1,1
BRDA:38,2,0,2
BRDA:38,2,1,1
BRDA:38,2,2,1
BRDA:51,3,0,0
BRDA:51,3,1,0
BRDA:51,4,0,0
BRDA:51,4,1,0
BRDA:51,4,2,0
BRDA:117,5,0,1
BRDA:117,5,1,5
BRF:13
BRH:8
end_of_record
TN:
SF:src\scripts\analytics-export.js
FN:6,(anonymous_0)
FN:8,generatePDFReport
FN:36,generateExcelReport
FN:48,(anonymous_3)
FN:64,generateCSVReport
FN:69,(anonymous_5)
FN:76,(anonymous_6)
FN:77,(anonymous_7)
FN:95,getReportData
FN:108,(anonymous_9)
FN:116,(anonymous_10)
FN:117,(anonymous_11)
FN:118,(anonymous_12)
FN:119,(anonymous_13)
FN:142,(anonymous_14)
FN:156,(anonymous_15)
FN:187,generateReportContent
FN:200,(anonymous_17)
FN:211,(anonymous_18)
FN:217,(anonymous_19)
FN:219,(anonymous_20)
FN:240,sectionTitleMap
FN:251,convertToExcelFormat
FN:256,arrayToSheet
FN:260,(anonymous_24)
FN:265,(anonymous_25)
FN:266,(anonymous_26)
FN:278,downloadExcel
FN:288,downloadFile
FN:299,scheduleReport
FNF:30
FNH:0
FNDA:0,(anonymous_0)
FNDA:0,generatePDFReport
FNDA:0,generateExcelReport
FNDA:0,(anonymous_3)
FNDA:0,generateCSVReport
FNDA:0,(anonymous_5)
FNDA:0,(anonymous_6)
FNDA:0,(anonymous_7)
FNDA:0,getReportData
FNDA:0,(anonymous_9)
FNDA:0,(anonymous_10)
FNDA:0,(anonymous_11)
FNDA:0,(anonymous_12)
FNDA:0,(anonymous_13)
FNDA:0,(anonymous_14)
FNDA:0,(anonymous_15)
FNDA:0,generateReportContent
FNDA:0,(anonymous_17)
FNDA:0,(anonymous_18)
FNDA:0,(anonymous_19)
FNDA:0,(anonymous_20)
FNDA:0,sectionTitleMap
FNDA:0,convertToExcelFormat
FNDA:0,arrayToSheet
FNDA:0,(anonymous_24)
FNDA:0,(anonymous_25)
FNDA:0,(anonymous_26)
FNDA:0,downloadExcel
FNDA:0,downloadFile
FNDA:0,scheduleReport
DA:6,0
DA:9,0
DA:11,0
DA:12,0
DA:15,0
DA:16,0
DA:17,0
DA:19,0
DA:27,0
DA:28,0
DA:30,0
DA:31,0
DA:37,0
DA:38,0
DA:39,0
DA:42,0
DA:48,0
DA:49,0
DA:53,0
DA:54,0
DA:56,0
DA:58,0
DA:59,0
DA:65,0
DA:66,0
DA:67,0
DA:69,0
DA:70,0
DA:72,0
DA:73,0
DA:74,0
DA:76,0
DA:77,0
DA:78,0
DA:79,0
DA:83,0
DA:86,0
DA:87,0
DA:89,0
DA:90,0
DA:96,0
DA:97,0
DA:98,0
DA:99,0
DA:101,0
DA:104,0
DA:105,0
DA:106,0
DA:107,0
DA:108,0
DA:109,0
DA:110,0
DA:115,0
DA:116,0
DA:117,0
DA:118,0
DA:119,0
DA:121,0
DA:141,0
DA:142,0
DA:154,0
DA:155,0
DA:156,0
DA:167,0
DA:168,0
DA:183,0
DA:188,0
DA:189,0
DA:200,0
DA:201,0
DA:205,0
DA:206,0
DA:208,0
DA:209,0
DA:210,0
DA:211,0
DA:212,0
DA:214,0
DA:216,0
DA:217,0
DA:218,0
DA:219,0
DA:220,0
DA:222,0
DA:224,0
DA:228,0
DA:236,0
DA:241,0
DA:247,0
DA:252,0
DA:257,0
DA:258,0
DA:260,0
DA:261,0
DA:262,0
DA:265,0
DA:266,0
DA:267,0
DA:268,0
DA:269,0
DA:273,0
DA:274,0
DA:280,0
DA:281,0
DA:282,0
DA:284,0
DA:289,0
DA:290,0
DA:291,0
DA:292,0
DA:293,0
DA:294,0
DA:295,0
DA:301,0
DA:309,0
DA:310,0
DA:311,0
DA:313,0
DA:316,0
LF:119
LH:0
BRDA:8,0,0,0
BRDA:8,1,0,0
BRDA:11,2,0,0
BRDA:11,2,1,0
BRDA:36,3,0,0
BRDA:36,4,0,0
BRDA:64,5,0,0
BRDA:64,6,0,0
BRDA:72,7,0,0
BRDA:72,7,1,0
BRDA:79,8,0,0
BRDA:79,8,1,0
BRDA:79,9,0,0
BRDA:79,9,1,0
BRDA:96,10,0,0
BRDA:96,10,1,0
BRDA:97,11,0,0
BRDA:97,11,1,0
BRDA:98,12,0,0
BRDA:98,12,1,0
BRDA:99,13,0,0
BRDA:99,13,1,0
BRDA:105,14,0,0
BRDA:105,14,1,0
BRDA:105,15,0,0
BRDA:105,15,1,0
BRDA:110,16,0,0
BRDA:110,16,1,0
BRDA:115,17,0,0
BRDA:115,17,1,0
BRDA:115,18,0,0
BRDA:115,18,1,0
BRDA:117,19,0,0
BRDA:117,19,1,0
BRDA:118,20,0,0
BRDA:118,20,1,0
BRDA:119,21,0,0
BRDA:119,21,1,0
BRDA:141,22,0,0
BRDA:141,22,1,0
BRDA:141,23,0,0
BRDA:141,23,1,0
BRDA:143,24,0,0
BRDA:143,24,1,0
BRDA:145,25,0,0
BRDA:145,25,1,0
BRDA:146,26,0,0
BRDA:146,26,1,0
BRDA:147,27,0,0
BRDA:147,27,1,0
BRDA:148,28,0,0
BRDA:148,28,1,0
BRDA:149,29,0,0
BRDA:149,29,1,0
BRDA:154,30,0,0
BRDA:154,30,1,0
BRDA:154,31,0,0
BRDA:154,31,1,0
BRDA:156,32,0,0
BRDA:156,32,1,0
BRDA:167,33,0,0
BRDA:167,33,1,0
BRDA:167,34,0,0
BRDA:167,34,1,0
BRDA:205,35,0,0
BRDA:205,35,1,0
BRDA:205,36,0,0
BRDA:205,36,1,0
BRDA:247,37,0,0
BRDA:247,37,1,0
BRDA:258,38,0,0
BRDA:258,38,1,0
BRDA:269,39,0,0
BRDA:269,39,1,0
BRDA:280,40,0,0
BRDA:280,40,1,0
BRDA:299,41,0,0
BRDA:309,42,0,0
BRDA:309,42,1,0
BRF:79
BRH:0
end_of_record
TN:
SF:src\scripts\analytics.js
FN:7,(anonymous_0)
FN:9,safeDivide
FN:18,validateArray
FN:27,validateObject
FN:36,parseDate
FN:48,getConversionRate
FN:75,calculateMoMGrowth
FN:94,(anonymous_7)
FN:102,(anonymous_8)
FN:104,(anonymous_9)
FN:112,(anonymous_10)
FN:134,getAOVByMarketplace
FN:144,(anonymous_12)
FN:161,(anonymous_13)
FN:179,getProductMetrics
FN:186,(anonymous_15)
FN:225,getInventoryHealth
FN:252,(anonymous_17)
FN:296,getDiscountAnalysis
FN:311,(anonymous_19)
FN:314,(anonymous_20)
FN:326,(anonymous_21)
FN:329,(anonymous_22)
FN:353,getPaymentMethodAnalysis
FN:363,(anonymous_24)
FN:380,(anonymous_25)
FN:402,getSalesVelocity
FN:418,(anonymous_27)
FN:452,getCustomerMetrics
FN:468,(anonymous_29)
FN:479,(anonymous_30)
FN:512,getProfitabilityMetrics
FN:521,(anonymous_32)
FN:559,getDashboardSummary
FN:566,(anonymous_34)
FN:607,formatCurrency
FN:615,formatNumber
FNF:37
FNH:0
FNDA:0,(anonymous_0)
FNDA:0,safeDivide
FNDA:0,validateArray
FNDA:0,validateObject
FNDA:0,parseDate
FNDA:0,getConversionRate
FNDA:0,calculateMoMGrowth
FNDA:0,(anonymous_7)
FNDA:0,(anonymous_8)
FNDA:0,(anonymous_9)
FNDA:0,(anonymous_10)
FNDA:0,getAOVByMarketplace
FNDA:0,(anonymous_12)
FNDA:0,(anonymous_13)
FNDA:0,getProductMetrics
FNDA:0,(anonymous_15)
FNDA:0,getInventoryHealth
FNDA:0,(anonymous_17)
FNDA:0,getDiscountAnalysis
FNDA:0,(anonymous_19)
FNDA:0,(anonymous_20)
FNDA:0,(anonymous_21)
FNDA:0,(anonymous_22)
FNDA:0,getPaymentMethodAnalysis
FNDA:0,(anonymous_24)
FNDA:0,(anonymous_25)
FNDA:0,getSalesVelocity
FNDA:0,(anonymous_27)
FNDA:0,getCustomerMetrics
FNDA:0,(anonymous_29)
FNDA:0,(anonymous_30)
FNDA:0,getProfitabilityMetrics
FNDA:0,(anonymous_32)
FNDA:0,getDashboardSummary
FNDA:0,(anonymous_34)
FNDA:0,formatCurrency
FNDA:0,formatNumber
DA:7,0
DA:10,0
DA:11,0
DA:13,0
DA:14,0
DA:19,0
DA:20,0
DA:21,0
DA:23,0
DA:28,0
DA:29,0
DA:30,0
DA:32,0
DA:37,0
DA:38,0
DA:39,0
DA:40,0
DA:42,0
DA:43,0
DA:49,0
DA:50,0
DA:52,0
DA:53,0
DA:54,0
DA:57,0
DA:59,0
DA:65,0
DA:66,0
DA:76,0
DA:77,0
DA:79,0
DA:80,0
DA:88,0
DA:89,0
DA:90,0
DA:91,0
DA:92,0
DA:94,0
DA:95,0
DA:96,0
DA:97,0
DA:99,0
DA:100,0
DA:102,0
DA:104,0
DA:105,0
DA:106,0
DA:107,0
DA:109,0
DA:110,0
DA:112,0
DA:114,0
DA:116,0
DA:123,0
DA:124,0
DA:135,0
DA:136,0
DA:138,0
DA:139,0
DA:142,0
DA:144,0
DA:145,0
DA:146,0
DA:147,0
DA:149,0
DA:150,0
DA:153,0
DA:154,0
DA:156,0
DA:160,0
DA:161,0
DA:162,0
DA:163,0
DA:164,0
DA:166,0
DA:167,0
DA:171,0
DA:173,0
DA:174,0
DA:180,0
DA:181,0
DA:182,0
DA:184,0
DA:186,0
DA:187,0
DA:188,0
DA:189,0
DA:190,0
DA:193,0
DA:194,0
DA:202,0
DA:203,0
DA:205,0
DA:206,0
DA:207,0
DA:210,0
DA:211,0
DA:213,0
DA:217,0
DA:219,0
DA:220,0
DA:226,0
DA:227,0
DA:228,0
DA:229,0
DA:231,0
DA:238,0
DA:239,0
DA:241,0
DA:242,0
DA:252,0
DA:253,0
DA:254,0
DA:255,0
DA:257,0
DA:258,0
DA:259,0
DA:260,0
DA:262,0
DA:265,0
DA:267,0
DA:271,0
DA:272,0
DA:274,0
DA:283,0
DA:284,0
DA:297,0
DA:298,0
DA:300,0
DA:301,0
DA:311,0
DA:313,0
DA:314,0
DA:315,0
DA:316,0
DA:317,0
DA:318,0
DA:319,0
DA:321,0
DA:325,0
DA:326,0
DA:329,0
DA:331,0
DA:340,0
DA:341,0
DA:354,0
DA:355,0
DA:357,0
DA:358,0
DA:361,0
DA:363,0
DA:364,0
DA:365,0
DA:366,0
DA:368,0
DA:369,0
DA:372,0
DA:373,0
DA:375,0
DA:379,0
DA:380,0
DA:381,0
DA:382,0
DA:383,0
DA:390,0
DA:394,0
DA:396,0
DA:397,0
DA:403,0
DA:404,0
DA:406,0
DA:407,0
DA:416,0
DA:418,0
DA:419,0
DA:420,0
DA:421,0
DA:422,0
DA:425,0
DA:429,0
DA:430,0
DA:432,0
DA:440,0
DA:441,0
DA:453,0
DA:454,0
DA:456,0
DA:457,0
DA:466,0
DA:468,0
DA:469,0
DA:471,0
DA:472,0
DA:474,0
DA:478,0
DA:479,0
DA:480,0
DA:482,0
DA:483,0
DA:492,0
DA:500,0
DA:501,0
DA:513,0
DA:514,0
DA:515,0
DA:516,0
DA:518,0
DA:519,0
DA:521,0
DA:522,0
DA:523,0
DA:524,0
DA:525,0
DA:526,0
DA:528,0
DA:529,0
DA:531,0
DA:535,0
DA:536,0
DA:537,0
DA:539,0
DA:547,0
DA:548,0
DA:560,0
DA:561,0
DA:562,0
DA:563,0
DA:564,0
DA:566,0
DA:567,0
DA:569,0
DA:586,0
DA:587,0
DA:608,0
DA:616,0
DA:617,0
DA:619,0
DA:620,0
DA:622,0
DA:625,0
LF:240
LH:0
BRDA:9,0,0,0
BRDA:10,1,0,0
BRDA:10,1,1,0
BRDA:10,2,0,0
BRDA:10,2,1,0
BRDA:10,2,2,0
BRDA:14,3,0,0
BRDA:14,3,1,0
BRDA:14,4,0,0
BRDA:14,4,1,0
BRDA:18,5,0,0
BRDA:19,6,0,0
BRDA:19,6,1,0
BRDA:27,7,0,0
BRDA:28,8,0,0
BRDA:28,8,1,0
BRDA:28,9,0,0
BRDA:28,9,1,0
BRDA:36,10,0,0
BRDA:38,11,0,0
BRDA:38,11,1,0
BRDA:40,12,0,0
BRDA:40,12,1,0
BRDA:48,13,0,0
BRDA:52,14,0,0
BRDA:52,14,1,0
BRDA:79,15,0,0
BRDA:79,15,1,0
BRDA:91,16,0,0
BRDA:91,16,1,0
BRDA:92,17,0,0
BRDA:92,17,1,0
BRDA:97,18,0,0
BRDA:97,18,1,0
BRDA:102,19,0,0
BRDA:102,19,1,0
BRDA:107,20,0,0
BRDA:107,20,1,0
BRDA:112,21,0,0
BRDA:112,21,1,0
BRDA:120,22,0,0
BRDA:120,22,1,0
BRDA:120,23,0,0
BRDA:120,23,1,0
BRDA:138,24,0,0
BRDA:138,24,1,0
BRDA:146,25,0,0
BRDA:146,25,1,0
BRDA:147,26,0,0
BRDA:147,26,1,0
BRDA:149,27,0,0
BRDA:149,27,1,0
BRDA:188,28,0,0
BRDA:188,28,1,0
BRDA:193,29,0,0
BRDA:193,29,1,0
BRDA:202,30,0,0
BRDA:202,30,1,0
BRDA:203,31,0,0
BRDA:203,31,1,0
BRDA:241,32,0,0
BRDA:241,32,1,0
BRDA:254,33,0,0
BRDA:254,33,1,0
BRDA:255,34,0,0
BRDA:255,34,1,0
BRDA:257,35,0,0
BRDA:257,35,1,0
BRDA:259,36,0,0
BRDA:259,36,1,0
BRDA:300,37,0,0
BRDA:300,37,1,0
BRDA:311,38,0,0
BRDA:311,38,1,0
BRDA:316,39,0,0
BRDA:316,39,1,0
BRDA:317,40,0,0
BRDA:317,40,1,0
BRDA:318,41,0,0
BRDA:318,41,1,0
BRDA:325,42,0,0
BRDA:325,42,1,0
BRDA:326,43,0,0
BRDA:326,43,1,0
BRDA:329,44,0,0
BRDA:329,44,1,0
BRDA:357,45,0,0
BRDA:357,45,1,0
BRDA:365,46,0,0
BRDA:365,46,1,0
BRDA:366,47,0,0
BRDA:366,47,1,0
BRDA:368,48,0,0
BRDA:368,48,1,0
BRDA:406,49,0,0
BRDA:406,49,1,0
BRDA:420,50,0,0
BRDA:420,50,1,0
BRDA:456,51,0,0
BRDA:456,51,1,0
BRDA:471,52,0,0
BRDA:471,52,1,0
BRDA:471,53,0,0
BRDA:471,53,1,0
BRDA:472,54,0,0
BRDA:472,54,1,0
BRDA:482,55,0,0
BRDA:482,55,1,0
BRDA:512,56,0,0
BRDA:523,57,0,0
BRDA:523,57,1,0
BRDA:525,58,0,0
BRDA:525,58,1,0
BRDA:526,59,0,0
BRDA:526,59,1,0
BRDA:566,60,0,0
BRDA:566,60,1,0
BRDA:616,61,0,0
BRDA:616,61,1,0
BRDA:619,62,0,0
BRDA:619,62,1,0
BRF:121
BRH:0
end_of_record
TN:
SF:src\scripts\api-service.js
FN:7,(anonymous_0)
FN:31,getAuthToken
FN:36,getHeaders
FN:46,isCacheValid
FN:53,fetchWithRetry
FN:55,(anonymous_5)
FN:67,(anonymous_6)
FN:80,(anonymous_7)
FN:89,getProducts
FN:105,createProduct
FN:122,updateProduct
FN:139,deleteProduct
FN:154,getSales
FN:169,createSale
FN:186,updateSale
FN:204,getCategories
FN:220,createCategory
FN:238,getStock
FN:254,updateStock
FN:272,getAnalytics
FN:293,getDashboardSummary
FN:303,getDashboardMetrics
FN:317,importBatch
FN:336,exportData
FN:354,generateReport
FN:371,fallbackToLocalStorage
FN:377,calculateLocalAnalytics
FN:386,(anonymous_27)
FN:396,(anonymous_28)
FN:407,calculateLocalDashboardSummary
FN:413,(anonymous_30)
FN:414,(anonymous_31)
FN:415,(anonymous_32)
FN:425,(anonymous_33)
FN:430,healthCheck
FN:474,(anonymous_35)
FNF:36
FNH:0
FNDA:0,(anonymous_0)
FNDA:0,getAuthToken
FNDA:0,getHeaders
FNDA:0,isCacheValid
FNDA:0,fetchWithRetry
FNDA:0,(anonymous_5)
FNDA:0,(anonymous_6)
FNDA:0,(anonymous_7)
FNDA:0,getProducts
FNDA:0,createProduct
FNDA:0,updateProduct
FNDA:0,deleteProduct
FNDA:0,getSales
FNDA:0,createSale
FNDA:0,updateSale
FNDA:0,getCategories
FNDA:0,createCategory
FNDA:0,getStock
FNDA:0,updateStock
FNDA:0,getAnalytics
FNDA:0,getDashboardSummary
FNDA:0,getDashboardMetrics
FNDA:0,importBatch
FNDA:0,exportData
FNDA:0,generateReport
FNDA:0,fallbackToLocalStorage
FNDA:0,calculateLocalAnalytics
FNDA:0,(anonymous_27)
FNDA:0,(anonymous_28)
FNDA:0,calculateLocalDashboardSummary
FNDA:0,(anonymous_30)
FNDA:0,(anonymous_31)
FNDA:0,(anonymous_32)
FNDA:0,(anonymous_33)
FNDA:0,healthCheck
FNDA:0,(anonymous_35)
DA:7,0
DA:8,0
DA:19,0
DA:28,0
DA:32,0
DA:37,0
DA:38,0
DA:39,0
DA:40,0
DA:42,0
DA:47,0
DA:48,0
DA:49,0
DA:54,0
DA:55,0
DA:57,0
DA:58,0
DA:64,0
DA:66,0
DA:67,0
DA:68,0
DA:75,0
DA:77,0
DA:79,0
DA:80,0
DA:81,0
DA:84,0
DA:90,0
DA:91,0
DA:94,0
DA:95,0
DA:96,0
DA:97,0
DA:98,0
DA:100,0
DA:101,0
DA:106,0
DA:107,0
DA:114,0
DA:115,0
DA:117,0
DA:118,0
DA:123,0
DA:124,0
DA:131,0
DA:132,0
DA:134,0
DA:135,0
DA:140,0
DA:141,0
DA:145,0
DA:146,0
DA:148,0
DA:149,0
DA:155,0
DA:156,0
DA:158,0
DA:159,0
DA:160,0
DA:161,0
DA:162,0
DA:164,0
DA:165,0
DA:170,0
DA:171,0
DA:178,0
DA:179,0
DA:181,0
DA:182,0
DA:187,0
DA:188,0
DA:195,0
DA:196,0
DA:198,0
DA:199,0
DA:205,0
DA:206,0
DA:209,0
DA:210,0
DA:211,0
DA:212,0
DA:213,0
DA:215,0
DA:216,0
DA:221,0
DA:222,0
DA:229,0
DA:230,0
DA:232,0
DA:233,0
DA:239,0
DA:240,0
DA:243,0
DA:244,0
DA:245,0
DA:246,0
DA:247,0
DA:249,0
DA:250,0
DA:255,0
DA:256,0
DA:263,0
DA:264,0
DA:266,0
DA:267,0
DA:273,0
DA:274,0
DA:275,0
DA:277,0
DA:278,0
DA:280,0
DA:281,0
DA:282,0
DA:283,0
DA:284,0
DA:286,0
DA:288,0
DA:294,0
DA:295,0
DA:296,0
DA:298,0
DA:299,0
DA:304,0
DA:305,0
DA:309,0
DA:311,0
DA:312,0
DA:318,0
DA:319,0
DA:326,0
DA:327,0
DA:328,0
DA:329,0
DA:331,0
DA:332,0
DA:337,0
DA:338,0
DA:345,0
DA:346,0
DA:348,0
DA:349,0
DA:355,0
DA:356,0
DA:363,0
DA:365,0
DA:366,0
DA:372,0
DA:373,0
DA:378,0
DA:379,0
DA:380,0
DA:381,0
DA:384,0
DA:385,0
DA:386,0
DA:387,0
DA:388,0
DA:389,0
DA:390,0
DA:394,0
DA:396,0
DA:408,0
DA:409,0
DA:410,0
DA:411,0
DA:413,0
DA:414,0
DA:415,0
DA:417,0
DA:425,0
DA:431,0
DA:432,0
DA:433,0
DA:435,0
DA:440,0
DA:475,0
DA:476,0
DA:477,0
DA:478,0
DA:479,0
DA:480,0
LF:181
LH:0
BRDA:9,0,0,0
BRDA:9,0,1,0
BRDA:32,1,0,0
BRDA:32,1,1,0
BRDA:39,2,0,0
BRDA:39,2,1,0
BRDA:47,3,0,0
BRDA:47,3,1,0
BRDA:47,4,0,0
BRDA:47,4,1,0
BRDA:53,5,0,0
BRDA:53,6,0,0
BRDA:66,7,0,0
BRDA:66,7,1,0
BRDA:70,8,0,0
BRDA:70,8,1,0
BRDA:79,9,0,0
BRDA:79,9,1,0
BRDA:79,10,0,0
BRDA:79,10,1,0
BRDA:79,10,2,0
BRDA:90,11,0,0
BRDA:90,11,1,0
BRDA:154,12,0,0
BRDA:156,13,0,0
BRDA:156,13,1,0
BRDA:205,14,0,0
BRDA:205,14,1,0
BRDA:239,15,0,0
BRDA:239,15,1,0
BRDA:272,16,0,0
BRDA:272,17,0,0
BRDA:274,18,0,0
BRDA:274,18,1,0
BRDA:275,19,0,0
BRDA:275,19,1,0
BRDA:278,20,0,0
BRDA:278,20,1,0
BRDA:345,21,0,0
BRDA:345,21,1,0
BRDA:354,22,0,0
BRDA:373,23,0,0
BRDA:373,23,1,0
BRDA:378,24,0,0
BRDA:378,24,1,0
BRDA:379,25,0,0
BRDA:379,25,1,0
BRDA:380,26,0,0
BRDA:380,26,1,0
BRDA:381,27,0,0
BRDA:381,27,1,0
BRDA:385,28,0,0
BRDA:385,28,1,0
BRDA:385,29,0,0
BRDA:385,29,1,0
BRDA:388,30,0,0
BRDA:388,30,1,0
BRDA:389,31,0,0
BRDA:389,31,1,0
BRDA:390,32,0,0
BRDA:390,32,1,0
BRDA:396,33,0,0
BRDA:396,33,1,0
BRDA:408,34,0,0
BRDA:408,34,1,0
BRDA:409,35,0,0
BRDA:409,35,1,0
BRDA:410,36,0,0
BRDA:410,36,1,0
BRDA:411,37,0,0
BRDA:411,37,1,0
BRDA:414,38,0,0
BRDA:414,38,1,0
BRDA:415,39,0,0
BRDA:415,39,1,0
BRF:75
BRH:0
end_of_record
TN:
SF:src\scripts\backup.js
FN:4,(anonymous_0)
FN:8,safeGetItem
FN:19,safeJsonParse
FN:31,validateBackupStructure
FN:42,cloneBackupData
FN:52,createBackup
FN:72,(anonymous_6)
FN:91,downloadBackup
FN:134,restoreBackup
FN:163,(anonymous_9)
FN:168,(anonymous_10)
FN:205,(anonymous_11)
FN:246,getBackupInfo
FN:268,clearAllData
FN:287,(anonymous_14)
FNF:15
FNH:0
FNDA:0,(anonymous_0)
FNDA:0,safeGetItem
FNDA:0,safeJsonParse
FNDA:0,validateBackupStructure
FNDA:0,cloneBackupData
FNDA:0,createBackup
FNDA:0,(anonymous_6)
FNDA:0,downloadBackup
FNDA:0,restoreBackup
FNDA:0,(anonymous_9)
FNDA:0,(anonymous_10)
FNDA:0,(anonymous_11)
FNDA:0,getBackupInfo
FNDA:0,clearAllData
FNDA:0,(anonymous_14)
DA:4,0
DA:5,0
DA:9,0
DA:10,0
DA:11,0
DA:13,0
DA:14,0
DA:20,0
DA:21,0
DA:22,0
DA:23,0
DA:25,0
DA:26,0
DA:32,0
DA:33,0
DA:35,0
DA:36,0
DA:38,0
DA:43,0
DA:44,0
DA:46,0
DA:47,0
DA:53,0
DA:54,0
DA:72,0
DA:73,0
DA:74,0
DA:75,0
DA:76,0
DA:78,0
DA:83,0
DA:85,0
DA:86,0
DA:92,0
DA:93,0
DA:94,0
DA:95,0
DA:96,0
DA:99,0
DA:101,0
DA:102,0
DA:103,0
DA:105,0
DA:106,0
DA:107,0
DA:110,0
DA:111,0
DA:114,0
DA:115,0
DA:117,0
DA:118,0
DA:119,0
DA:122,0
DA:124,0
DA:125,0
DA:128,0
DA:129,0
DA:135,0
DA:136,0
DA:137,0
DA:138,0
DA:139,0
DA:142,0
DA:143,0
DA:144,0
DA:145,0
DA:149,0
DA:150,0
DA:151,0
DA:155,0
DA:156,0
DA:157,0
DA:158,0
DA:161,0
DA:163,0
DA:164,0
DA:165,0
DA:168,0
DA:169,0
DA:170,0
DA:173,0
DA:174,0
DA:175,0
DA:179,0
DA:180,0
DA:184,0
DA:185,0
DA:186,0
DA:187,0
DA:191,0
DA:193,0
DA:205,0
DA:206,0
DA:207,0
DA:208,0
DA:210,0
DA:211,0
DA:215,0
DA:216,0
DA:218,0
DA:221,0
DA:222,0
DA:224,0
DA:225,0
DA:228,0
DA:229,0
DA:233,0
DA:234,0
DA:236,0
DA:237,0
DA:240,0
DA:241,0
DA:247,0
DA:248,0
DA:249,0
DA:250,0
DA:253,0
DA:262,0
DA:263,0
DA:269,0
DA:270,0
DA:271,0
DA:274,0
DA:275,0
DA:279,0
DA:286,0
DA:287,0
DA:288,0
DA:289,0
DA:291,0
DA:292,0
DA:296,0
DA:297,0
DA:299,0
DA:302,0
DA:303,0
DA:305,0
DA:306,0
DA:309,0
DA:310,0
DA:314,0
LF:141
LH:0
BRDA:8,0,0,0
BRDA:11,1,0,0
BRDA:11,1,1,0
BRDA:21,2,0,0
BRDA:21,2,1,0
BRDA:32,3,0,0
BRDA:32,3,1,0
BRDA:32,4,0,0
BRDA:32,4,1,0
BRDA:35,5,0,0
BRDA:35,5,1,0
BRDA:35,6,0,0
BRDA:35,6,1,0
BRDA:35,6,2,0
BRDA:74,7,0,0
BRDA:74,7,1,0
BRDA:74,8,0,0
BRDA:74,8,1,0
BRDA:75,9,0,0
BRDA:75,9,1,0
BRDA:75,10,0,0
BRDA:75,10,1,0
BRDA:75,10,2,0
BRDA:94,11,0,0
BRDA:94,11,1,0
BRDA:106,12,0,0
BRDA:106,12,1,0
BRDA:136,13,0,0
BRDA:136,13,1,0
BRDA:136,14,0,0
BRDA:136,14,1,0
BRDA:143,15,0,0
BRDA:143,15,1,0
BRDA:149,16,0,0
BRDA:149,16,1,0
BRDA:149,17,0,0
BRDA:149,17,1,0
BRDA:156,18,0,0
BRDA:156,18,1,0
BRDA:173,19,0,0
BRDA:173,19,1,0
BRDA:179,20,0,0
BRDA:179,20,1,0
BRDA:185,21,0,0
BRDA:185,21,1,0
BRDA:207,22,0,0
BRDA:207,22,1,0
BRDA:215,23,0,0
BRDA:215,23,1,0
BRDA:249,24,0,0
BRDA:249,24,1,0
BRDA:255,25,0,0
BRDA:255,25,1,0
BRDA:256,26,0,0
BRDA:256,26,1,0
BRDA:257,27,0,0
BRDA:257,27,1,0
BRDA:258,28,0,0
BRDA:258,28,1,0
BRDA:270,29,0,0
BRDA:270,29,1,0
BRDA:274,30,0,0
BRDA:274,30,1,0
BRDA:296,31,0,0
BRDA:296,31,1,0
BRF:65
BRH:0
end_of_record
TN:
SF:src\scripts\categories.js
FN:3,(anonymous_0)
FN:7,init
FN:13,getAll
FN:19,save
FN:24,add
FN:28,(anonymous_5)
FN:47,update
FN:49,(anonymous_7)
FN:56,(anonymous_8)
FN:72,remove
FN:74,(anonymous_10)
FN:80,renderCategories
FN:94,(anonymous_12)
FN:117,setupForm
FN:121,(anonymous_14)
FN:136,(anonymous_15)
FN:148,editCategory
FN:150,(anonymous_17)
FN:174,deleteCategory
FN:176,(anonymous_19)
FN:190,showError
FN:199,clearErrors
FN:200,(anonymous_22)
FN:207,escapeHtml
FN:226,(anonymous_24)
FNF:25
FNH:0
FNDA:0,(anonymous_0)
FNDA:0,init
FNDA:0,getAll
FNDA:0,save
FNDA:0,add
FNDA:0,(anonymous_5)
FNDA:0,update
FNDA:0,(anonymous_7)
FNDA:0,(anonymous_8)
FNDA:0,remove
FNDA:0,(anonymous_10)
FNDA:0,renderCategories
FNDA:0,(anonymous_12)
FNDA:0,setupForm
FNDA:0,(anonymous_14)
FNDA:0,(anonymous_15)
FNDA:0,editCategory
FNDA:0,(anonymous_17)
FNDA:0,deleteCategory
FNDA:0,(anonymous_19)
FNDA:0,showError
FNDA:0,clearErrors
FNDA:0,(anonymous_22)
FNDA:0,escapeHtml
FNDA:0,(anonymous_24)
DA:3,0
DA:4,0
DA:8,0
DA:9,0
DA:14,0
DA:15,0
DA:20,0
DA:25,0
DA:28,0
DA:29,0
DA:32,0
DA:41,0
DA:42,0
DA:43,0
DA:48,0
DA:49,0
DA:51,0
DA:52,0
DA:56,0
DA:57,0
DA:60,0
DA:67,0
DA:68,0
DA:73,0
DA:74,0
DA:75,0
DA:76,0
DA:81,0
DA:82,0
DA:83,0
DA:85,0
DA:87,0
DA:88,0
DA:89,0
DA:92,0
DA:94,0
DA:95,0
DA:96,0
DA:112,0
DA:118,0
DA:119,0
DA:121,0
DA:122,0
DA:124,0
DA:125,0
DA:126,0
DA:128,0
DA:130,0
DA:131,0
DA:132,0
DA:135,0
DA:136,0
DA:137,0
DA:140,0
DA:142,0
DA:149,0
DA:150,0
DA:152,0
DA:154,0
DA:155,0
DA:157,0
DA:158,0
DA:159,0
DA:162,0
DA:163,0
DA:165,0
DA:166,0
DA:167,0
DA:169,0
DA:175,0
DA:176,0
DA:178,0
DA:180,0
DA:181,0
DA:182,0
DA:183,0
DA:184,0
DA:191,0
DA:192,0
DA:193,0
DA:194,0
DA:200,0
DA:201,0
DA:202,0
DA:208,0
DA:209,0
DA:210,0
DA:213,0
DA:226,0
DA:227,0
LF:90
LH:0
BRDA:15,0,0,0
BRDA:15,0,1,0
BRDA:28,1,0,0
BRDA:28,1,1,0
BRDA:51,2,0,0
BRDA:51,2,1,0
BRDA:56,3,0,0
BRDA:56,3,1,0
BRDA:56,4,0,0
BRDA:56,4,1,0
BRDA:87,5,0,0
BRDA:87,5,1,0
BRDA:98,6,0,0
BRDA:98,6,1,0
BRDA:101,7,0,0
BRDA:101,7,1,0
BRDA:104,8,0,0
BRDA:104,8,1,0
BRDA:130,9,0,0
BRDA:130,9,1,0
BRDA:152,10,0,0
BRDA:152,10,1,0
BRDA:155,11,0,0
BRDA:155,11,1,0
BRDA:157,12,0,0
BRDA:157,12,1,0
BRDA:163,13,0,0
BRDA:163,13,1,0
BRDA:165,14,0,0
BRDA:165,14,1,0
BRDA:178,15,0,0
BRDA:178,15,1,0
BRDA:180,16,0,0
BRDA:180,16,1,0
BRDA:182,17,0,0
BRDA:182,17,1,0
BRDA:192,18,0,0
BRDA:192,18,1,0
BRF:38
BRH:0
end_of_record
TN:
SF:src\scripts\dashboard-customization.js
FN:6,(anonymous_0)
FN:24,initializeConfig
FN:30,getConfig
FN:35,toggleWidget
FN:37,(anonymous_4)
FN:49,reorderWidgets
FN:52,(anonymous_6)
FN:53,(anonymous_7)
FN:64,resizeWidget
FN:66,(anonymous_9)
FN:78,getEnabledWidgets
FN:81,(anonymous_11)
FN:82,(anonymous_12)
FN:86,resetToDefault
FN:92,savePreset
FN:108,loadPreset
FN:110,(anonymous_16)
FN:121,getPresets
FN:126,deletePreset
FN:128,(anonymous_19)
FN:134,renderCustomizationPanel
FN:150,(anonymous_21)
FN:177,(anonymous_22)
FN:215,savePresetUI
FN:226,createProfileConfig
FNF:25
FNH:0
FNDA:0,(anonymous_0)
FNDA:0,initializeConfig
FNDA:0,getConfig
FNDA:0,toggleWidget
FNDA:0,(anonymous_4)
FNDA:0,reorderWidgets
FNDA:0,(anonymous_6)
FNDA:0,(anonymous_7)
FNDA:0,resizeWidget
FNDA:0,(anonymous_9)
FNDA:0,getEnabledWidgets
FNDA:0,(anonymous_11)
FNDA:0,(anonymous_12)
FNDA:0,resetToDefault
FNDA:0,savePreset
FNDA:0,loadPreset
FNDA:0,(anonymous_16)
FNDA:0,getPresets
FNDA:0,deletePreset
FNDA:0,(anonymous_19)
FNDA:0,renderCustomizationPanel
FNDA:0,(anonymous_21)
FNDA:0,(anonymous_22)
FNDA:0,savePresetUI
FNDA:0,createProfileConfig
DA:6,0
DA:7,0
DA:8,0
DA:25,0
DA:26,0
DA:31,0
DA:36,0
DA:37,0
DA:39,0
DA:40,0
DA:41,0
DA:42,0
DA:45,0
DA:50,0
DA:52,0
DA:53,0
DA:54,0
DA:55,0
DA:59,0
DA:60,0
DA:65,0
DA:66,0
DA:68,0
DA:69,0
DA:70,0
DA:71,0
DA:74,0
DA:79,0
DA:80,0
DA:81,0
DA:82,0
DA:87,0
DA:88,0
DA:93,0
DA:95,0
DA:102,0
DA:103,0
DA:104,0
DA:109,0
DA:110,0
DA:112,0
DA:113,0
DA:114,0
DA:117,0
DA:122,0
DA:127,0
DA:128,0
DA:129,0
DA:130,0
DA:135,0
DA:136,0
DA:138,0
DA:139,0
DA:141,0
DA:150,0
DA:177,0
DA:211,0
DA:216,0
DA:217,0
DA:218,0
DA:219,0
DA:220,0
DA:221,0
DA:227,0
DA:255,0
DA:256,0
DA:257,0
DA:260,0
LF:68
LH:0
BRDA:26,0,0,0
BRDA:26,0,1,0
BRDA:39,1,0,0
BRDA:39,1,1,0
BRDA:54,2,0,0
BRDA:54,2,1,0
BRDA:68,3,0,0
BRDA:68,3,1,0
BRDA:68,4,0,0
BRDA:68,4,1,0
BRDA:93,5,0,0
BRDA:93,5,1,0
BRDA:109,6,0,0
BRDA:109,6,1,0
BRDA:112,7,0,0
BRDA:112,7,1,0
BRDA:122,8,0,0
BRDA:122,8,1,0
BRDA:127,9,0,0
BRDA:127,9,1,0
BRDA:136,10,0,0
BRDA:136,10,1,0
BRDA:149,11,0,0
BRDA:149,11,1,0
BRDA:182,12,0,0
BRDA:182,12,1,0
BRDA:194,13,0,0
BRDA:194,13,1,0
BRDA:195,14,0,0
BRDA:195,14,1,0
BRDA:196,15,0,0
BRDA:196,15,1,0
BRDA:217,16,0,0
BRDA:217,16,1,0
BRDA:255,17,0,0
BRDA:255,17,1,0
BRF:36
BRH:0
end_of_record
TN:
SF:src\scripts\dom-utils.js
FN:7,(anonymous_0)
FN:17,(anonymous_1)
FN:22,(anonymous_2)
FN:27,(anonymous_3)
FN:32,(anonymous_4)
FN:45,getElementById
FN:72,querySelector
FN:104,querySelectorAll
FN:131,setText
FN:160,setHTML
FN:190,getText
FN:218,setAttribute
FN:248,getAttribute
FN:276,addClass
FN:305,removeClass
FN:334,toggleClass
FN:364,addEventListener
FN:397,isVisible
FN:423,show
FN:451,hide
FN:477,configure
FNF:21
FNH:0
FNDA:0,(anonymous_0)
FNDA:0,(anonymous_1)
FNDA:0,(anonymous_2)
FNDA:0,(anonymous_3)
FNDA:0,(anonymous_4)
FNDA:0,getElementById
FNDA:0,querySelector
FNDA:0,querySelectorAll
FNDA:0,setText
FNDA:0,setHTML
FNDA:0,getText
FNDA:0,setAttribute
FNDA:0,getAttribute
FNDA:0,addClass
FNDA:0,removeClass
FNDA:0,toggleClass
FNDA:0,addEventListener
FNDA:0,isVisible
FNDA:0,show
FNDA:0,hide
FNDA:0,configure
DA:7,0
DA:9,0
DA:16,0
DA:18,0
DA:19,0
DA:23,0
DA:24,0
DA:28,0
DA:29,0
DA:33,0
DA:34,0
DA:46,0
DA:47,0
DA:48,0
DA:49,0
DA:52,0
DA:53,0
DA:54,0
DA:55,0
DA:58,0
DA:60,0
DA:61,0
DA:73,0
DA:74,0
DA:75,0
DA:76,0
DA:79,0
DA:80,0
DA:81,0
DA:84,0
DA:85,0
DA:86,0
DA:87,0
DA:90,0
DA:92,0
DA:93,0
DA:105,0
DA:106,0
DA:107,0
DA:108,0
DA:111,0
DA:112,0
DA:113,0
DA:116,0
DA:117,0
DA:119,0
DA:120,0
DA:132,0
DA:133,0
DA:135,0
DA:136,0
DA:139,0
DA:140,0
DA:141,0
DA:144,0
DA:145,0
DA:146,0
DA:148,0
DA:149,0
DA:161,0
DA:162,0
DA:164,0
DA:165,0
DA:168,0
DA:169,0
DA:170,0
DA:174,0
DA:175,0
DA:176,0
DA:178,0
DA:179,0
DA:191,0
DA:192,0
DA:194,0
DA:195,0
DA:198,0
DA:199,0
DA:200,0
DA:203,0
DA:205,0
DA:206,0
DA:219,0
DA:220,0
DA:222,0
DA:223,0
DA:226,0
DA:227,0
DA:228,0
DA:231,0
DA:232,0
DA:233,0
DA:235,0
DA:236,0
DA:249,0
DA:250,0
DA:252,0
DA:253,0
DA:256,0
DA:257,0
DA:258,0
DA:261,0
DA:262,0
DA:264,0
DA:265,0
DA:277,0
DA:278,0
DA:280,0
DA:281,0
DA:284,0
DA:285,0
DA:286,0
DA:289,0
DA:290,0
DA:291,0
DA:293,0
DA:294,0
DA:306,0
DA:307,0
DA:309,0
DA:310,0
DA:313,0
DA:314,0
DA:315,0
DA:318,0
DA:319,0
DA:320,0
DA:322,0
DA:323,0
DA:335,0
DA:336,0
DA:338,0
DA:339,0
DA:342,0
DA:343,0
DA:344,0
DA:347,0
DA:348,0
DA:349,0
DA:351,0
DA:352,0
DA:365,0
DA:366,0
DA:368,0
DA:369,0
DA:372,0
DA:373,0
DA:374,0
DA:377,0
DA:378,0
DA:379,0
DA:382,0
DA:383,0
DA:384,0
DA:386,0
DA:387,0
DA:398,0
DA:399,0
DA:401,0
DA:402,0
DA:405,0
DA:406,0
DA:407,0
DA:410,0
DA:412,0
DA:413,0
DA:424,0
DA:425,0
DA:427,0
DA:428,0
DA:431,0
DA:432,0
DA:433,0
DA:436,0
DA:437,0
DA:438,0
DA:440,0
DA:441,0
DA:452,0
DA:453,0
DA:455,0
DA:456,0
DA:459,0
DA:460,0
DA:461,0
DA:464,0
DA:465,0
DA:466,0
DA:468,0
DA:469,0
DA:478,0
DA:479,0
DA:480,0
DA:483,0
DA:484,0
DA:487,0
LF:195
LH:0
BRDA:18,0,0,0
BRDA:18,0,1,0
BRDA:18,1,0,0
BRDA:18,1,1,0
BRDA:19,2,0,0
BRDA:19,2,1,0
BRDA:23,3,0,0
BRDA:23,3,1,0
BRDA:23,4,0,0
BRDA:23,4,1,0
BRDA:24,5,0,0
BRDA:24,5,1,0
BRDA:28,6,0,0
BRDA:28,6,1,0
BRDA:28,7,0,0
BRDA:28,7,1,0
BRDA:29,8,0,0
BRDA:29,8,1,0
BRDA:33,9,0,0
BRDA:33,9,1,0
BRDA:33,10,0,0
BRDA:33,10,1,0
BRDA:34,11,0,0
BRDA:34,11,1,0
BRDA:45,12,0,0
BRDA:47,13,0,0
BRDA:47,13,1,0
BRDA:47,14,0,0
BRDA:47,14,1,0
BRDA:53,15,0,0
BRDA:53,15,1,0
BRDA:72,16,0,0
BRDA:72,17,0,0
BRDA:74,18,0,0
BRDA:74,18,1,0
BRDA:74,19,0,0
BRDA:74,19,1,0
BRDA:79,20,0,0
BRDA:79,20,1,0
BRDA:79,21,0,0
BRDA:79,21,1,0
BRDA:85,22,0,0
BRDA:85,22,1,0
BRDA:104,23,0,0
BRDA:104,24,0,0
BRDA:106,25,0,0
BRDA:106,25,1,0
BRDA:106,26,0,0
BRDA:106,26,1,0
BRDA:111,27,0,0
BRDA:111,27,1,0
BRDA:111,28,0,0
BRDA:111,28,1,0
BRDA:117,29,0,0
BRDA:117,29,1,0
BRDA:131,30,0,0
BRDA:135,31,0,0
BRDA:135,31,1,0
BRDA:139,32,0,0
BRDA:139,32,1,0
BRDA:139,33,0,0
BRDA:139,33,1,0
BRDA:144,34,0,0
BRDA:144,34,1,0
BRDA:160,35,0,0
BRDA:164,36,0,0
BRDA:164,36,1,0
BRDA:168,37,0,0
BRDA:168,37,1,0
BRDA:168,38,0,0
BRDA:168,38,1,0
BRDA:174,39,0,0
BRDA:174,39,1,0
BRDA:190,40,0,0
BRDA:190,41,0,0
BRDA:194,42,0,0
BRDA:194,42,1,0
BRDA:198,43,0,0
BRDA:198,43,1,0
BRDA:198,44,0,0
BRDA:198,44,1,0
BRDA:203,45,0,0
BRDA:203,45,1,0
BRDA:218,46,0,0
BRDA:222,47,0,0
BRDA:222,47,1,0
BRDA:226,48,0,0
BRDA:226,48,1,0
BRDA:226,49,0,0
BRDA:226,49,1,0
BRDA:231,50,0,0
BRDA:231,50,1,0
BRDA:248,51,0,0
BRDA:248,52,0,0
BRDA:252,53,0,0
BRDA:252,53,1,0
BRDA:256,54,0,0
BRDA:256,54,1,0
BRDA:256,55,0,0
BRDA:256,55,1,0
BRDA:262,56,0,0
BRDA:262,56,1,0
BRDA:276,57,0,0
BRDA:280,58,0,0
BRDA:280,58,1,0
BRDA:284,59,0,0
BRDA:284,59,1,0
BRDA:284,60,0,0
BRDA:284,60,1,0
BRDA:305,61,0,0
BRDA:309,62,0,0
BRDA:309,62,1,0
BRDA:313,63,0,0
BRDA:313,63,1,0
BRDA:313,64,0,0
BRDA:313,64,1,0
BRDA:334,65,0,0
BRDA:338,66,0,0
BRDA:338,66,1,0
BRDA:342,67,0,0
BRDA:342,67,1,0
BRDA:342,68,0,0
BRDA:342,68,1,0
BRDA:364,69,0,0
BRDA:368,70,0,0
BRDA:368,70,1,0
BRDA:372,71,0,0
BRDA:372,71,1,0
BRDA:372,72,0,0
BRDA:372,72,1,0
BRDA:377,73,0,0
BRDA:377,73,1,0
BRDA:397,74,0,0
BRDA:401,75,0,0
BRDA:401,75,1,0
BRDA:405,76,0,0
BRDA:405,76,1,0
BRDA:423,77,0,0
BRDA:427,78,0,0
BRDA:427,78,1,0
BRDA:431,79,0,0
BRDA:431,79,1,0
BRDA:431,80,0,0
BRDA:431,80,1,0
BRDA:451,81,0,0
BRDA:455,82,0,0
BRDA:455,82,1,0
BRDA:459,83,0,0
BRDA:459,83,1,0
BRDA:459,84,0,0
BRDA:459,84,1,0
BRDA:478,85,0,0
BRDA:478,85,1,0
BRDA:478,86,0,0
BRDA:478,86,1,0
BRF:155
BRH:0
end_of_record
TN:
SF:src\scripts\historical-analytics.js
FN:7,(anonymous_0)
FN:11,safeDivide
FN:20,safeGetItem
FN:31,safeJsonParse
FN:43,parseDate
FN:55,initHistory
FN:79,recordDailyMetrics
FN:89,(anonymous_7)
FN:99,(anonymous_8)
FN:109,(anonymous_9)
FN:110,(anonymous_10)
FN:120,(anonymous_11)
FN:136,recordMonthlyMetrics
FN:144,(anonymous_13)
FN:156,(anonymous_14)
FN:157,(anonymous_15)
FN:158,(anonymous_16)
FN:191,getMetricsForRange
FN:200,(anonymous_18)
FN:210,(anonymous_19)
FN:211,(anonymous_20)
FN:212,(anonymous_21)
FN:246,compareRanges
FN:277,getDailyTrends
FN:284,(anonymous_24)
FN:285,(anonymous_25)
FN:298,(anonymous_26)
FN:306,getMonthlyTrends
FN:311,(anonymous_28)
FN:326,(anonymous_29)
FN:334,getYearOverYearComparison
FN:351,getBestPerformingPeriod
FN:358,(anonymous_32)
FN:368,exportHistory
FN:378,(anonymous_34)
FN:400,clearHistory
FN:411,getBestPerformingPeriod
FN:417,(anonymous_37)
FN:423,forecastNextMonth
FN:432,(anonymous_39)
FN:458,exportHistory
FN:466,(anonymous_41)
FN:476,clearHistory
FNF:43
FNH:0
FNDA:0,(anonymous_0)
FNDA:0,safeDivide
FNDA:0,safeGetItem
FNDA:0,safeJsonParse
FNDA:0,parseDate
FNDA:0,initHistory
FNDA:0,recordDailyMetrics
FNDA:0,(anonymous_7)
FNDA:0,(anonymous_8)
FNDA:0,(anonymous_9)
FNDA:0,(anonymous_10)
FNDA:0,(anonymous_11)
FNDA:0,recordMonthlyMetrics
FNDA:0,(anonymous_13)
FNDA:0,(anonymous_14)
FNDA:0,(anonymous_15)
FNDA:0,(anonymous_16)
FNDA:0,getMetricsForRange
FNDA:0,(anonymous_18)
FNDA:0,(anonymous_19)
FNDA:0,(anonymous_20)
FNDA:0,(anonymous_21)
FNDA:0,compareRanges
FNDA:0,getDailyTrends
FNDA:0,(anonymous_24)
FNDA:0,(anonymous_25)
FNDA:0,(anonymous_26)
FNDA:0,getMonthlyTrends
FNDA:0,(anonymous_28)
FNDA:0,(anonymous_29)
FNDA:0,getYearOverYearComparison
FNDA:0,getBestPerformingPeriod
FNDA:0,(anonymous_32)
FNDA:0,exportHistory
FNDA:0,(anonymous_34)
FNDA:0,clearHistory
FNDA:0,getBestPerformingPeriod
FNDA:0,(anonymous_37)
FNDA:0,forecastNextMonth
FNDA:0,(anonymous_39)
FNDA:0,exportHistory
FNDA:0,(anonymous_41)
FNDA:0,clearHistory
DA:7,0
DA:8,0
DA:12,0
DA:13,0
DA:15,0
DA:16,0
DA:21,0
DA:22,0
DA:23,0
DA:25,0
DA:26,0
DA:32,0
DA:33,0
DA:34,0
DA:35,0
DA:37,0
DA:38,0
DA:44,0
DA:45,0
DA:46,0
DA:47,0
DA:49,0
DA:50,0
DA:56,0
DA:57,0
DA:58,0
DA:61,0
DA:62,0
DA:64,0
DA:65,0
DA:67,0
DA:68,0
DA:71,0
DA:73,0
DA:74,0
DA:80,0
DA:81,0
DA:82,0
DA:83,0
DA:85,0
DA:86,0
DA:89,0
DA:90,0
DA:91,0
DA:92,0
DA:94,0
DA:95,0
DA:99,0
DA:100,0
DA:102,0
DA:109,0
DA:110,0
DA:114,0
DA:115,0
DA:118,0
DA:119,0
DA:120,0
DA:122,0
DA:123,0
DA:125,0
DA:128,0
DA:130,0
DA:131,0
DA:137,0
DA:138,0
DA:140,0
DA:141,0
DA:142,0
DA:144,0
DA:145,0
DA:146,0
DA:147,0
DA:149,0
DA:150,0
DA:154,0
DA:156,0
DA:157,0
DA:158,0
DA:159,0
DA:161,0
DA:171,0
DA:172,0
DA:175,0
DA:177,0
DA:178,0
DA:180,0
DA:183,0
DA:185,0
DA:186,0
DA:192,0
DA:193,0
DA:194,0
DA:195,0
DA:197,0
DA:198,0
DA:200,0
DA:201,0
DA:202,0
DA:203,0
DA:205,0
DA:206,0
DA:210,0
DA:211,0
DA:212,0
DA:213,0
DA:214,0
DA:215,0
DA:216,0
DA:218,0
DA:230,0
DA:231,0
DA:247,0
DA:248,0
DA:249,0
DA:251,0
DA:262,0
DA:263,0
DA:278,0
DA:279,0
DA:280,0
DA:281,0
DA:283,0
DA:284,0
DA:286,0
DA:287,0
DA:294,0
DA:295,0
DA:298,0
DA:300,0
DA:301,0
DA:307,0
DA:308,0
DA:309,0
DA:312,0
DA:313,0
DA:322,0
DA:323,0
DA:326,0
DA:328,0
DA:329,0
DA:335,0
DA:336,0
DA:337,0
DA:338,0
DA:339,0
DA:340,0
DA:341,0
DA:343,0
DA:345,0
DA:346,0
DA:352,0
DA:353,0
DA:354,0
DA:356,0
DA:358,0
DA:359,0
DA:362,0
DA:363,0
DA:369,0
DA:370,0
DA:372,0
DA:373,0
DA:374,0
DA:375,0
DA:377,0
DA:378,0
DA:379,0
DA:380,0
DA:382,0
DA:385,0
DA:387,0
DA:388,0
DA:392,0
DA:394,0
DA:395,0
DA:401,0
DA:402,0
DA:403,0
DA:405,0
DA:406,0
DA:412,0
DA:413,0
DA:415,0
DA:417,0
DA:418,0
DA:424,0
DA:425,0
DA:426,0
DA:427,0
DA:431,0
DA:432,0
DA:434,0
DA:435,0
DA:436,0
DA:439,0
DA:440,0
DA:442,0
DA:443,0
DA:446,0
DA:452,0
DA:453,0
DA:459,0
DA:461,0
DA:462,0
DA:463,0
DA:465,0
DA:466,0
DA:467,0
DA:469,0
DA:472,0
DA:477,0
DA:480,0
LF:212
LH:0
BRDA:11,0,0,0
BRDA:12,1,0,0
BRDA:12,1,1,0
BRDA:12,2,0,0
BRDA:12,2,1,0
BRDA:12,2,2,0
BRDA:16,3,0,0
BRDA:16,3,1,0
BRDA:16,4,0,0
BRDA:16,4,1,0
BRDA:20,5,0,0
BRDA:23,6,0,0
BRDA:23,6,1,0
BRDA:31,7,0,0
BRDA:33,8,0,0
BRDA:33,8,1,0
BRDA:35,9,0,0
BRDA:35,9,1,0
BRDA:35,10,0,0
BRDA:35,10,1,0
BRDA:43,11,0,0
BRDA:45,12,0,0
BRDA:45,12,1,0
BRDA:47,13,0,0
BRDA:47,13,1,0
BRDA:61,14,0,0
BRDA:61,14,1,0
BRDA:61,15,0,0
BRDA:61,15,1,0
BRDA:64,16,0,0
BRDA:64,16,1,0
BRDA:64,17,0,0
BRDA:64,17,1,0
BRDA:67,18,0,0
BRDA:67,18,1,0
BRDA:67,19,0,0
BRDA:67,19,1,0
BRDA:79,20,0,0
BRDA:99,21,0,0
BRDA:99,21,1,0
BRDA:110,22,0,0
BRDA:110,22,1,0
BRDA:111,23,0,0
BRDA:111,23,1,0
BRDA:136,24,0,0
BRDA:147,25,0,0
BRDA:147,25,1,0
BRDA:156,26,0,0
BRDA:156,26,1,0
BRDA:157,27,0,0
BRDA:157,27,1,0
BRDA:158,28,0,0
BRDA:158,28,1,0
BRDA:203,29,0,0
BRDA:203,29,1,0
BRDA:210,30,0,0
BRDA:210,30,1,0
BRDA:211,31,0,0
BRDA:211,31,1,0
BRDA:212,32,0,0
BRDA:212,32,1,0
BRDA:277,33,0,0
BRDA:289,34,0,0
BRDA:289,34,1,0
BRDA:290,35,0,0
BRDA:290,35,1,0
BRDA:291,36,0,0
BRDA:291,36,1,0
BRDA:306,37,0,0
BRDA:314,38,0,0
BRDA:314,38,1,0
BRDA:315,39,0,0
BRDA:315,39,1,0
BRDA:316,40,0,0
BRDA:316,40,1,0
BRDA:317,41,0,0
BRDA:317,41,1,0
BRDA:318,42,0,0
BRDA:318,42,1,0
BRDA:319,43,0,0
BRDA:319,43,1,0
BRDA:351,44,0,0
BRDA:354,45,0,0
BRDA:354,45,1,0
BRDA:356,46,0,0
BRDA:356,46,1,0
BRDA:359,47,0,0
BRDA:359,47,1,0
BRDA:359,48,0,0
BRDA:359,48,1,0
BRDA:359,49,0,0
BRDA:359,49,1,0
BRDA:368,50,0,0
BRDA:372,51,0,0
BRDA:372,51,1,0
BRDA:374,52,0,0
BRDA:374,52,1,0
BRDA:380,53,0,0
BRDA:380,53,1,0
BRDA:380,54,0,0
BRDA:380,54,1,0
BRDA:380,55,0,0
BRDA:380,55,1,0
BRDA:380,56,0,0
BRDA:380,56,1,0
BRDA:395,57,0,0
BRDA:395,57,1,0
BRDA:411,58,0,0
BRDA:413,59,0,0
BRDA:413,59,1,0
BRDA:415,60,0,0
BRDA:415,60,1,0
BRDA:418,61,0,0
BRDA:418,61,1,0
BRDA:426,62,0,0
BRDA:426,62,1,0
BRDA:432,63,0,0
BRDA:432,63,1,0
BRDA:435,64,0,0
BRDA:435,64,1,0
BRDA:442,65,0,0
BRDA:442,65,1,0
BRDA:442,66,0,0
BRDA:442,66,1,0
BRDA:458,67,0,0
BRDA:461,68,0,0
BRDA:461,68,1,0
BRDA:463,69,0,0
BRDA:463,69,1,0
BRF:129
BRH:0
end_of_record
TN:
SF:src\scripts\import.js
FN:6,(anonymous_0)
FN:13,parseCSV
FN:15,(anonymous_2)
FN:21,(anonymous_3)
FN:24,(anonymous_4)
FN:35,showNotification
FN:50,generateId
FN:56,previewProducts
FN:67,(anonymous_8)
FN:78,(anonymous_9)
FN:89,(anonymous_10)
FN:118,importProducts
FN:127,(anonymous_12)
FN:136,(anonymous_13)
FN:203,previewSales
FN:214,(anonymous_15)
FN:226,(anonymous_16)
FN:226,(anonymous_17)
FN:238,(anonymous_18)
FN:271,importSales
FN:287,(anonymous_20)
FN:371,previewCategories
FN:382,(anonymous_22)
FN:393,(anonymous_23)
FN:404,(anonymous_24)
FN:433,importCategories
FN:441,(anonymous_26)
FN:447,(anonymous_27)
FNF:28
FNH:0
FNDA:0,(anonymous_0)
FNDA:0,parseCSV
FNDA:0,(anonymous_2)
FNDA:0,(anonymous_3)
FNDA:0,(anonymous_4)
FNDA:0,showNotification
FNDA:0,generateId
FNDA:0,previewProducts
FNDA:0,(anonymous_8)
FNDA:0,(anonymous_9)
FNDA:0,(anonymous_10)
FNDA:0,importProducts
FNDA:0,(anonymous_12)
FNDA:0,(anonymous_13)
FNDA:0,previewSales
FNDA:0,(anonymous_15)
FNDA:0,(anonymous_16)
FNDA:0,(anonymous_17)
FNDA:0,(anonymous_18)
FNDA:0,importSales
FNDA:0,(anonymous_20)
FNDA:0,previewCategories
FNDA:0,(anonymous_22)
FNDA:0,(anonymous_23)
FNDA:0,(anonymous_24)
FNDA:0,importCategories
FNDA:0,(anonymous_26)
FNDA:0,(anonymous_27)
DA:6,0
DA:8,0
DA:9,0
DA:10,0
DA:14,0
DA:15,0
DA:16,0
DA:18,0
DA:19,0
DA:21,0
DA:22,0
DA:24,0
DA:25,0
DA:28,0
DA:31,0
DA:36,0
DA:37,0
DA:39,0
DA:46,0
DA:51,0
DA:57,0
DA:59,0
DA:60,0
DA:61,0
DA:64,0
DA:65,0
DA:67,0
DA:68,0
DA:69,0
DA:70,0
DA:72,0
DA:73,0
DA:74,0
DA:78,0
DA:79,0
DA:80,0
DA:81,0
DA:85,0
DA:86,0
DA:88,0
DA:89,0
DA:90,0
DA:91,0
DA:96,0
DA:99,0
DA:101,0
DA:102,0
DA:103,0
DA:104,0
DA:105,0
DA:106,0
DA:107,0
DA:111,0
DA:115,0
DA:119,0
DA:120,0
DA:121,0
DA:124,0
DA:126,0
DA:127,0
DA:130,0
DA:132,0
DA:133,0
DA:134,0
DA:136,0
DA:138,0
DA:139,0
DA:140,0
DA:141,0
DA:145,0
DA:146,0
DA:147,0
DA:151,0
DA:158,0
DA:161,0
DA:163,0
DA:167,0
DA:168,0
DA:171,0
DA:172,0
DA:173,0
DA:174,0
DA:176,0
DA:177,0
DA:180,0
DA:187,0
DA:188,0
DA:189,0
DA:192,0
DA:193,0
DA:204,0
DA:206,0
DA:207,0
DA:208,0
DA:211,0
DA:212,0
DA:214,0
DA:215,0
DA:216,0
DA:217,0
DA:219,0
DA:220,0
DA:221,0
DA:225,0
DA:226,0
DA:228,0
DA:229,0
DA:230,0
DA:234,0
DA:235,0
DA:237,0
DA:238,0
DA:239,0
DA:240,0
DA:242,0
DA:249,0
DA:252,0
DA:254,0
DA:255,0
DA:256,0
DA:257,0
DA:258,0
DA:259,0
DA:260,0
DA:264,0
DA:268,0
DA:272,0
DA:273,0
DA:274,0
DA:277,0
DA:278,0
DA:279,0
DA:280,0
DA:281,0
DA:283,0
DA:284,0
DA:285,0
DA:287,0
DA:289,0
DA:290,0
DA:291,0
DA:292,0
DA:293,0
DA:297,0
DA:298,0
DA:299,0
DA:300,0
DA:301,0
DA:305,0
DA:306,0
DA:307,0
DA:308,0
DA:309,0
DA:313,0
DA:314,0
DA:315,0
DA:316,0
DA:318,0
DA:331,0
DA:332,0
DA:336,0
DA:339,0
DA:340,0
DA:341,0
DA:342,0
DA:344,0
DA:345,0
DA:348,0
DA:355,0
DA:356,0
DA:357,0
DA:360,0
DA:361,0
DA:372,0
DA:374,0
DA:375,0
DA:376,0
DA:379,0
DA:380,0
DA:382,0
DA:383,0
DA:384,0
DA:385,0
DA:387,0
DA:388,0
DA:389,0
DA:393,0
DA:394,0
DA:395,0
DA:396,0
DA:400,0
DA:401,0
DA:403,0
DA:404,0
DA:405,0
DA:406,0
DA:411,0
DA:414,0
DA:416,0
DA:417,0
DA:418,0
DA:419,0
DA:420,0
DA:421,0
DA:422,0
DA:426,0
DA:430,0
DA:434,0
DA:435,0
DA:436,0
DA:439,0
DA:440,0
DA:441,0
DA:443,0
DA:444,0
DA:445,0
DA:447,0
DA:449,0
DA:450,0
DA:451,0
DA:455,0
DA:463,0
DA:464,0
DA:468,0
DA:471,0
DA:472,0
DA:473,0
DA:474,0
DA:476,0
DA:477,0
DA:480,0
DA:487,0
DA:488,0
DA:489,0
DA:492,0
DA:493,0
DA:502,0
LF:237
LH:0
BRDA:19,0,0,0
BRDA:19,0,1,0
BRDA:25,1,0,0
BRDA:25,1,1,0
BRDA:35,2,0,0
BRDA:36,3,0,0
BRDA:36,3,1,0
BRDA:37,4,0,0
BRDA:37,4,1,0
BRDA:40,5,0,0
BRDA:40,5,1,0
BRDA:41,6,0,0
BRDA:41,6,1,0
BRDA:41,7,0,0
BRDA:41,7,1,0
BRDA:42,8,0,0
BRDA:42,8,1,0
BRDA:59,9,0,0
BRDA:59,9,1,0
BRDA:72,10,0,0
BRDA:72,10,1,0
BRDA:78,11,0,0
BRDA:78,11,1,0
BRDA:78,11,2,0
BRDA:79,12,0,0
BRDA:79,12,1,0
BRDA:101,13,0,0
BRDA:101,13,1,0
BRDA:119,14,0,0
BRDA:119,14,1,0
BRDA:126,15,0,0
BRDA:126,15,1,0
BRDA:130,16,0,0
BRDA:130,16,1,0
BRDA:138,17,0,0
BRDA:138,17,1,0
BRDA:145,18,0,0
BRDA:145,18,1,0
BRDA:155,19,0,0
BRDA:155,19,1,0
BRDA:161,20,0,0
BRDA:161,20,1,0
BRDA:173,21,0,0
BRDA:173,21,1,0
BRDA:176,22,0,0
BRDA:176,22,1,0
BRDA:206,23,0,0
BRDA:206,23,1,0
BRDA:219,24,0,0
BRDA:219,24,1,0
BRDA:228,25,0,0
BRDA:228,25,1,0
BRDA:240,26,0,0
BRDA:240,26,1,0
BRDA:254,27,0,0
BRDA:254,27,1,0
BRDA:272,28,0,0
BRDA:272,28,1,0
BRDA:278,29,0,0
BRDA:278,29,1,0
BRDA:290,30,0,0
BRDA:290,30,1,0
BRDA:298,31,0,0
BRDA:298,31,1,0
BRDA:306,32,0,0
BRDA:306,32,1,0
BRDA:313,33,0,0
BRDA:313,33,1,0
BRDA:314,34,0,0
BRDA:314,34,1,0
BRDA:315,35,0,0
BRDA:315,35,1,0
BRDA:341,36,0,0
BRDA:341,36,1,0
BRDA:344,37,0,0
BRDA:344,37,1,0
BRDA:374,38,0,0
BRDA:374,38,1,0
BRDA:387,39,0,0
BRDA:387,39,1,0
BRDA:393,40,0,0
BRDA:393,40,1,0
BRDA:393,40,2,0
BRDA:394,41,0,0
BRDA:394,41,1,0
BRDA:408,42,0,0
BRDA:408,42,1,0
BRDA:416,43,0,0
BRDA:416,43,1,0
BRDA:434,44,0,0
BRDA:434,44,1,0
BRDA:440,45,0,0
BRDA:440,45,1,0
BRDA:449,46,0,0
BRDA:449,46,1,0
BRDA:458,47,0,0
BRDA:458,47,1,0
BRDA:459,48,0,0
BRDA:459,48,1,0
BRDA:473,49,0,0
BRDA:473,49,1,0
BRDA:476,50,0,0
BRDA:476,50,1,0
BRF:103
BRH:0
end_of_record
TN:
SF:src\scripts\products.js
FN:9,(anonymous_0)
FN:17,(anonymous_1)
FN:23,(anonymous_2)
FN:29,(anonymous_3)
FN:34,(anonymous_4)
FN:41,(anonymous_5)
FN:43,(anonymous_6)
FN:54,(anonymous_7)
FN:59,(anonymous_8)
FN:62,(anonymous_9)
FN:67,(anonymous_10)
FN:74,(anonymous_11)
FN:84,(anonymous_12)
FN:118,(anonymous_13)
FN:125,(anonymous_14)
FN:126,(anonymous_15)
FN:136,(anonymous_16)
FN:142,(anonymous_17)
FN:158,(anonymous_18)
FN:163,(anonymous_19)
FN:175,(anonymous_20)
FN:196,(anonymous_21)
FN:207,(anonymous_22)
FN:242,(anonymous_23)
FN:257,(anonymous_24)
FN:285,(anonymous_25)
FN:290,(anonymous_26)
FN:291,(anonymous_27)
FN:299,(anonymous_28)
FN:310,logout
FN:317,(anonymous_30)
FNF:31
FNH:0
FNDA:0,(anonymous_0)
FNDA:0,(anonymous_1)
FNDA:0,(anonymous_2)
FNDA:0,(anonymous_3)
FNDA:0,(anonymous_4)
FNDA:0,(anonymous_5)
FNDA:0,(anonymous_6)
FNDA:0,(anonymous_7)
FNDA:0,(anonymous_8)
FNDA:0,(anonymous_9)
FNDA:0,(anonymous_10)
FNDA:0,(anonymous_11)
FNDA:0,(anonymous_12)
FNDA:0,(anonymous_13)
FNDA:0,(anonymous_14)
FNDA:0,(anonymous_15)
FNDA:0,(anonymous_16)
FNDA:0,(anonymous_17)
FNDA:0,(anonymous_18)
FNDA:0,(anonymous_19)
FNDA:0,(anonymous_20)
FNDA:0,(anonymous_21)
FNDA:0,(anonymous_22)
FNDA:0,(anonymous_23)
FNDA:0,(anonymous_24)
FNDA:0,(anonymous_25)
FNDA:0,(anonymous_26)
FNDA:0,(anonymous_27)
FNDA:0,(anonymous_28)
FNDA:0,logout
FNDA:0,(anonymous_30)
DA:5,0
DA:10,0
DA:11,0
DA:12,0
DA:13,0
DA:18,0
DA:19,0
DA:20,0
DA:23,0
DA:24,0
DA:25,0
DA:29,0
DA:30,0
DA:34,0
DA:35,0
DA:36,0
DA:40,0
DA:41,0
DA:42,0
DA:43,0
DA:44,0
DA:49,0
DA:55,0
DA:56,0
DA:58,0
DA:59,0
DA:61,0
DA:62,0
DA:68,0
DA:69,0
DA:71,0
DA:72,0
DA:74,0
DA:75,0
DA:76,0
DA:77,0
DA:80,0
DA:85,0
DA:116,0
DA:118,0
DA:119,0
DA:120,0
DA:126,0
DA:127,0
DA:129,0
DA:130,0
DA:131,0
DA:132,0
DA:137,0
DA:138,0
DA:143,0
DA:144,0
DA:146,0
DA:147,0
DA:148,0
DA:151,0
DA:152,0
DA:153,0
DA:154,0
DA:158,0
DA:159,0
DA:160,0
DA:163,0
DA:164,0
DA:165,0
DA:166,0
DA:167,0
DA:168,0
DA:169,0
DA:170,0
DA:176,0
DA:177,0
DA:178,0
DA:181,0
DA:182,0
DA:183,0
DA:184,0
DA:188,0
DA:189,0
DA:190,0
DA:191,0
DA:192,0
DA:196,0
DA:197,0
DA:198,0
DA:199,0
DA:202,0
DA:203,0
DA:208,0
DA:209,0
DA:212,0
DA:213,0
DA:216,0
DA:224,0
DA:227,0
DA:230,0
DA:231,0
DA:234,0
DA:235,0
DA:238,0
DA:243,0
DA:244,0
DA:245,0
DA:246,0
DA:248,0
DA:249,0
DA:250,0
DA:251,0
DA:254,0
DA:255,0
DA:257,0
DA:286,0
DA:291,0
DA:292,0
DA:294,0
DA:295,0
DA:299,0
DA:302,0
DA:305,0
DA:311,0
DA:312,0
DA:317,0
DA:318,0
LF:123
LH:0
BRDA:6,0,0,0
BRDA:6,0,1,0
BRDA:40,1,0,0
BRDA:40,1,1,0
BRDA:42,2,0,0
BRDA:42,2,1,0
BRDA:58,3,0,0
BRDA:58,3,1,0
BRDA:61,4,0,0
BRDA:61,4,1,0
BRDA:71,5,0,0
BRDA:71,5,1,0
BRDA:72,6,0,0
BRDA:72,6,1,0
BRDA:75,7,0,0
BRDA:75,7,1,0
BRDA:76,8,0,0
BRDA:76,8,1,0
BRDA:77,9,0,0
BRDA:77,9,1,0
BRDA:127,10,0,0
BRDA:127,10,1,0
BRDA:146,11,0,0
BRDA:146,11,1,0
BRDA:152,12,0,0
BRDA:152,12,1,0
BRDA:158,13,0,0
BRDA:158,13,1,0
BRDA:158,14,0,0
BRDA:158,14,1,0
BRDA:164,15,0,0
BRDA:164,15,1,0
BRDA:181,16,0,0
BRDA:181,16,1,0
BRDA:189,17,0,0
BRDA:189,17,1,0
BRDA:196,18,0,0
BRDA:196,18,1,0
BRDA:208,19,0,0
BRDA:208,19,1,0
BRDA:246,20,0,0
BRDA:246,20,1,0
BRDA:248,21,0,0
BRDA:248,21,1,0
BRDA:249,22,0,0
BRDA:249,22,1,0
BRDA:254,23,0,0
BRDA:254,23,1,0
BRDA:267,24,0,0
BRDA:267,24,1,0
BRDA:292,25,0,0
BRDA:292,25,1,0
BRDA:294,26,0,0
BRDA:294,26,1,0
BRDA:311,27,0,0
BRDA:311,27,1,0
BRF:56
BRH:0
end_of_record
TN:
SF:src\scripts\realtime-updates.js
FN:6,(anonymous_0)
FN:23,connect
FN:24,(anonymous_2)
FN:28,(anonymous_3)
FN:36,(anonymous_4)
FN:45,(anonymous_5)
FN:51,(anonymous_6)
FN:59,(anonymous_7)
FN:72,attemptReconnect
FN:77,(anonymous_9)
FN:78,(anonymous_10)
FN:86,handleMessage
FN:126,send
FN:146,startHeartbeat
FN:147,(anonymous_14)
FN:154,stopHeartbeat
FN:162,on
FN:167,(anonymous_17)
FN:171,off
FN:173,(anonymous_19)
FN:178,emit
FN:180,(anonymous_21)
FN:191,updateSalesMetrics
FN:195,(anonymous_23)
FN:213,updateStockMetrics
FN:216,(anonymous_25)
FN:229,subscribeToSales
FN:231,(anonymous_27)
FN:237,subscribeToStock
FN:239,(anonymous_29)
FN:245,subscribeToMetrics
FN:247,(anonymous_31)
FN:253,subscribeToDashboard
FN:255,(anonymous_33)
FN:261,unsubscribeAll
FN:266,disconnect
FN:275,getStatus
FN:292,createStatusIndicator
FN:296,(anonymous_38)
FN:333,(anonymous_39)
FNF:40
FNH:0
FNDA:0,(anonymous_0)
FNDA:0,connect
FNDA:0,(anonymous_2)
FNDA:0,(anonymous_3)
FNDA:0,(anonymous_4)
FNDA:0,(anonymous_5)
FNDA:0,(anonymous_6)
FNDA:0,(anonymous_7)
FNDA:0,attemptReconnect
FNDA:0,(anonymous_9)
FNDA:0,(anonymous_10)
FNDA:0,handleMessage
FNDA:0,send
FNDA:0,startHeartbeat
FNDA:0,(anonymous_14)
FNDA:0,stopHeartbeat
FNDA:0,on
FNDA:0,(anonymous_17)
FNDA:0,off
FNDA:0,(anonymous_19)
FNDA:0,emit
FNDA:0,(anonymous_21)
FNDA:0,updateSalesMetrics
FNDA:0,(anonymous_23)
FNDA:0,updateStockMetrics
FNDA:0,(anonymous_25)
FNDA:0,subscribeToSales
FNDA:0,(anonymous_27)
FNDA:0,subscribeToStock
FNDA:0,(anonymous_29)
FNDA:0,subscribeToMetrics
FNDA:0,(anonymous_31)
FNDA:0,subscribeToDashboard
FNDA:0,(anonymous_33)
FNDA:0,unsubscribeAll
FNDA:0,disconnect
FNDA:0,getStatus
FNDA:0,createStatusIndicator
FNDA:0,(anonymous_38)
FNDA:0,(anonymous_39)
DA:6,0
DA:7,0
DA:8,0
DA:9,0
DA:10,0
DA:11,0
DA:14,0
DA:20,0
DA:24,0
DA:25,0
DA:26,0
DA:28,0
DA:29,0
DA:30,0
DA:31,0
DA:32,0
DA:33,0
DA:36,0
DA:37,0
DA:38,0
DA:39,0
DA:41,0
DA:45,0
DA:46,0
DA:47,0
DA:48,0
DA:51,0
DA:52,0
DA:53,0
DA:54,0
DA:55,0
DA:59,0
DA:60,0
DA:61,0
DA:62,0
DA:66,0
DA:73,0
DA:74,0
DA:75,0
DA:77,0
DA:78,0
DA:79,0
DA:87,0
DA:89,0
DA:92,0
DA:94,0
DA:95,0
DA:96,0
DA:99,0
DA:100,0
DA:101,0
DA:104,0
DA:105,0
DA:106,0
DA:109,0
DA:110,0
DA:113,0
DA:114,0
DA:117,0
DA:118,0
DA:121,0
DA:127,0
DA:128,0
DA:129,0
DA:132,0
DA:133,0
DA:138,0
DA:140,0
DA:141,0
DA:147,0
DA:148,0
DA:149,0
DA:155,0
DA:156,0
DA:157,0
DA:163,0
DA:164,0
DA:166,0
DA:167,0
DA:172,0
DA:173,0
DA:179,0
DA:180,0
DA:181,0
DA:182,0
DA:184,0
DA:192,0
DA:195,0
DA:197,0
DA:198,0
DA:200,0
DA:203,0
DA:206,0
DA:207,0
DA:208,0
DA:214,0
DA:216,0
DA:217,0
DA:220,0
DA:223,0
DA:224,0
DA:230,0
DA:231,0
DA:232,0
DA:238,0
DA:239,0
DA:240,0
DA:246,0
DA:247,0
DA:248,0
DA:254,0
DA:255,0
DA:256,0
DA:262,0
DA:267,0
DA:268,0
DA:269,0
DA:270,0
DA:276,0
DA:277,0
DA:279,0
DA:281,0
DA:283,0
DA:285,0
DA:287,0
DA:293,0
DA:294,0
DA:296,0
DA:297,0
DA:298,0
DA:305,0
DA:313,0
DA:316,0
DA:319,0
DA:333,0
LF:135
LH:0
BRDA:15,0,0,0
BRDA:15,0,1,0
BRDA:60,1,0,0
BRDA:60,1,1,0
BRDA:73,2,0,0
BRDA:73,2,1,0
BRDA:92,3,0,0
BRDA:92,3,1,0
BRDA:92,3,2,0
BRDA:92,3,3,0
BRDA:92,3,4,0
BRDA:92,3,5,0
BRDA:92,3,6,0
BRDA:126,4,0,0
BRDA:127,5,0,0
BRDA:127,5,1,0
BRDA:127,6,0,0
BRDA:127,6,1,0
BRDA:148,7,0,0
BRDA:148,7,1,0
BRDA:148,8,0,0
BRDA:148,8,1,0
BRDA:155,9,0,0
BRDA:155,9,1,0
BRDA:163,10,0,0
BRDA:163,10,1,0
BRDA:172,11,0,0
BRDA:172,11,1,0
[...]
DA:206,0
DA:207,0
DA:210,0
DA:211,0
DA:214,0
DA:215,0
DA:216,0
DA:217,0
DA:220,0
DA:223,0
DA:224,0
DA:226,0
DA:228,0
DA:229,0
DA:237,0
DA:239,0
DA:241,0
DA:242,0
DA:245,0
DA:246,0
DA:249,0
DA:250,0
DA:253,0
DA:254,0
DA:256,0
DA:258,0
DA:259,0
DA:267,0
DA:269,0
DA:271,0
DA:272,0
DA:275,0
DA:276,0
DA:278,0
DA:280,0
DA:281,0
DA:289,0
DA:291,0
DA:293,0
DA:294,0
DA:297,0
DA:298,0
DA:301,0
DA:302,0
DA:304,0
DA:306,0
DA:307,0
DA:315,0
DA:316,0
DA:317,0
DA:318,0
DA:319,0
DA:321,0
DA:322,0
DA:323,0
DA:324,0
DA:325,0
DA:326,0
DA:327,0
DA:328,0
DA:329,0
DA:332,0
DA:333,0
DA:334,0
DA:336,0
DA:337,0
DA:338,0
DA:339,0
DA:340,0
DA:341,0
DA:342,0
DA:344,0
DA:357,0
DA:360,0
DA:414,0
DA:432,0
DA:435,0
DA:451,0
LF:167
LH:0
BRDA:10,0,0,0
BRDA:17,1,0,0
BRDA:17,1,1,0
BRDA:18,2,0,0
BRDA:18,2,1,0
BRDA:30,3,0,0
BRDA:30,3,1,0
BRDA:34,4,0,0
BRDA:34,4,1,0
BRDA:38,5,0,0
BRDA:38,5,1,0
BRDA:62,6,0,0
BRDA:62,6,1,0
BRDA:63,7,0,0
BRDA:63,7,1,0
BRDA:64,8,0,0
BRDA:64,8,1,0
BRDA:65,9,0,0
BRDA:65,9,1,0
BRDA:69,10,0,0
BRDA:69,10,1,0
BRDA:77,11,0,0
BRDA:77,11,1,0
BRDA:81,12,0,0
BRDA:81,12,1,0
BRDA:81,13,0,0
BRDA:81,13,1,0
BRDA:85,14,0,0
BRDA:85,14,1,0
BRDA:97,15,0,0
BRDA:97,15,1,0
BRDA:101,16,0,0
BRDA:101,16,1,0
BRDA:118,17,0,0
BRDA:118,17,1,0
BRDA:150,18,0,0
BRDA:150,18,1,0
BRDA:154,19,0,0
BRDA:154,19,1,0
BRDA:158,20,0,0
BRDA:158,20,1,0
BRDA:162,21,0,0
BRDA:162,21,1,0
BRDA:168,22,0,0
BRDA:168,22,1,0
BRDA:168,23,0,0
BRDA:168,23,1,0
BRDA:217,24,0,0
BRDA:217,24,1,0
BRDA:272,25,0,0
BRDA:272,25,1,0
BRDA:275,26,0,0
BRDA:275,26,1,0
BRDA:418,27,0,0
BRDA:418,27,1,0
BRDA:419,28,0,0
BRDA:419,28,1,0
BRF:57
BRH:0
end_of_record
TN:
SF:src\scripts\theme.js
FN:6,(anonymous_0)
FN:15,getSavedTheme
FN:20,getActualTheme
FN:35,applyTheme
FN:51,applyLightTheme
FN:69,(anonymous_5)
FN:75,applyDarkTheme
FN:93,(anonymous_7)
FN:99,setTheme
FN:115,init
FN:122,(anonymous_10)
FN:131,toggleTheme
FN:139,createThemeSwitcher
FN:185,(anonymous_13)
FN:189,(anonymous_14)
FN:195,(anonymous_15)
FN:214,(anonymous_16)
FNF:17
FNH:0
FNDA:0,(anonymous_0)
FNDA:0,getSavedTheme
FNDA:0,getActualTheme
FNDA:0,applyTheme
FNDA:0,applyLightTheme
FNDA:0,(anonymous_5)
FNDA:0,applyDarkTheme
FNDA:0,(anonymous_7)
FNDA:0,setTheme
FNDA:0,init
FNDA:0,(anonymous_10)
FNDA:0,toggleTheme
FNDA:0,createThemeSwitcher
FNDA:0,(anonymous_13)
FNDA:0,(anonymous_14)
FNDA:0,(anonymous_15)
FNDA:0,(anonymous_16)
DA:6,0
DA:7,0
DA:8,0
DA:16,0
DA:21,0
DA:23,0
DA:25,0
DA:26,0
DA:28,0
DA:31,0
DA:36,0
DA:37,0
DA:39,0
DA:41,0
DA:42,0
DA:43,0
DA:45,0
DA:46,0
DA:52,0
DA:69,0
DA:70,0
DA:76,0
DA:93,0
DA:94,0
DA:100,0
DA:101,0
DA:102,0
DA:105,0
DA:106,0
DA:109,0
DA:111,0
DA:116,0
DA:117,0
DA:120,0
DA:121,0
DA:122,0
DA:123,0
DA:124,0
DA:132,0
DA:133,0
DA:134,0
DA:135,0
DA:140,0
DA:141,0
DA:143,0
DA:144,0
DA:145,0
DA:177,0
DA:180,0
DA:181,0
DA:183,0
DA:185,0
DA:186,0
DA:189,0
DA:190,0
DA:191,0
DA:195,0
DA:196,0
DA:199,0
DA:202,0
DA:214,0
DA:215,0
LF:62
LH:0
BRDA:16,0,0,0
BRDA:16,0,1,0
BRDA:23,1,0,0
BRDA:23,1,1,0
BRDA:25,2,0,0
BRDA:25,2,1,0
BRDA:25,3,0,0
BRDA:25,3,1,0
BRDA:37,4,0,0
BRDA:37,4,1,0
BRDA:41,5,0,0
BRDA:41,5,1,0
BRDA:100,6,0,0
BRDA:100,6,1,0
BRDA:120,7,0,0
BRDA:120,7,1,0
BRDA:123,8,0,0
BRDA:123,8,1,0
BRDA:133,9,0,0
BRDA:133,9,1,0
BRDA:141,10,0,0
BRDA:141,10,1,0
BRF:22
BRH:0
end_of_record
TN:
SF:src\scripts\mercado-livre\accounts-manager.js
FN:7,(anonymous_0)
FN:33,(anonymous_1)
FN:45,(anonymous_2)
FN:49,(anonymous_3)
FN:50,(anonymous_4)
FN:57,(anonymous_5)
FN:59,(anonymous_6)
FN:66,(anonymous_7)
FN:69,(anonymous_8)
FN:83,(anonymous_9)
FN:85,(anonymous_10)
FN:92,(anonymous_11)
FN:135,(anonymous_12)
FN:138,(anonymous_13)
FN:163,(anonymous_14)
FN:169,(anonymous_15)
FN:170,(anonymous_16)
FN:186,(anonymous_17)
FN:198,(anonymous_18)
FN:203,(anonymous_19)
FN:204,(anonymous_20)
FN:215,(anonymous_21)
FN:225,(anonymous_22)
FN:246,(anonymous_23)
FN:312,(anonymous_24)
FN:333,(anonymous_25)
FN:368,(anonymous_26)
FN:409,(anonymous_27)
FN:433,(anonymous_28)
FN:437,(anonymous_29)
FN:449,(anonymous_30)
FN:456,(anonymous_31)
FN:458,(anonymous_32)
FNF:33
FNH:0
FNDA:0,(anonymous_0)
FNDA:0,(anonymous_1)
FNDA:0,(anonymous_2)
FNDA:0,(anonymous_3)
FNDA:0,(anonymous_4)
FNDA:0,(anonymous_5)
FNDA:0,(anonymous_6)
FNDA:0,(anonymous_7)
FNDA:0,(anonymous_8)
FNDA:0,(anonymous_9)
FNDA:0,(anonymous_10)
FNDA:0,(anonymous_11)
FNDA:0,(anonymous_12)
FNDA:0,(anonymous_13)
FNDA:0,(anonymous_14)
FNDA:0,(anonymous_15)
FNDA:0,(anonymous_16)
FNDA:0,(anonymous_17)
FNDA:0,(anonymous_18)
FNDA:0,(anonymous_19)
FNDA:0,(anonymous_20)
FNDA:0,(anonymous_21)
FNDA:0,(anonymous_22)
FNDA:0,(anonymous_23)
FNDA:0,(anonymous_24)
FNDA:0,(anonymous_25)
FNDA:0,(anonymous_26)
FNDA:0,(anonymous_27)
FNDA:0,(anonymous_28)
FNDA:0,(anonymous_29)
FNDA:0,(anonymous_30)
FNDA:0,(anonymous_31)
FNDA:0,(anonymous_32)
DA:8,0
DA:9,0
DA:10,0
DA:11,0
DA:12,0
DA:13,0
DA:14,0
DA:23,0
DA:24,0
DA:25,0
DA:27,0
DA:34,0
DA:35,0
DA:37,0
DA:38,0
DA:46,0
DA:47,0
DA:49,0
DA:50,0
DA:58,0
DA:59,0
DA:67,0
DA:68,0
DA:69,0
DA:75,0
DA:76,0
DA:84,0
DA:85,0
DA:86,0
DA:93,0
DA:94,0
DA:111,0
DA:112,0
DA:113,0
DA:116,0
DA:118,0
DA:119,0
DA:121,0
DA:123,0
DA:124,0
DA:128,0
DA:136,0
DA:137,0
DA:138,0
DA:140,0
DA:141,0
DA:144,0
DA:150,0
DA:151,0
DA:153,0
DA:155,0
DA:156,0
DA:164,0
DA:166,0
DA:168,0
DA:169,0
DA:170,0
DA:172,0
DA:173,0
DA:174,0
DA:176,0
DA:178,0
DA:179,0
DA:187,0
DA:188,0
DA:189,0
DA:193,0
DA:194,0
DA:198,0
DA:199,0
DA:203,0
DA:204,0
DA:205,0
DA:209,0
DA:216,0
DA:217,0
DA:218,0
DA:226,0
DA:227,0
DA:228,0
DA:231,0
DA:232,0
DA:234,0
DA:235,0
DA:237,0
DA:240,0
DA:247,0
DA:248,0
DA:249,0
DA:253,0
DA:254,0
DA:255,0
DA:258,0
DA:259,0
DA:260,0
DA:263,0
DA:264,0
DA:268,0
DA:271,0
DA:277,0
DA:278,0
DA:280,0
DA:282,0
DA:287,0
DA:289,0
DA:291,0
DA:296,0
DA:298,0
DA:303,0
DA:305,0
DA:313,0
DA:314,0
DA:316,0
DA:317,0
DA:318,0
DA:319,0
DA:320,0
DA:322,0
DA:327,0
DA:334,0
DA:335,0
DA:336,0
DA:339,0
DA:340,0
DA:348,0
DA:349,0
DA:352,0
DA:353,0
DA:360,0
DA:361,0
DA:369,0
DA:370,0
DA:371,0
DA:374,0
DA:375,0
DA:386,0
DA:387,0
DA:390,0
DA:392,0
DA:398,0
DA:400,0
DA:401,0
DA:402,0
DA:410,0
DA:411,0
DA:412,0
DA:420,0
DA:421,0
DA:424,0
DA:426,0
DA:434,0
DA:435,0
DA:436,0
DA:437,0
DA:439,0
DA:441,0
DA:442,0
DA:450,0
DA:458,0
DA:459,0
DA:461,0
DA:466,0
DA:467,0
LF:163
LH:0
BRDA:7,0,0,0
BRDA:11,1,0,0
BRDA:11,1,1,0
BRDA:12,2,0,0
BRDA:12,2,1,0
BRDA:13,3,0,0
BRDA:13,3,1,0
BRDA:34,4,0,0
BRDA:34,4,1,0
BRDA:37,5,0,0
BRDA:37,5,1,0
BRDA:46,6,0,0
BRDA:46,6,1,0
BRDA:58,7,0,0
BRDA:58,7,1,0
BRDA:68,8,0,0
BRDA:68,8,1,0
BRDA:71,9,0,0
BRDA:71,9,1,0
BRDA:72,10,0,0
BRDA:72,10,1,0
BRDA:86,11,0,0
BRDA:86,11,1,0
BRDA:95,12,0,0
BRDA:95,12,1,0
BRDA:111,13,0,0
BRDA:111,13,1,0
BRDA:137,14,0,0
BRDA:137,14,1,0
BRDA:140,15,0,0
BRDA:140,15,1,0
BRDA:168,16,0,0
BRDA:168,16,1,0
BRDA:188,17,0,0
BRDA:188,17,1,0
BRDA:188,18,0,0
BRDA:188,18,1,0
BRDA:193,19,0,0
BRDA:193,19,1,0
BRDA:216,20,0,0
BRDA:216,20,1,0
BRDA:227,21,0,0
BRDA:227,21,1,0
BRDA:234,22,0,0
BRDA:234,22,1,0
BRDA:248,23,0,0
BRDA:248,23,1,0
BRDA:253,24,0,0
BRDA:253,24,1,0
BRDA:263,25,0,0
BRDA:263,25,1,0
BRDA:317,26,0,0
BRDA:317,26,1,0
BRDA:335,27,0,0
BRDA:335,27,1,0
BRDA:348,28,0,0
BRDA:348,28,1,0
BRDA:354,29,0,0
BRDA:354,29,1,0
BRDA:355,30,0,0
BRDA:355,30,1,0
BRDA:356,31,0,0
BRDA:356,31,1,0
BRDA:357,32,0,0
BRDA:357,32,1,0
BRDA:370,33,0,0
BRDA:370,33,1,0
BRDA:386,34,0,0
BRDA:386,34,1,0
BRDA:409,35,0,0
BRDA:411,36,0,0
BRDA:411,36,1,0
BRDA:420,37,0,0
BRDA:420,37,1,0
BRDA:433,38,0,0
BRDA:435,39,0,0
BRDA:435,39,1,0
BRDA:436,40,0,0
BRDA:436,40,1,0
BRDA:466,41,0,0
BRDA:466,41,1,0
BRDA:466,42,0,0
BRDA:466,42,1,0
BRF:83
BRH:0
end_of_record
TN:
SF:src\scripts\mercado-livre\api-client.js
FN:7,(anonymous_0)
FN:21,(anonymous_1)
FN:81,(anonymous_2)
FN:83,(anonymous_3)
FN:104,(anonymous_4)
FN:123,(anonymous_5)
FN:124,(anonymous_6)
FN:130,(anonymous_7)
FN:137,(anonymous_8)
FN:141,(anonymous_9)
FN:145,(anonymous_10)
FN:151,(anonymous_11)
FN:158,(anonymous_12)
FN:162,(anonymous_13)
FN:167,(anonymous_14)
FN:171,(anonymous_15)
FN:177,(anonymous_16)
FN:189,(anonymous_17)
FN:199,(anonymous_18)
FN:203,(anonymous_19)
FN:210,(anonymous_20)
FN:214,(anonymous_21)
FN:219,(anonymous_22)
FN:231,(anonymous_23)
FN:238,(anonymous_24)
FN:244,(anonymous_25)
FN:254,(anonymous_26)
FN:261,(anonymous_27)
FN:267,(anonymous_28)
FNF:29
FNH:0
FNDA:0,(anonymous_0)
FNDA:0,(anonymous_1)
FNDA:0,(anonymous_2)
FNDA:0,(anonymous_3)
FNDA:0,(anonymous_4)
FNDA:0,(anonymous_5)
FNDA:0,(anonymous_6)
FNDA:0,(anonymous_7)
FNDA:0,(anonymous_8)
FNDA:0,(anonymous_9)
FNDA:0,(anonymous_10)
FNDA:0,(anonymous_11)
FNDA:0,(anonymous_12)
FNDA:0,(anonymous_13)
FNDA:0,(anonymous_14)
FNDA:0,(anonymous_15)
FNDA:0,(anonymous_16)
FNDA:0,(anonymous_17)
FNDA:0,(anonymous_18)
FNDA:0,(anonymous_19)
FNDA:0,(anonymous_20)
FNDA:0,(anonymous_21)
FNDA:0,(anonymous_22)
FNDA:0,(anonymous_23)
FNDA:0,(anonymous_24)
FNDA:0,(anonymous_25)
FNDA:0,(anonymous_26)
FNDA:0,(anonymous_27)
FNDA:0,(anonymous_28)
DA:8,0
DA:9,0
DA:10,0
DA:11,0
DA:12,0
DA:13,0
DA:14,0
DA:15,0
DA:22,0
DA:25,0
DA:26,0
DA:27,0
DA:28,0
DA:29,0
DA:35,0
DA:36,0
DA:37,0
DA:40,0
DA:41,0
DA:47,0
DA:50,0
DA:53,0
DA:54,0
DA:56,0
DA:57,0
DA:59,0
DA:60,0
DA:62,0
DA:63,0
DA:67,0
DA:68,0
DA:69,0
DA:70,0
DA:75,0
DA:82,0
DA:83,0
DA:85,0
DA:86,0
DA:87,0
DA:97,0
DA:98,0
DA:101,0
DA:103,0
DA:104,0
DA:105,0
DA:108,0
DA:109,0
DA:110,0
DA:113,0
DA:116,0
DA:124,0
DA:131,0
DA:132,0
DA:138,0
DA:142,0
DA:146,0
DA:152,0
DA:159,0
DA:163,0
DA:164,0
DA:168,0
DA:172,0
DA:178,0
DA:183,0
DA:190,0
DA:191,0
DA:193,0
DA:200,0
DA:204,0
DA:205,0
DA:211,0
DA:215,0
DA:216,0
DA:220,0
DA:232,0
DA:239,0
DA:245,0
DA:246,0
DA:255,0
DA:262,0
DA:268,0
DA:276,0
LF:82
LH:0
BRDA:21,0,0,0
BRDA:21,1,0,0
BRDA:25,2,0,0
BRDA:25,2,1,0
BRDA:25,3,0,0
BRDA:25,3,1,0
BRDA:25,3,2,0
BRDA:27,4,0,0
BRDA:27,4,1,0
BRDA:40,5,0,0
BRDA:40,5,1,0
BRDA:53,6,0,0
BRDA:53,6,1,0
BRDA:56,7,0,0
BRDA:56,7,1,0
BRDA:59,8,0,0
BRDA:59,8,1,0
BRDA:62,9,0,0
BRDA:62,9,1,0
BRDA:67,10,0,0
BRDA:67,10,1,0
BRDA:81,11,0,0
BRDA:97,12,0,0
BRDA:97,12,1,0
BRDA:103,13,0,0
BRDA:103,13,1,0
BRDA:106,14,0,0
BRDA:106,14,1,0
BRDA:106,14,2,0
BRDA:151,15,0,0
BRDA:151,16,0,0
BRDA:177,17,0,0
BRDA:189,18,0,0
BRDA:267,19,0,0
BRF:34
BRH:0
end_of_record
TN:
SF:src\scripts\mercado-livre\auth.js
FN:7,(anonymous_0)
FN:18,(anonymous_1)
FN:39,(anonymous_2)
FN:105,(anonymous_3)
FN:137,(anonymous_4)
FN:160,(anonymous_5)
FN:208,(anonymous_6)
FN:228,(anonymous_7)
FN:236,(anonymous_8)
FNF:9
FNH:0
FNDA:0,(anonymous_0)
FNDA:0,(anonymous_1)
FNDA:0,(anonymous_2)
FNDA:0,(anonymous_3)
FNDA:0,(anonymous_4)
FNDA:0,(anonymous_5)
FNDA:0,(anonymous_6)
FNDA:0,(anonymous_7)
FNDA:0,(anonymous_8)
DA:8,0
DA:9,0
DA:10,0
DA:11,0
DA:12,0
DA:19,0
DA:21,0
DA:30,0
DA:32,0
DA:40,0
DA:41,0
DA:42,0
DA:43,0
DA:44,0
DA:46,0
DA:47,0
DA:50,0
DA:51,0
DA:55,0
DA:56,0
DA:57,0
DA:61,0
DA:64,0
DA:65,0
DA:79,0
DA:81,0
DA:93,0
DA:94,0
DA:106,0
DA:107,0
DA:109,0
DA:115,0
DA:116,0
DA:117,0
DA:120,0
DA:122,0
DA:123,0
DA:126,0
DA:129,0
DA:130,0
DA:138,0
DA:139,0
DA:145,0
DA:146,0
DA:149,0
DA:152,0
DA:153,0
DA:161,0
DA:162,0
DA:163,0
DA:164,0
DA:168,0
DA:169,0
DA:175,0
DA:176,0
DA:177,0
DA:180,0
DA:182,0
DA:183,0
DA:187,0
DA:193,0
DA:200,0
DA:201,0
DA:209,0
DA:211,0
DA:212,0
DA:216,0
DA:217,0
DA:221,0
DA:222,0
DA:229,0
DA:237,0
DA:239,0
DA:240,0
DA:246,0
DA:250,0
DA:255,0
LF:77
LH:0
BRDA:8,0,0,0
BRDA:8,0,1,0
BRDA:9,1,0,0
BRDA:9,1,1,0
BRDA:18,2,0,0
BRDA:19,3,0,0
BRDA:19,3,1,0
BRDA:46,4,0,0
BRDA:46,4,1,0
BRDA:50,5,0,0
BRDA:50,5,1,0
BRDA:56,6,0,0
BRDA:56,6,1,0
BRDA:72,7,0,0
BRDA:72,7,1,0
BRDA:73,8,0,0
BRDA:73,8,1,0
BRDA:115,9,0,0
BRDA:115,9,1,0
BRDA:117,10,0,0
BRDA:117,10,1,0
BRDA:122,11,0,0
BRDA:122,11,1,0
BRDA:123,12,0,0
BRDA:123,12,1,0
BRDA:145,13,0,0
BRDA:145,13,1,0
BRDA:163,14,0,0
BRDA:163,14,1,0
BRDA:175,15,0,0
BRDA:175,15,1,0
BRDA:177,16,0,0
BRDA:177,16,1,0
BRDA:182,17,0,0
BRDA:182,17,1,0
BRDA:183,18,0,0
BRDA:183,18,1,0
BRDA:211,19,0,0
BRDA:211,19,1,0
BRDA:216,20,0,0
BRDA:216,20,1,0
BRDA:216,21,0,0
BRDA:216,21,1,0
BRF:43
BRH:0
end_of_record
TN:
SF:src\scripts\mercado-livre\frontend-integration.js
FN:7,(anonymous_0)
FN:20,(anonymous_1)
FN:47,(anonymous_2)
FN:55,(anonymous_3)
FN:59,(anonymous_4)
FN:69,(anonymous_5)
FN:72,(anonymous_6)
FN:76,(anonymous_7)
FN:80,(anonymous_8)
FN:84,(anonymous_9)
FN:88,(anonymous_10)
FN:96,(anonymous_11)
FN:99,(anonymous_12)
FN:109,(anonymous_13)
FN:124,(anonymous_14)
FN:137,(anonymous_15)
FN:148,(anonymous_16)
FN:161,(anonymous_17)
FN:174,(anonymous_18)
FN:181,(anonymous_19)
FN:188,(anonymous_20)
FN:195,(anonymous_21)
FN:206,(anonymous_22)
FN:217,(anonymous_23)
FN:228,(anonymous_24)
FN:239,(anonymous_25)
FN:250,(anonymous_26)
FN:261,(anonymous_27)
FN:273,(anonymous_28)
FN:278,(anonymous_29)
FNF:30
FNH:0
FNDA:0,(anonymous_0)
FNDA:0,(anonymous_1)
FNDA:0,(anonymous_2)
FNDA:0,(anonymous_3)
FNDA:0,(anonymous_4)
FNDA:0,(anonymous_5)
FNDA:0,(anonymous_6)
FNDA:0,(anonymous_7)
FNDA:0,(anonymous_8)
FNDA:0,(anonymous_9)
FNDA:0,(anonymous_10)
FNDA:0,(anonymous_11)
FNDA:0,(anonymous_12)
FNDA:0,(anonymous_13)
FNDA:0,(anonymous_14)
FNDA:0,(anonymous_15)
FNDA:0,(anonymous_16)
FNDA:0,(anonymous_17)
FNDA:0,(anonymous_18)
FNDA:0,(anonymous_19)
FNDA:0,(anonymous_20)
FNDA:0,(anonymous_21)
FNDA:0,(anonymous_22)
FNDA:0,(anonymous_23)
FNDA:0,(anonymous_24)
FNDA:0,(anonymous_25)
FNDA:0,(anonymous_26)
FNDA:0,(anonymous_27)
FNDA:0,(anonymous_28)
FNDA:0,(anonymous_29)
DA:8,0
DA:9,0
DA:21,0
DA:23,0
DA:26,0
DA:32,0
DA:35,0
DA:37,0
DA:39,0
DA:40,0
DA:48,0
DA:53,0
DA:54,0
DA:55,0
DA:56,0
DA:57,0
DA:58,0
DA:59,0
DA:60,0
DA:70,0
DA:72,0
DA:73,0
DA:76,0
DA:77,0
DA:80,0
DA:81,0
DA:84,0
DA:85,0
DA:88,0
DA:89,0
DA:97,0
DA:99,0
DA:100,0
DA:101,0
DA:111,0
DA:118,0
DA:125,0
DA:131,0
DA:138,0
DA:149,0
DA:155,0
DA:162,0
DA:168,0
DA:175,0
DA:182,0
DA:189,0
DA:196,0
DA:197,0
DA:200,0
DA:207,0
DA:208,0
DA:211,0
DA:218,0
DA:219,0
DA:222,0
DA:229,0
DA:230,0
DA:233,0
DA:240,0
DA:241,0
DA:244,0
DA:251,0
DA:252,0
DA:255,0
DA:262,0
DA:263,0
DA:264,0
DA:270,0
DA:273,0
DA:274,0
DA:275,0
DA:276,0
DA:277,0
DA:278,0
DA:279,0
DA:285,0
DA:286,0
LF:77
LH:0
BRDA:7,0,0,0
BRDA:10,1,0,0
BRDA:10,1,1,0
BRDA:11,2,0,0
BRDA:11,2,1,0
BRDA:12,3,0,0
BRDA:12,3,1,0
BRDA:54,4,0,0
BRDA:54,4,1,0
BRDA:70,5,0,0
BRDA:70,5,1,0
BRDA:100,6,0,0
BRDA:100,6,1,0
BRDA:182,7,0,0
BRDA:182,7,1,0
BRDA:196,8,0,0
BRDA:196,8,1,0
BRDA:207,9,0,0
BRDA:207,9,1,0
BRDA:218,10,0,0
BRDA:218,10,1,0
BRDA:229,11,0,0
BRDA:229,11,1,0
BRDA:240,12,0,0
BRDA:240,12,1,0
BRDA:250,13,0,0
BRDA:251,14,0,0
BRDA:251,14,1,0
BRDA:262,15,0,0
BRDA:262,15,1,0
BRDA:275,16,0,0
BRDA:275,16,1,0
BRDA:276,17,0,0
BRDA:276,17,1,0
BRDA:285,18,0,0
BRDA:285,18,1,0
BRDA:285,19,0,0
BRDA:285,19,1,0
BRF:38
BRH:0
end_of_record
TN:
SF:src\scripts\mercado-livre\oauth-handler.js
FN:7,(anonymous_0)
FN:18,(anonymous_1)
FN:41,(anonymous_2)
FN:54,(anonymous_3)
FN:57,(anonymous_4)
FN:63,(anonymous_5)
FN:67,(anonymous_6)
FN:80,(anonymous_7)
FN:115,(anonymous_8)
FNF:9
FNH:0
FNDA:0,(anonymous_0)
FNDA:0,(anonymous_1)
FNDA:0,(anonymous_2)
FNDA:0,(anonymous_3)
FNDA:0,(anonymous_4)
FNDA:0,(anonymous_5)
FNDA:0,(anonymous_6)
FNDA:0,(anonymous_7)
FNDA:0,(anonymous_8)
DA:8,0
DA:9,0
DA:10,0
DA:11,0
DA:12,0
DA:19,0
DA:20,0
DA:23,0
DA:24,0
DA:25,0
DA:26,0
DA:28,0
DA:29,0
DA:30,0
DA:32,0
DA:33,0
DA:42,0
DA:43,0
DA:45,0
DA:55,0
DA:56,0
DA:57,0
DA:64,0
DA:65,0
DA:68,0
DA:69,0
DA:70,0
DA:81,0
DA:83,0
DA:86,0
DA:89,0
DA:92,0
DA:93,0
DA:96,0
DA:97,0
DA:98,0
DA:99,0
DA:100,0
DA:101,0
DA:102,0
DA:105,0
DA:107,0
DA:108,0
DA:116,0
DA:118,0
DA:119,0
DA:122,0
DA:123,0
DA:134,0
DA:135,0
DA:138,0
DA:141,0
DA:142,0
DA:144,0
DA:146,0
DA:147,0
DA:153,0
DA:154,0
LF:58
LH:0
BRDA:7,0,0,0
BRDA:10,1,0,0
BRDA:10,1,1,0
BRDA:19,2,0,0
BRDA:19,2,1,0
BRDA:25,3,0,0
BRDA:25,3,1,0
BRDA:118,4,0,0
BRDA:118,4,1,0
BRDA:134,5,0,0
BRDA:134,5,1,0
BRDA:153,6,0,0
BRDA:153,6,1,0
BRDA:153,7,0,0
BRDA:153,7,1,0
BRF:15
BRH:0
end_of_record
TN:
SF:src\scripts\mercado-livre\secure-storage.js
FN:7,(anonymous_0)
FN:15,(anonymous_1)
FN:54,(anonymous_2)
FN:57,(anonymous_3)
FN:76,(anonymous_4)
FN:89,(anonymous_5)
FN:92,(anonymous_6)
FN:115,(anonymous_7)
FN:118,(anonymous_8)
FN:130,(anonymous_9)
FN:132,(anonymous_10)
FN:142,(anonymous_11)
FN:198,(anonymous_12)
FN:204,(anonymous_13)
FN:252,(anonymous_14)
FNF:15
FNH:0
FNDA:0,(anonymous_0)
FNDA:0,(anonymous_1)
FNDA:0,(anonymous_2)
FNDA:0,(anonymous_3)
FNDA:0,(anonymous_4)
FNDA:0,(anonymous_5)
FNDA:0,(anonymous_6)
FNDA:0,(anonymous_7)
FNDA:0,(anonymous_8)
FNDA:0,(anonymous_9)
FNDA:0,(anonymous_10)
FNDA:0,(anonymous_11)
FNDA:0,(anonymous_12)
FNDA:0,(anonymous_13)
FNDA:0,(anonymous_14)
DA:8,0
DA:9,0
DA:16,0
DA:17,0
DA:20,0
DA:21,0
DA:25,0
DA:26,0
DA:28,0
DA:39,0
DA:40,0
DA:42,0
DA:43,0
DA:46,0
DA:47,0
DA:55,0
DA:56,0
DA:57,0
DA:59,0
DA:62,0
DA:63,0
DA:65,0
DA:68,0
DA:69,0
DA:77,0
DA:78,0
DA:79,0
DA:81,0
DA:82,0
DA:90,0
DA:91,0
DA:92,0
DA:94,0
DA:95,0
DA:99,0
DA:100,0
DA:101,0
DA:103,0
DA:104,0
DA:107,0
DA:108,0
DA:116,0
DA:117,0
DA:118,0
DA:119,0
DA:120,0
DA:122,0
DA:123,0
DA:131,0
DA:132,0
DA:134,0
DA:136,0
DA:143,0
DA:144,0
DA:145,0
DA:148,0
DA:149,0
DA:152,0
DA:160,0
DA:174,0
DA:181,0
DA:182,0
DA:183,0
DA:184,0
DA:187,0
DA:190,0
DA:191,0
DA:199,0
DA:200,0
DA:203,0
DA:204,0
DA:208,0
DA:209,0
DA:210,0
DA:213,0
DA:221,0
DA:235,0
DA:241,0
DA:244,0
DA:245,0
DA:253,0
DA:254,0
DA:259,0
LF:83
LH:0
BRDA:20,0,0,0
BRDA:20,0,1,0
BRDA:20,1,0,0
BRDA:20,1,1,0
BRDA:30,2,0,0
BRDA:30,2,1,0
BRDA:31,3,0,0
BRDA:31,3,1,0
BRDA:59,4,0,0
BRDA:59,4,1,0
BRDA:79,5,0,0
BRDA:79,5,1,0
BRDA:94,6,0,0
BRDA:94,6,1,0
BRDA:134,7,0,0
BRDA:134,7,1,0
BRF:16
BRH:0
end_of_record
TN:
SF:src\scripts\mercado-livre\sync-manager.js
FN:7,(anonymous_0)
FN:21,(anonymous_1)
FN:68,(anonymous_2)
FN:111,(anonymous_3)
FN:185,(anonymous_4)
FN:193,(anonymous_5)
FN:203,(anonymous_6)
FN:215,(anonymous_7)
FN:231,(anonymous_8)
FN:240,(anonymous_9)
FN:254,(anonymous_10)
FN:272,(anonymous_11)
FN:278,(anonymous_12)
FN:290,(anonymous_13)
FN:306,(anonymous_14)
FN:316,(anonymous_15)
FN:324,(anonymous_16)
FN:333,(anonymous_17)
FN:361,(anonymous_18)
FNF:19
FNH:0
FNDA:0,(anonymous_0)
FNDA:0,(anonymous_1)
FNDA:0,(anonymous_2)
FNDA:0,(anonymous_3)
FNDA:0,(anonymous_4)
FNDA:0,(anonymous_5)
FNDA:0,(anonymous_6)
FNDA:0,(anonymous_7)
FNDA:0,(anonymous_8)
FNDA:0,(anonymous_9)
FNDA:0,(anonymous_10)
FNDA:0,(anonymous_11)
FNDA:0,(anonymous_12)
FNDA:0,(anonymous_13)
FNDA:0,(anonymous_14)
FNDA:0,(anonymous_15)
FNDA:0,(anonymous_16)
FNDA:0,(anonymous_17)
FNDA:0,(anonymous_18)
DA:8,0
DA:9,0
DA:10,0
DA:11,0
DA:12,0
DA:13,0
DA:15,0
DA:22,0
DA:23,0
DA:24,0
DA:26,0
DA:27,0
DA:29,0
DA:30,0
DA:31,0
DA:35,0
DA:36,0
DA:38,0
DA:45,0
DA:48,0
DA:49,0
DA:57,0
DA:60,0
DA:61,0
DA:69,0
DA:70,0
DA:72,0
DA:73,0
DA:74,0
DA:81,0
DA:82,0
DA:84,0
DA:91,0
DA:94,0
DA:95,0
DA:97,0
DA:105,0
DA:112,0
DA:113,0
DA:124,0
DA:127,0
DA:128,0
DA:129,0
DA:131,0
DA:135,0
DA:136,0
DA:137,0
DA:139,0
DA:143,0
DA:144,0
DA:145,0
DA:146,0
DA:148,0
DA:152,0
DA:153,0
DA:154,0
DA:155,0
DA:157,0
DA:161,0
DA:162,0
DA:166,0
DA:168,0
DA:172,0
DA:174,0
DA:177,0
DA:178,0
DA:186,0
DA:187,0
DA:190,0
DA:192,0
DA:193,0
DA:197,0
DA:204,0
DA:205,0
DA:206,0
DA:208,0
DA:209,0
DA:216,0
DA:217,0
DA:221,0
DA:222,0
DA:223,0
DA:225,0
DA:232,0
DA:233,0
DA:234,0
DA:241,0
DA:242,0
DA:244,0
DA:245,0
DA:248,0
DA:255,0
DA:256,0
DA:266,0
DA:267,0
DA:269,0
DA:270,0
DA:272,0
DA:274,0
DA:279,0
DA:283,0
DA:284,0
DA:285,0
DA:288,0
DA:289,0
DA:290,0
DA:291,0
DA:293,0
DA:294,0
DA:298,0
DA:300,0
DA:307,0
DA:308,0
DA:309,0
DA:317,0
DA:318,0
DA:325,0
DA:326,0
DA:327,0
DA:334,0
DA:336,0
DA:339,0
DA:342,0
DA:343,0
DA:346,0
DA:348,0
DA:350,0
DA:353,0
DA:354,0
DA:362,0
DA:367,0
LF:131
LH:0
BRDA:29,0,0,0
BRDA:29,0,1,0
BRDA:145,1,0,0
BRDA:145,1,1,0
BRDA:154,2,0,0
BRDA:154,2,1,0
BRDA:185,3,0,0
BRDA:186,4,0,0
BRDA:186,4,1,0
BRDA:204,5,0,0
BRDA:204,5,1,0
BRDA:215,6,0,0
BRDA:216,7,0,0
BRDA:216,7,1,0
BRDA:217,8,0,0
BRDA:217,8,1,0
BRDA:234,9,0,0
BRDA:234,9,1,0
BRDA:270,10,0,0
BRDA:270,10,1,0
BRDA:275,11,0,0
BRDA:275,11,1,0
BRDA:276,12,0,0
BRDA:276,12,1,0
BRDA:277,13,0,0
BRDA:277,13,1,0
BRDA:278,14,0,0
BRDA:278,14,1,0
BRDA:279,15,0,0
BRDA:279,15,1,0
BRDA:283,16,0,0
BRDA:283,16,1,0
BRDA:284,17,0,0
BRDA:284,17,1,0
BRDA:288,18,0,0
BRDA:288,18,1,0
BRDA:289,19,0,0
BRDA:289,19,1,0
BRDA:291,20,0,0
BRDA:291,20,1,0
BRDA:298,21,0,0
BRDA:298,21,1,0
BRDA:308,22,0,0
BRDA:308,22,1,0
BRF:44
BRH:0
end_of_record
